<?xml version="1.0" encoding="UTF-8"?>
<testsuites name="EventHubAPI - E2E" tests="21" time="5.622">
  <testsuite name="Event Bookings Business Flow / Register New User" id="50d6bcfa-ef6c-404d-97d1-e748bc6e6d96" timestamp="2026-09-02T04:26:34.729Z" tests="6" failures="0" errors="0" time="0.801">
    <testcase name="Response status code should be 201" time="0.801" classname="EventBookingsBusinessFlowRegisterNewUser"/>
    <testcase name="success should be true" time="0.801" classname="EventBookingsBusinessFlowRegisterNewUser"/>
    <testcase name="token should be a non-empty string" time="0.801" classname="EventBookingsBusinessFlowRegisterNewUser"/>
    <testcase name="Response contains created user id and email" time="0.801" classname="EventBookingsBusinessFlowRegisterNewUser"/>
    <testcase name="Set e2e_testUserID collection variable" time="0.801" classname="EventBookingsBusinessFlowRegisterNewUser"/>
    <testcase name="Set e2e_authToken environment variable" time="0.801" classname="EventBookingsBusinessFlowRegisterNewUser"/>
  </testsuite>
  <testsuite name="Event Bookings Business Flow / Login New User" id="76e856e4-942c-43d1-be66-406594a3f8ec" timestamp="2026-09-02T04:26:34.729Z" tests="5" failures="0" errors="0" time="0.321">
    <testcase name="Response status code should be 200" time="0.321" classname="EventBookingsBusinessFlowLoginNewUser"/>
    <testcase name="success should be true" time="0.321" classname="EventBookingsBusinessFlowLoginNewUser"/>
    <testcase name="Response has token property and not empty" time="0.321" classname="EventBookingsBusinessFlowLoginNewUser"/>
    <testcase name="Response contains login user id and email" time="0.321" classname="EventBookingsBusinessFlowLoginNewUser"/>
    <testcase name="Extract token and set e2e_authToken environment variable" time="0.321" classname="EventBookingsBusinessFlowLoginNewUser"/>
  </testsuite>
  <testsuite name="Event Bookings Business Flow / Get Authenticated User" id="24ba3612-5ac1-40ae-b3fc-68ca04e872a5" timestamp="2026-09-02T04:26:34.729Z" tests="3" failures="0" errors="0" time="0.233">
    <testcase name="Response status code should be 200" time="0.233" classname="EventBookingsBusinessFlowGetAuthenticatedUser"/>
    <testcase name="success should be true" time="0.233" classname="EventBookingsBusinessFlowGetAuthenticatedUser"/>
    <testcase name="Response contains authenticated user with correct id and email" time="0.233" classname="EventBookingsBusinessFlowGetAuthenticatedUser"/>
  </testsuite>
  <testsuite name="Event Bookings Business Flow / Create a new event" id="78395de6-a394-4c8e-8b3d-8823f1a0f277" timestamp="2026-09-02T04:26:34.729Z" tests="5" failures="0" errors="0" time="0.244">
    <testcase name="Status code should be 201" time="0.244" classname="EventBookingsBusinessFlowCreateANewEvent"/>
    <testcase name="Response success should be true" time="0.244" classname="EventBookingsBusinessFlowCreateANewEvent"/>
    <testcase name="Response message should be 'Event created successfully'" time="0.244" classname="EventBookingsBusinessFlowCreateANewEvent"/>
    <testcase name="Save eventID as collection variable" time="0.244" classname="EventBookingsBusinessFlowCreateANewEvent"/>
    <testcase name="Validate event data properties" time="0.244" classname="EventBookingsBusinessFlowCreateANewEvent"/>
  </testsuite>
  <testsuite name="Event Bookings Business Flow / Get a single event by ID" id="62ce5494-3b41-43a5-ba85-3500b2572e5c" timestamp="2026-09-02T04:26:34.729Z" tests="2" failures="0" errors="0" time="0.235">
    <testcase name="Response status code should be 200" time="0.235" classname="EventBookingsBusinessFlowGetASingleEventById"/>
    <testcase name="Validate event data properties" time="0.235" classname="EventBookingsBusinessFlowGetASingleEventById"/>
  </testsuite>
  <testsuite name="Event Bookings Business Flow / Create a booking" id="3c25e968-8206-49da-8cf5-46db8cc9c61a" timestamp="2026-09-02T04:26:34.729Z" tests="7" failures="1" errors="0" time="0.245">
    <testcase name="Status code should be 201" time="0.245" classname="EventBookingsBusinessFlowCreateABooking"/>
    <testcase name="Response success should be true" time="0.245" classname="EventBookingsBusinessFlowCreateABooking"/>
    <testcase name="Response message should be 'Booking confirmed!'" time="0.245" classname="EventBookingsBusinessFlowCreateABooking"/>
    <testcase name="Save booking ID and reference code as collection variables" time="0.245" classname="EventBookingsBusinessFlowCreateABooking"/>
    <testcase name="Available seats should be reduced after booking" time="0.245" classname="EventBookingsBusinessFlowCreateABooking"/>
    <testcase name="Validate booking data properties" time="0.245" classname="EventBookingsBusinessFlowCreateABooking"/>
    <testcase name="(BUG-001) Validate event object properties in booking response" time="0.245" classname="EventBookingsBusinessFlowCreateABooking">
      <failure type="AssertionFailure" message="expected 300 to equal 295">
        <![CDATA[Failed 1 times.]]>
        <![CDATA[Collection JSON ID: 980b4821-2d15-4e5e-a808-2db803dec8ca.]]>
        <![CDATA[Collection name: EventHubAPI - E2E.]]>
        <![CDATA[Request name: Event Bookings Business Flow / Create a booking.]]>
        <![CDATA[Test description: (BUG-001) Validate event object properties in booking response.]]>
        <![CDATA[Error message: expected 300 to equal 295.]]>
        <![CDATA[Stacktrace: AssertionError: expected 300 to equal 295
   at Object.eval sandbox-script.js:7:6).]]>
      </failure>
    </testcase>
  </testsuite>
  <testsuite name="Event Bookings Business Flow / Get a single booking by ID" id="ed05a82d-ee3b-41c6-aa7f-22452a43ea2d" timestamp="2026-09-02T04:26:34.729Z" tests="4" failures="1" errors="0" time="0.235">
    <testcase name="Response status code should be 200" time="0.235" classname="EventBookingsBusinessFlowGetASingleBookingById"/>
    <testcase name="success should be true" time="0.235" classname="EventBookingsBusinessFlowGetASingleBookingById"/>
    <testcase name="Validate booking data object properties" time="0.235" classname="EventBookingsBusinessFlowGetASingleBookingById"/>
    <testcase name="(BUG-001) Validate data event object properties" time="0.235" classname="EventBookingsBusinessFlowGetASingleBookingById">
      <failure type="AssertionFailure" message="expected 300 to equal 295">
        <![CDATA[Failed 1 times.]]>
        <![CDATA[Collection JSON ID: 980b4821-2d15-4e5e-a808-2db803dec8ca.]]>
        <![CDATA[Collection name: EventHubAPI - E2E.]]>
        <![CDATA[Request name: Event Bookings Business Flow / Get a single booking by ID.]]>
        <![CDATA[Test description: (BUG-001) Validate data event object properties.]]>
        <![CDATA[Error message: expected 300 to equal 295.]]>
        <![CDATA[Stacktrace: AssertionError: expected 300 to equal 295
   at Object.eval sandbox-script.js:4:7).]]>
      </failure>
    </testcase>
  </testsuite>
  <testsuite name="Event Bookings Business Flow / Look up a booking using a reference code" id="092d9640-316c-4774-842e-077c66dd82c5" timestamp="2026-09-02T04:26:34.729Z" tests="4" failures="1" errors="0" time="0.234">
    <testcase name="Response status code should be 200" time="0.234" classname="EventBookingsBusinessFlowLookUpABookingUsingAReferenceCode"/>
    <testcase name="success should be true" time="0.234" classname="EventBookingsBusinessFlowLookUpABookingUsingAReferenceCode"/>
    <testcase name="Validate booking data object properties" time="0.234" classname="EventBookingsBusinessFlowLookUpABookingUsingAReferenceCode"/>
    <testcase name="(BUG-001) Validate data event object properties" time="0.234" classname="EventBookingsBusinessFlowLookUpABookingUsingAReferenceCode">
      <failure type="AssertionFailure" message="expected 300 to equal 295">
        <![CDATA[Failed 1 times.]]>
        <![CDATA[Collection JSON ID: 980b4821-2d15-4e5e-a808-2db803dec8ca.]]>
        <![CDATA[Collection name: EventHubAPI - E2E.]]>
        <![CDATA[Request name: Event Bookings Business Flow / Look up a booking using a reference code.]]>
        <![CDATA[Test description: (BUG-001) Validate data event object properties.]]>
        <![CDATA[Error message: expected 300 to equal 295.]]>
        <![CDATA[Stacktrace: AssertionError: expected 300 to equal 295
   at Object.eval sandbox-script.js:4:8).]]>
      </failure>
    </testcase>
  </testsuite>
  <testsuite name="Event Bookings Business Flow / List all bookings" id="b9f2548e-6b3a-4cce-89a3-02a2acc3c766" timestamp="2026-09-02T04:26:34.729Z" tests="6" failures="0" errors="0" time="0.234">
    <testcase name="Response status code should be 200" time="0.234" classname="EventBookingsBusinessFlowListAllBookings"/>
    <testcase name="success should be true" time="0.234" classname="EventBookingsBusinessFlowListAllBookings"/>
    <testcase name="The 'data' array is not empty and not null" time="0.234" classname="EventBookingsBusinessFlowListAllBookings"/>
    <testcase name="Each property in the 'data' array has the expected properties" time="0.234" classname="EventBookingsBusinessFlowListAllBookings"/>
    <testcase name="Pagination values are correct" time="0.234" classname="EventBookingsBusinessFlowListAllBookings"/>
    <testcase name="Validate total quantity of booked tickets" time="0.234" classname="EventBookingsBusinessFlowListAllBookings"/>
  </testsuite>
  <testsuite name="Event Bookings Business Flow / Update an event (BUG-001)" id="b59c153d-12e3-4c8d-a8e2-bfb12e0a16e4" timestamp="2026-09-02T04:26:34.729Z" tests="8" failures="1" errors="0" time="0.242">
    <testcase name="Pre-request: Updated event title: Event_Updated_API_20260902-042636167" time="0.242" classname="EventBookingsBusinessFlowUpdateAnEventBug001"/>
    <testcase name="Pre-request: Update event title and set as collection variable" time="0.242" classname="EventBookingsBusinessFlowUpdateAnEventBug001"/>
    <testcase name="Pre-request: Set updated event price and total seats and save as collection variables" time="0.242" classname="EventBookingsBusinessFlowUpdateAnEventBug001"/>
    <testcase name="Response status code should be 200" time="0.242" classname="EventBookingsBusinessFlowUpdateAnEventBug001"/>
    <testcase name="success should be true" time="0.242" classname="EventBookingsBusinessFlowUpdateAnEventBug001"/>
    <testcase name="(BUG-001) Validate event data properties" time="0.242" classname="EventBookingsBusinessFlowUpdateAnEventBug001">
      <failure type="AssertionFailure" message="expected 300 to equal 545">
        <![CDATA[Failed 1 times.]]>
        <![CDATA[Collection JSON ID: 980b4821-2d15-4e5e-a808-2db803dec8ca.]]>
        <![CDATA[Collection name: EventHubAPI - E2E.]]>
        <![CDATA[Request name: Event Bookings Business Flow / Update an event (BUG-001).]]>
        <![CDATA[Test description: (BUG-001) Validate event data properties.]]>
        <![CDATA[Error message: expected 300 to equal 545.]]>
        <![CDATA[Stacktrace: AssertionError: expected 300 to equal 545
   at Object.eval sandbox-script.js:3:10).]]>
      </failure>
    </testcase>
    <testcase name="message should be 'Event updated successfully'" time="0.242" classname="EventBookingsBusinessFlowUpdateAnEventBug001"/>
    <testcase name="Sync eventTotalSeats and eventCurrentAvailableSeats after update" time="0.242" classname="EventBookingsBusinessFlowUpdateAnEventBug001"/>
  </testsuite>
  <testsuite name="Event Bookings Business Flow / Get a single event by ID (BUG-001)" id="9911a356-7f38-4a66-89c0-af9d227cb0c9" timestamp="2026-09-02T04:26:34.729Z" tests="3" failures="1" errors="0" time="0.234">
    <testcase name="Response status code should be 200" time="0.234" classname="EventBookingsBusinessFlowGetASingleEventByIdBug001"/>
    <testcase name="success should be true" time="0.234" classname="EventBookingsBusinessFlowGetASingleEventByIdBug001"/>
    <testcase name="(BUG-001) Validate event data properties" time="0.234" classname="EventBookingsBusinessFlowGetASingleEventByIdBug001">
      <failure type="AssertionFailure" message="expected 295 to equal 545">
        <![CDATA[Failed 1 times.]]>
        <![CDATA[Collection JSON ID: 980b4821-2d15-4e5e-a808-2db803dec8ca.]]>
        <![CDATA[Collection name: EventHubAPI - E2E.]]>
        <![CDATA[Request name: Event Bookings Business Flow / Get a single event by ID (BUG-001).]]>
        <![CDATA[Test description: (BUG-001) Validate event data properties.]]>
        <![CDATA[Error message: expected 295 to equal 545.]]>
        <![CDATA[Stacktrace: AssertionError: expected 295 to equal 545
   at Object.eval sandbox-script.js:3:11).]]>
      </failure>
    </testcase>
  </testsuite>
  <testsuite name="Event Bookings Business Flow / Look up a booking using a reference code" id="845f94c3-a750-465d-8aff-37017146986d" timestamp="2026-09-02T04:26:34.729Z" tests="4" failures="1" errors="0" time="0.234">
    <testcase name="Response status code should be 200" time="0.234" classname="EventBookingsBusinessFlowLookUpABookingUsingAReferenceCode"/>
    <testcase name="success should be true" time="0.234" classname="EventBookingsBusinessFlowLookUpABookingUsingAReferenceCode"/>
    <testcase name="Validate booking data object properties" time="0.234" classname="EventBookingsBusinessFlowLookUpABookingUsingAReferenceCode"/>
    <testcase name="(BUG-001) Validate data event object properties" time="0.234" classname="EventBookingsBusinessFlowLookUpABookingUsingAReferenceCode">
      <failure type="AssertionFailure" message="expected 300 to equal 545">
        <![CDATA[Failed 1 times.]]>
        <![CDATA[Collection JSON ID: 980b4821-2d15-4e5e-a808-2db803dec8ca.]]>
        <![CDATA[Collection name: EventHubAPI - E2E.]]>
        <![CDATA[Request name: Event Bookings Business Flow / Look up a booking using a reference code.]]>
        <![CDATA[Test description: (BUG-001) Validate data event object properties.]]>
        <![CDATA[Error message: expected 300 to equal 545.]]>
        <![CDATA[Stacktrace: AssertionError: expected 300 to equal 545
   at Object.eval sandbox-script.js:4:12).]]>
      </failure>
    </testcase>
  </testsuite>
  <testsuite name="Event Bookings Business Flow / Create a booking - Maximum Ticket" id="f84b9a4b-4a0d-4bb4-852e-9f60355f58cc" timestamp="2026-09-02T04:26:34.729Z" tests="7" failures="1" errors="0" time="0.244">
    <testcase name="Status code should be 201" time="0.244" classname="EventBookingsBusinessFlowCreateABookingMaximumTicket"/>
    <testcase name="Response success should be true" time="0.244" classname="EventBookingsBusinessFlowCreateABookingMaximumTicket"/>
    <testcase name="Response message should be 'Booking confirmed!'" time="0.244" classname="EventBookingsBusinessFlowCreateABookingMaximumTicket"/>
    <testcase name="Save bookingID and bookingRefCode as collection variables" time="0.244" classname="EventBookingsBusinessFlowCreateABookingMaximumTicket"/>
    <testcase name="Available seats should be reduced after booking" time="0.244" classname="EventBookingsBusinessFlowCreateABookingMaximumTicket"/>
    <testcase name="Validate booking data properties" time="0.244" classname="EventBookingsBusinessFlowCreateABookingMaximumTicket"/>
    <testcase name="(BUG-001) Validate event object properties in booking response" time="0.244" classname="EventBookingsBusinessFlowCreateABookingMaximumTicket">
      <failure type="AssertionFailure" message="expected 300 to equal 535">
        <![CDATA[Failed 1 times.]]>
        <![CDATA[Collection JSON ID: 980b4821-2d15-4e5e-a808-2db803dec8ca.]]>
        <![CDATA[Collection name: EventHubAPI - E2E.]]>
        <![CDATA[Request name: Event Bookings Business Flow / Create a booking - Maximum Ticket.]]>
        <![CDATA[Test description: (BUG-001) Validate event object properties in booking response.]]>
        <![CDATA[Error message: expected 300 to equal 535.]]>
        <![CDATA[Stacktrace: AssertionError: expected 300 to equal 535
   at Object.eval sandbox-script.js:7:13).]]>
      </failure>
    </testcase>
  </testsuite>
  <testsuite name="Event Bookings Business Flow / List all bookings" id="6c64fe98-ea09-4fd6-a417-3a7d8509ee3d" timestamp="2026-09-02T04:26:34.729Z" tests="6" failures="0" errors="0" time="0.234">
    <testcase name="Response status code should be 200" time="0.234" classname="EventBookingsBusinessFlowListAllBookings"/>
    <testcase name="success should be true" time="0.234" classname="EventBookingsBusinessFlowListAllBookings"/>
    <testcase name="The 'data' array is not empty and not null" time="0.234" classname="EventBookingsBusinessFlowListAllBookings"/>
    <testcase name="Each property in the 'data' array has the expected properties" time="0.234" classname="EventBookingsBusinessFlowListAllBookings"/>
    <testcase name="Pagination values are correct" time="0.234" classname="EventBookingsBusinessFlowListAllBookings"/>
    <testcase name="Validate total quantity of booked tickets" time="0.234" classname="EventBookingsBusinessFlowListAllBookings"/>
  </testsuite>
  <testsuite name="Event Bookings Business Flow / Cancel a booking" id="892c20b3-5009-4ccb-a071-366e2a0e2731" timestamp="2026-09-02T04:26:34.729Z" tests="3" failures="0" errors="0" time="0.241">
    <testcase name="Response status code should be 200" time="0.241" classname="EventBookingsBusinessFlowCancelABooking"/>
    <testcase name="success should be true" time="0.241" classname="EventBookingsBusinessFlowCancelABooking"/>
    <testcase name="message should be 'Booking cancelled'" time="0.241" classname="EventBookingsBusinessFlowCancelABooking"/>
  </testsuite>
  <testsuite name="Event Bookings Business Flow / Get a single event by ID" id="18530cb0-04f5-4eff-849e-98b37ba4ffda" timestamp="2026-09-02T04:26:34.729Z" tests="2" failures="1" errors="0" time="0.234">
    <testcase name="Response status code should be 200" time="0.234" classname="EventBookingsBusinessFlowGetASingleEventById"/>
    <testcase name="(BUG-001) Validate event data properties" time="0.234" classname="EventBookingsBusinessFlowGetASingleEventById">
      <failure type="AssertionFailure" message="expected 295 to equal 535">
        <![CDATA[Failed 1 times.]]>
        <![CDATA[Collection JSON ID: 980b4821-2d15-4e5e-a808-2db803dec8ca.]]>
        <![CDATA[Collection name: EventHubAPI - E2E.]]>
        <![CDATA[Request name: Event Bookings Business Flow / Get a single event by ID.]]>
        <![CDATA[Test description: (BUG-001) Validate event data properties.]]>
        <![CDATA[Error message: expected 295 to equal 535.]]>
        <![CDATA[Stacktrace: AssertionError: expected 295 to equal 535
   at Object.eval sandbox-script.js:2:16).]]>
      </failure>
    </testcase>
  </testsuite>
  <testsuite name="Event Bookings Business Flow / Get a single booking by ID - Cancelled" id="68b43ff7-de9f-49bc-bd93-ba950fc543da" timestamp="2026-09-02T04:26:34.729Z" tests="3" failures="0" errors="0" time="0.233">
    <testcase name="Response status code should be 404" time="0.233" classname="EventBookingsBusinessFlowGetASingleBookingByIdCancelled"/>
    <testcase name="success should be false" time="0.233" classname="EventBookingsBusinessFlowGetASingleBookingByIdCancelled"/>
    <testcase name="error should be 'Booking with id 141427 not found'" time="0.233" classname="EventBookingsBusinessFlowGetASingleBookingByIdCancelled"/>
  </testsuite>
  <testsuite name="Event Bookings Business Flow / List all bookings" id="f1933523-6223-4b9e-b5d3-00b08d952da6" timestamp="2026-09-02T04:26:34.729Z" tests="6" failures="0" errors="0" time="0.234">
    <testcase name="Response status code should be 200" time="0.234" classname="EventBookingsBusinessFlowListAllBookings"/>
    <testcase name="success should be true" time="0.234" classname="EventBookingsBusinessFlowListAllBookings"/>
    <testcase name="The 'data' array is not empty and not null" time="0.234" classname="EventBookingsBusinessFlowListAllBookings"/>
    <testcase name="Each property in the 'data' array has the expected properties" time="0.234" classname="EventBookingsBusinessFlowListAllBookings"/>
    <testcase name="Pagination values are correct" time="0.234" classname="EventBookingsBusinessFlowListAllBookings"/>
    <testcase name="Validate total quantity of booked tickets after cancelled booking" time="0.234" classname="EventBookingsBusinessFlowListAllBookings"/>
  </testsuite>
  <testsuite name="Event Bookings Business Flow / List all bookings - Cancelled (BUG-005)" id="8f351d3f-7b57-4c2d-bc1e-bdf46c3bf882" timestamp="2026-09-02T04:26:34.729Z" tests="4" failures="1" errors="0" time="0.234">
    <testcase name="Response status code should be 200" time="0.234" classname="EventBookingsBusinessFlowListAllBookingsCancelledBug005"/>
    <testcase name="success should be true" time="0.234" classname="EventBookingsBusinessFlowListAllBookingsCancelledBug005"/>
    <testcase name="(BUG-005) The 'data' array is null or empty" time="0.234" classname="EventBookingsBusinessFlowListAllBookingsCancelledBug005">
      <failure type="AssertionFailure" message="Reported as BUG-005: Cancelled Bookings Not Returned in List">
        <![CDATA[Failed 1 times.]]>
        <![CDATA[Collection JSON ID: 980b4821-2d15-4e5e-a808-2db803dec8ca.]]>
        <![CDATA[Collection name: EventHubAPI - E2E.]]>
        <![CDATA[Request name: Event Bookings Business Flow / List all bookings - Cancelled (BUG-005).]]>
        <![CDATA[Test description: (BUG-005) The 'data' array is null or empty.]]>
        <![CDATA[Error message: Reported as BUG-005: Cancelled Bookings Not Returned in List.]]>
        <![CDATA[Stacktrace: AssertionError: Reported as BUG-005: Cancelled Bookings Not Returned in List
   at Object.eval sandbox-script.js:3:19).]]>
      </failure>
    </testcase>
    <testcase name="Pagination values are correct" time="0.234" classname="EventBookingsBusinessFlowListAllBookingsCancelledBug005"/>
  </testsuite>
  <testsuite name="Event Bookings Business Flow / Delete an event" id="84a468c7-3b95-4ccf-8677-867f39af2c78" timestamp="2026-09-02T04:26:34.729Z" tests="3" failures="0" errors="0" time="0.243">
    <testcase name="Response status code should be 200" time="0.243" classname="EventBookingsBusinessFlowDeleteAnEvent"/>
    <testcase name="success should be true" time="0.243" classname="EventBookingsBusinessFlowDeleteAnEvent"/>
    <testcase name="message should be 'Event deleted successfully'" time="0.243" classname="EventBookingsBusinessFlowDeleteAnEvent"/>
  </testsuite>
  <testsuite name="Event Bookings Business Flow / Verify event is deleted" id="8873f97e-fd68-43b2-98ce-f251d5770879" timestamp="2026-09-02T04:26:34.729Z" tests="3" failures="0" errors="0" time="0.233">
    <testcase name="Response status code should be 404" time="0.233" classname="EventBookingsBusinessFlowVerifyEventIsDeleted"/>
    <testcase name="success should be false" time="0.233" classname="EventBookingsBusinessFlowVerifyEventIsDeleted"/>
    <testcase name="error should be Event with id '110038' not found" time="0.233" classname="EventBookingsBusinessFlowVerifyEventIsDeleted"/>
  </testsuite>
</testsuites>