<?xml version="1.0" encoding="UTF-8"?>
<testsuites name="EventHubAPI - E2E" tests="21" time="4.993">
  <testsuite name="Event Bookings Business Flow / Register New User" id="62e2785c-1583-45b2-ba33-435ebfe270d0" timestamp="2026-09-01T08:04:11.074Z" tests="6" failures="0" errors="0" time="0.722">
    <testcase name="Response status code should be 201" time="0.722" classname="EventBookingsBusinessFlowRegisterNewUser"/>
    <testcase name="success should be true" time="0.722" classname="EventBookingsBusinessFlowRegisterNewUser"/>
    <testcase name="token should be a non-empty string" time="0.722" classname="EventBookingsBusinessFlowRegisterNewUser"/>
    <testcase name="Response contains created user id and email" time="0.722" classname="EventBookingsBusinessFlowRegisterNewUser"/>
    <testcase name="Set e2e_testUserID collection variable" time="0.722" classname="EventBookingsBusinessFlowRegisterNewUser"/>
    <testcase name="Set e2e_authToken environment variable" time="0.722" classname="EventBookingsBusinessFlowRegisterNewUser"/>
  </testsuite>
  <testsuite name="Event Bookings Business Flow / Login New User" id="b0d360a0-997c-4395-bb29-abaf5275ff80" timestamp="2026-09-01T08:04:11.074Z" tests="5" failures="0" errors="0" time="0.294">
    <testcase name="Response status code should be 200" time="0.294" classname="EventBookingsBusinessFlowLoginNewUser"/>
    <testcase name="success should be true" time="0.294" classname="EventBookingsBusinessFlowLoginNewUser"/>
    <testcase name="Response has token property and not empty" time="0.294" classname="EventBookingsBusinessFlowLoginNewUser"/>
    <testcase name="Response contains login user id and email" time="0.294" classname="EventBookingsBusinessFlowLoginNewUser"/>
    <testcase name="Extract token and set e2e_authToken environment variable" time="0.294" classname="EventBookingsBusinessFlowLoginNewUser"/>
  </testsuite>
  <testsuite name="Event Bookings Business Flow / Get Authenticated User" id="b8d41bd4-0df7-42a7-91ad-f0a7c3a0580d" timestamp="2026-09-01T08:04:11.074Z" tests="3" failures="0" errors="0" time="0.205">
    <testcase name="Response status code should be 200" time="0.205" classname="EventBookingsBusinessFlowGetAuthenticatedUser"/>
    <testcase name="success should be true" time="0.205" classname="EventBookingsBusinessFlowGetAuthenticatedUser"/>
    <testcase name="Response contains authenticated user with correct id and email" time="0.205" classname="EventBookingsBusinessFlowGetAuthenticatedUser"/>
  </testsuite>
  <testsuite name="Event Bookings Business Flow / Create a new event" id="60bb9508-d6fc-479c-ac4b-29ac40f38c9f" timestamp="2026-09-01T08:04:11.074Z" tests="5" failures="0" errors="0" time="0.216">
    <testcase name="Status code should be 201" time="0.216" classname="EventBookingsBusinessFlowCreateANewEvent"/>
    <testcase name="Response success should be true" time="0.216" classname="EventBookingsBusinessFlowCreateANewEvent"/>
    <testcase name="Response message should be 'Event created successfully'" time="0.216" classname="EventBookingsBusinessFlowCreateANewEvent"/>
    <testcase name="Save eventID as collection variable" time="0.216" classname="EventBookingsBusinessFlowCreateANewEvent"/>
    <testcase name="Validate event data properties" time="0.216" classname="EventBookingsBusinessFlowCreateANewEvent"/>
  </testsuite>
  <testsuite name="Event Bookings Business Flow / Get a single event by ID" id="d0144881-cb2a-4db2-b71c-d68a59a3fe2a" timestamp="2026-09-01T08:04:11.074Z" tests="2" failures="0" errors="0" time="0.207">
    <testcase name="Response status code should be 200" time="0.207" classname="EventBookingsBusinessFlowGetASingleEventById"/>
    <testcase name="Validate event data properties" time="0.207" classname="EventBookingsBusinessFlowGetASingleEventById"/>
  </testsuite>
  <testsuite name="Event Bookings Business Flow / Create a booking" id="05673537-d45c-4f52-9bd0-7ddf9ba2555f" timestamp="2026-09-01T08:04:11.074Z" tests="7" failures="1" errors="0" time="0.217">
    <testcase name="Status code should be 201" time="0.217" classname="EventBookingsBusinessFlowCreateABooking"/>
    <testcase name="Response success should be true" time="0.217" classname="EventBookingsBusinessFlowCreateABooking"/>
    <testcase name="Response message should be 'Booking confirmed!'" time="0.217" classname="EventBookingsBusinessFlowCreateABooking"/>
    <testcase name="Save booking ID and reference code as collection variables" time="0.217" classname="EventBookingsBusinessFlowCreateABooking"/>
    <testcase name="Available seats should be reduced after booking" time="0.217" classname="EventBookingsBusinessFlowCreateABooking"/>
    <testcase name="Validate booking data properties" time="0.217" classname="EventBookingsBusinessFlowCreateABooking"/>
    <testcase name="(BUG-001) Validate event object properties in booking response" time="0.217" classname="EventBookingsBusinessFlowCreateABooking">
      <failure type="AssertionFailure" message="expected 300 to equal 295">
        <![CDATA[Failed 1 times.]]>
        <![CDATA[Collection JSON ID: 980b4821-2d15-4e5e-a808-2db803dec8ca.]]>
        <![CDATA[Collection name: EventHubAPI - E2E.]]>
        <![CDATA[Request name: Event Bookings Business Flow / Create a booking.]]>
        <![CDATA[Test description: (BUG-001) Validate event object properties in booking response.]]>
        <![CDATA[Error message: expected 300 to equal 295.]]>
        <![CDATA[Stacktrace: AssertionError: expected 300 to equal 295
   at Object.eval sandbox-script.js:7:6).]]>
      </failure>
    </testcase>
  </testsuite>
  <testsuite name="Event Bookings Business Flow / Get a single booking by ID" id="692b217f-f91b-48c4-a763-bf1b18bda11d" timestamp="2026-09-01T08:04:11.074Z" tests="4" failures="1" errors="0" time="0.206">
    <testcase name="Response status code should be 200" time="0.206" classname="EventBookingsBusinessFlowGetASingleBookingById"/>
    <testcase name="success should be true" time="0.206" classname="EventBookingsBusinessFlowGetASingleBookingById"/>
    <testcase name="Validate booking data object properties" time="0.206" classname="EventBookingsBusinessFlowGetASingleBookingById"/>
    <testcase name="(BUG-001) Validate data event object properties" time="0.206" classname="EventBookingsBusinessFlowGetASingleBookingById">
      <failure type="AssertionFailure" message="expected 300 to equal 295">
        <![CDATA[Failed 1 times.]]>
        <![CDATA[Collection JSON ID: 980b4821-2d15-4e5e-a808-2db803dec8ca.]]>
        <![CDATA[Collection name: EventHubAPI - E2E.]]>
        <![CDATA[Request name: Event Bookings Business Flow / Get a single booking by ID.]]>
        <![CDATA[Test description: (BUG-001) Validate data event object properties.]]>
        <![CDATA[Error message: expected 300 to equal 295.]]>
        <![CDATA[Stacktrace: AssertionError: expected 300 to equal 295
   at Object.eval sandbox-script.js:4:7).]]>
      </failure>
    </testcase>
  </testsuite>
  <testsuite name="Event Bookings Business Flow / Look up a booking using a reference code" id="1a135b13-7f0f-4cf7-82b9-abdb0214a641" timestamp="2026-09-01T08:04:11.074Z" tests="4" failures="1" errors="0" time="0.207">
    <testcase name="Response status code should be 200" time="0.207" classname="EventBookingsBusinessFlowLookUpABookingUsingAReferenceCode"/>
    <testcase name="success should be true" time="0.207" classname="EventBookingsBusinessFlowLookUpABookingUsingAReferenceCode"/>
    <testcase name="Validate booking data object properties" time="0.207" classname="EventBookingsBusinessFlowLookUpABookingUsingAReferenceCode"/>
    <testcase name="(BUG-001) Validate data event object properties" time="0.207" classname="EventBookingsBusinessFlowLookUpABookingUsingAReferenceCode">
      <failure type="AssertionFailure" message="expected 300 to equal 295">
        <![CDATA[Failed 1 times.]]>
        <![CDATA[Collection JSON ID: 980b4821-2d15-4e5e-a808-2db803dec8ca.]]>
        <![CDATA[Collection name: EventHubAPI - E2E.]]>
        <![CDATA[Request name: Event Bookings Business Flow / Look up a booking using a reference code.]]>
        <![CDATA[Test description: (BUG-001) Validate data event object properties.]]>
        <![CDATA[Error message: expected 300 to equal 295.]]>
        <![CDATA[Stacktrace: AssertionError: expected 300 to equal 295
   at Object.eval sandbox-script.js:4:8).]]>
      </failure>
    </testcase>
  </testsuite>
  <testsuite name="Event Bookings Business Flow / List all bookings" id="7e03d1fe-5e93-4e72-a309-9488192c6018" timestamp="2026-09-01T08:04:11.074Z" tests="6" failures="0" errors="0" time="0.207">
    <testcase name="Response status code should be 200" time="0.207" classname="EventBookingsBusinessFlowListAllBookings"/>
    <testcase name="success should be true" time="0.207" classname="EventBookingsBusinessFlowListAllBookings"/>
    <testcase name="The 'data' array is not empty and not null" time="0.207" classname="EventBookingsBusinessFlowListAllBookings"/>
    <testcase name="Each property in the 'data' array has the expected properties" time="0.207" classname="EventBookingsBusinessFlowListAllBookings"/>
    <testcase name="Pagination values are correct" time="0.207" classname="EventBookingsBusinessFlowListAllBookings"/>
    <testcase name="Validate total quantity of booked tickets" time="0.207" classname="EventBookingsBusinessFlowListAllBookings"/>
  </testsuite>
  <testsuite name="Event Bookings Business Flow / Update an event (BUG-001)" id="d786a619-0813-4816-a61e-7b8551d6663c" timestamp="2026-09-01T08:04:11.074Z" tests="8" failures="1" errors="0" time="0.215">
    <testcase name="Pre-request: Updated event title: Event_Updated_API_20260901-080412390" time="0.215" classname="EventBookingsBusinessFlowUpdateAnEventBug001"/>
    <testcase name="Pre-request: Update event title and set as collection variable" time="0.215" classname="EventBookingsBusinessFlowUpdateAnEventBug001"/>
    <testcase name="Pre-request: Set updated event price and total seats and save as collection variables" time="0.215" classname="EventBookingsBusinessFlowUpdateAnEventBug001"/>
    <testcase name="Response status code should be 200" time="0.215" classname="EventBookingsBusinessFlowUpdateAnEventBug001"/>
    <testcase name="success should be true" time="0.215" classname="EventBookingsBusinessFlowUpdateAnEventBug001"/>
    <testcase name="(BUG-001) Validate event data properties" time="0.215" classname="EventBookingsBusinessFlowUpdateAnEventBug001">
      <failure type="AssertionFailure" message="expected 300 to equal 545">
        <![CDATA[Failed 1 times.]]>
        <![CDATA[Collection JSON ID: 980b4821-2d15-4e5e-a808-2db803dec8ca.]]>
        <![CDATA[Collection name: EventHubAPI - E2E.]]>
        <![CDATA[Request name: Event Bookings Business Flow / Update an event (BUG-001).]]>
        <![CDATA[Test description: (BUG-001) Validate event data properties.]]>
        <![CDATA[Error message: expected 300 to equal 545.]]>
        <![CDATA[Stacktrace: AssertionError: expected 300 to equal 545
   at Object.eval sandbox-script.js:3:10).]]>
      </failure>
    </testcase>
    <testcase name="message should be 'Event updated successfully'" time="0.215" classname="EventBookingsBusinessFlowUpdateAnEventBug001"/>
    <testcase name="Sync eventTotalSeats and eventCurrentAvailableSeats after update" time="0.215" classname="EventBookingsBusinessFlowUpdateAnEventBug001"/>
  </testsuite>
  <testsuite name="Event Bookings Business Flow / Get a single event by ID (BUG-001)" id="6f2fee83-1595-4e13-9c7f-b86128aa6ebb" timestamp="2026-09-01T08:04:11.074Z" tests="3" failures="1" errors="0" time="0.207">
    <testcase name="Response status code should be 200" time="0.207" classname="EventBookingsBusinessFlowGetASingleEventByIdBug001"/>
    <testcase name="success should be true" time="0.207" classname="EventBookingsBusinessFlowGetASingleEventByIdBug001"/>
    <testcase name="(BUG-001) Validate event data properties" time="0.207" classname="EventBookingsBusinessFlowGetASingleEventByIdBug001">
      <failure type="AssertionFailure" message="expected 295 to equal 545">
        <![CDATA[Failed 1 times.]]>
        <![CDATA[Collection JSON ID: 980b4821-2d15-4e5e-a808-2db803dec8ca.]]>
        <![CDATA[Collection name: EventHubAPI - E2E.]]>
        <![CDATA[Request name: Event Bookings Business Flow / Get a single event by ID (BUG-001).]]>
        <![CDATA[Test description: (BUG-001) Validate event data properties.]]>
        <![CDATA[Error message: expected 295 to equal 545.]]>
        <![CDATA[Stacktrace: AssertionError: expected 295 to equal 545
   at Object.eval sandbox-script.js:3:11).]]>
      </failure>
    </testcase>
  </testsuite>
  <testsuite name="Event Bookings Business Flow / Look up a booking using a reference code" id="9dec8603-3521-40b0-90b1-e0f1f939f2dc" timestamp="2026-09-01T08:04:11.074Z" tests="4" failures="1" errors="0" time="0.206">
    <testcase name="Response status code should be 200" time="0.206" classname="EventBookingsBusinessFlowLookUpABookingUsingAReferenceCode"/>
    <testcase name="success should be true" time="0.206" classname="EventBookingsBusinessFlowLookUpABookingUsingAReferenceCode"/>
    <testcase name="Validate booking data object properties" time="0.206" classname="EventBookingsBusinessFlowLookUpABookingUsingAReferenceCode"/>
    <testcase name="(BUG-001) Validate data event object properties" time="0.206" classname="EventBookingsBusinessFlowLookUpABookingUsingAReferenceCode">
      <failure type="AssertionFailure" message="expected 300 to equal 545">
        <![CDATA[Failed 1 times.]]>
        <![CDATA[Collection JSON ID: 980b4821-2d15-4e5e-a808-2db803dec8ca.]]>
        <![CDATA[Collection name: EventHubAPI - E2E.]]>
        <![CDATA[Request name: Event Bookings Business Flow / Look up a booking using a reference code.]]>
        <![CDATA[Test description: (BUG-001) Validate data event object properties.]]>
        <![CDATA[Error message: expected 300 to equal 545.]]>
        <![CDATA[Stacktrace: AssertionError: expected 300 to equal 545
   at Object.eval sandbox-script.js:4:12).]]>
      </failure>
    </testcase>
  </testsuite>
  <testsuite name="Event Bookings Business Flow / Create a booking - Maximum Ticket" id="b85f6d77-7002-4a3e-bca0-8df1424fdd23" timestamp="2026-09-01T08:04:11.074Z" tests="7" failures="1" errors="0" time="0.216">
    <testcase name="Status code should be 201" time="0.216" classname="EventBookingsBusinessFlowCreateABookingMaximumTicket"/>
    <testcase name="Response success should be true" time="0.216" classname="EventBookingsBusinessFlowCreateABookingMaximumTicket"/>
    <testcase name="Response message should be 'Booking confirmed!'" time="0.216" classname="EventBookingsBusinessFlowCreateABookingMaximumTicket"/>
    <testcase name="Save bookingID and bookingRefCode as collection variables" time="0.216" classname="EventBookingsBusinessFlowCreateABookingMaximumTicket"/>
    <testcase name="Available seats should be reduced after booking" time="0.216" classname="EventBookingsBusinessFlowCreateABookingMaximumTicket"/>
    <testcase name="Validate booking data properties" time="0.216" classname="EventBookingsBusinessFlowCreateABookingMaximumTicket"/>
    <testcase name="(BUG-001) Validate event object properties in booking response" time="0.216" classname="EventBookingsBusinessFlowCreateABookingMaximumTicket">
      <failure type="AssertionFailure" message="expected 300 to equal 535">
        <![CDATA[Failed 1 times.]]>
        <![CDATA[Collection JSON ID: 980b4821-2d15-4e5e-a808-2db803dec8ca.]]>
        <![CDATA[Collection name: EventHubAPI - E2E.]]>
        <![CDATA[Request name: Event Bookings Business Flow / Create a booking - Maximum Ticket.]]>
        <![CDATA[Test description: (BUG-001) Validate event object properties in booking response.]]>
        <![CDATA[Error message: expected 300 to equal 535.]]>
        <![CDATA[Stacktrace: AssertionError: expected 300 to equal 535
   at Object.eval sandbox-script.js:7:13).]]>
      </failure>
    </testcase>
  </testsuite>
  <testsuite name="Event Bookings Business Flow / List all bookings" id="8d3b521b-ab79-49f2-a05e-9b8b1a778677" timestamp="2026-09-01T08:04:11.074Z" tests="6" failures="0" errors="0" time="0.206">
    <testcase name="Response status code should be 200" time="0.206" classname="EventBookingsBusinessFlowListAllBookings"/>
    <testcase name="success should be true" time="0.206" classname="EventBookingsBusinessFlowListAllBookings"/>
    <testcase name="The 'data' array is not empty and not null" time="0.206" classname="EventBookingsBusinessFlowListAllBookings"/>
    <testcase name="Each property in the 'data' array has the expected properties" time="0.206" classname="EventBookingsBusinessFlowListAllBookings"/>
    <testcase name="Pagination values are correct" time="0.206" classname="EventBookingsBusinessFlowListAllBookings"/>
    <testcase name="Validate total quantity of booked tickets" time="0.206" classname="EventBookingsBusinessFlowListAllBookings"/>
  </testsuite>
  <testsuite name="Event Bookings Business Flow / Cancel a booking" id="733ab34f-78cf-4e89-ac7d-f15ea717c878" timestamp="2026-09-01T08:04:11.074Z" tests="3" failures="0" errors="0" time="0.213">
    <testcase name="Response status code should be 200" time="0.213" classname="EventBookingsBusinessFlowCancelABooking"/>
    <testcase name="success should be true" time="0.213" classname="EventBookingsBusinessFlowCancelABooking"/>
    <testcase name="message should be 'Booking cancelled'" time="0.213" classname="EventBookingsBusinessFlowCancelABooking"/>
  </testsuite>
  <testsuite name="Event Bookings Business Flow / Get a single event by ID" id="f938717d-403c-4888-9588-38b51d592ab9" timestamp="2026-09-01T08:04:11.074Z" tests="2" failures="1" errors="0" time="0.207">
    <testcase name="Response status code should be 200" time="0.207" classname="EventBookingsBusinessFlowGetASingleEventById"/>
    <testcase name="(BUG-001) Validate event data properties" time="0.207" classname="EventBookingsBusinessFlowGetASingleEventById">
      <failure type="AssertionFailure" message="expected 295 to equal 535">
        <![CDATA[Failed 1 times.]]>
        <![CDATA[Collection JSON ID: 980b4821-2d15-4e5e-a808-2db803dec8ca.]]>
        <![CDATA[Collection name: EventHubAPI - E2E.]]>
        <![CDATA[Request name: Event Bookings Business Flow / Get a single event by ID.]]>
        <![CDATA[Test description: (BUG-001) Validate event data properties.]]>
        <![CDATA[Error message: expected 295 to equal 535.]]>
        <![CDATA[Stacktrace: AssertionError: expected 295 to equal 535
   at Object.eval sandbox-script.js:2:16).]]>
      </failure>
    </testcase>
  </testsuite>
  <testsuite name="Event Bookings Business Flow / Get a single booking by ID - Cancelled" id="107ec607-72de-47ed-adf6-b1f346c52fc5" timestamp="2026-09-01T08:04:11.074Z" tests="3" failures="0" errors="0" time="0.206">
    <testcase name="Response status code should be 404" time="0.206" classname="EventBookingsBusinessFlowGetASingleBookingByIdCancelled"/>
    <testcase name="success should be false" time="0.206" classname="EventBookingsBusinessFlowGetASingleBookingByIdCancelled"/>
    <testcase name="error should be 'Booking with id 140588 not found'" time="0.206" classname="EventBookingsBusinessFlowGetASingleBookingByIdCancelled"/>
  </testsuite>
  <testsuite name="Event Bookings Business Flow / List all bookings" id="477b046f-ab0d-43cb-b5a9-95ca00806fd8" timestamp="2026-09-01T08:04:11.074Z" tests="6" failures="0" errors="0" time="0.206">
    <testcase name="Response status code should be 200" time="0.206" classname="EventBookingsBusinessFlowListAllBookings"/>
    <testcase name="success should be true" time="0.206" classname="EventBookingsBusinessFlowListAllBookings"/>
    <testcase name="The 'data' array is not empty and not null" time="0.206" classname="EventBookingsBusinessFlowListAllBookings"/>
    <testcase name="Each property in the 'data' array has the expected properties" time="0.206" classname="EventBookingsBusinessFlowListAllBookings"/>
    <testcase name="Pagination values are correct" time="0.206" classname="EventBookingsBusinessFlowListAllBookings"/>
    <testcase name="Validate total quantity of booked tickets after cancelled booking" time="0.206" classname="EventBookingsBusinessFlowListAllBookings"/>
  </testsuite>
  <testsuite name="Event Bookings Business Flow / List all bookings - Cancelled (BUG-005)" id="2cb58072-ce1f-4ced-ab2f-1a6c09af6656" timestamp="2026-09-01T08:04:11.074Z" tests="4" failures="1" errors="0" time="0.206">
    <testcase name="Response status code should be 200" time="0.206" classname="EventBookingsBusinessFlowListAllBookingsCancelledBug005"/>
    <testcase name="success should be true" time="0.206" classname="EventBookingsBusinessFlowListAllBookingsCancelledBug005"/>
    <testcase name="(BUG-005) The 'data' array is null or empty" time="0.206" classname="EventBookingsBusinessFlowListAllBookingsCancelledBug005">
      <failure type="AssertionFailure" message="Reported as BUG-005: Cancelled Bookings Not Returned in List">
        <![CDATA[Failed 1 times.]]>
        <![CDATA[Collection JSON ID: 980b4821-2d15-4e5e-a808-2db803dec8ca.]]>
        <![CDATA[Collection name: EventHubAPI - E2E.]]>
        <![CDATA[Request name: Event Bookings Business Flow / List all bookings - Cancelled (BUG-005).]]>
        <![CDATA[Test description: (BUG-005) The 'data' array is null or empty.]]>
        <![CDATA[Error message: Reported as BUG-005: Cancelled Bookings Not Returned in List.]]>
        <![CDATA[Stacktrace: AssertionError: Reported as BUG-005: Cancelled Bookings Not Returned in List
   at Object.eval sandbox-script.js:3:19).]]>
      </failure>
    </testcase>
    <testcase name="Pagination values are correct" time="0.206" classname="EventBookingsBusinessFlowListAllBookingsCancelledBug005"/>
  </testsuite>
  <testsuite name="Event Bookings Business Flow / Delete an event" id="b17387a5-08d7-4d21-a884-c7cc5d7df608" timestamp="2026-09-01T08:04:11.074Z" tests="3" failures="0" errors="0" time="0.218">
    <testcase name="Response status code should be 200" time="0.218" classname="EventBookingsBusinessFlowDeleteAnEvent"/>
    <testcase name="success should be true" time="0.218" classname="EventBookingsBusinessFlowDeleteAnEvent"/>
    <testcase name="message should be 'Event deleted successfully'" time="0.218" classname="EventBookingsBusinessFlowDeleteAnEvent"/>
  </testsuite>
  <testsuite name="Event Bookings Business Flow / Verify event is deleted" id="bf2705ec-e126-4413-a350-349b7a7620cf" timestamp="2026-09-01T08:04:11.074Z" tests="3" failures="0" errors="0" time="0.206">
    <testcase name="Response status code should be 404" time="0.206" classname="EventBookingsBusinessFlowVerifyEventIsDeleted"/>
    <testcase name="success should be false" time="0.206" classname="EventBookingsBusinessFlowVerifyEventIsDeleted"/>
    <testcase name="error should be Event with id '109467' not found" time="0.206" classname="EventBookingsBusinessFlowVerifyEventIsDeleted"/>
  </testsuite>
</testsuites>