<?xml version="1.0" encoding="UTF-8"?>
<testsuites name="EventHubAPI - Functional" tests="56" time="23.063">
  <testsuite name="Admin Login / Login with existing credentials" id="38ce5d62-81b7-4479-9ba1-ce0ba965f8ae" timestamp="2026-09-02T04:26:01.475Z" tests="8" failures="0" errors="0" time="0.877">
    <testcase name="Response header Content-Type is JSON" time="0.877" classname="AdminLoginLoginWithExistingCredentials"/>
    <testcase name="Response body should not be null or empty" time="0.877" classname="AdminLoginLoginWithExistingCredentials"/>
    <testcase name="Response time is within 2000ms" time="0.877" classname="AdminLoginLoginWithExistingCredentials"/>
    <testcase name="Response status code should be 200" time="0.877" classname="AdminLoginLoginWithExistingCredentials"/>
    <testcase name="success should be true" time="0.877" classname="AdminLoginLoginWithExistingCredentials"/>
    <testcase name="Response has token property and not empty" time="0.877" classname="AdminLoginLoginWithExistingCredentials"/>
    <testcase name="Extract token and set environment variable" time="0.877" classname="AdminLoginLoginWithExistingCredentials"/>
    <testcase name="Response contains login user id and email" time="0.877" classname="AdminLoginLoginWithExistingCredentials"/>
  </testsuite>
  <testsuite name="Admin Login / Get the currently auhenticated user" id="06e8ddba-1f06-40b1-be48-d3586f662fcb" timestamp="2026-09-02T04:26:01.475Z" tests="6" failures="0" errors="0" time="0.230">
    <testcase name="Response header Content-Type is JSON" time="0.230" classname="AdminLoginGetTheCurrentlyAuhenticatedUser"/>
    <testcase name="Response body should not be null or empty" time="0.230" classname="AdminLoginGetTheCurrentlyAuhenticatedUser"/>
    <testcase name="Response time is within 2000ms" time="0.230" classname="AdminLoginGetTheCurrentlyAuhenticatedUser"/>
    <testcase name="Response status code should be 200" time="0.230" classname="AdminLoginGetTheCurrentlyAuhenticatedUser"/>
    <testcase name="success should be true" time="0.230" classname="AdminLoginGetTheCurrentlyAuhenticatedUser"/>
    <testcase name="Response contains login user" time="0.230" classname="AdminLoginGetTheCurrentlyAuhenticatedUser"/>
  </testsuite>
  <testsuite name="Authorization / Authorization - CRUD / Register a new user" id="8270828e-5928-4303-be55-2d08b70ac44a" timestamp="2026-09-02T04:26:01.475Z" tests="10" failures="0" errors="0" time="0.825">
    <testcase name="Pre-request: Generate user email and set as collection variable" time="0.825" classname="AuthorizationAuthorizationCrudRegisterANewUser"/>
    <testcase name="Response header Content-Type is JSON" time="0.825" classname="AuthorizationAuthorizationCrudRegisterANewUser"/>
    <testcase name="Response body should not be null or empty" time="0.825" classname="AuthorizationAuthorizationCrudRegisterANewUser"/>
    <testcase name="Response time is within 2000ms" time="0.825" classname="AuthorizationAuthorizationCrudRegisterANewUser"/>
    <testcase name="Response status code should be 201" time="0.825" classname="AuthorizationAuthorizationCrudRegisterANewUser"/>
    <testcase name="success should be true" time="0.825" classname="AuthorizationAuthorizationCrudRegisterANewUser"/>
    <testcase name="token should be a string" time="0.825" classname="AuthorizationAuthorizationCrudRegisterANewUser"/>
    <testcase name="Set token as environment variable" time="0.825" classname="AuthorizationAuthorizationCrudRegisterANewUser"/>
    <testcase name="Response contains created user id and email" time="0.825" classname="AuthorizationAuthorizationCrudRegisterANewUser"/>
    <testcase name="Set '47122' user id as collection variable" time="0.825" classname="AuthorizationAuthorizationCrudRegisterANewUser"/>
  </testsuite>
  <testsuite name="Authorization / Authorization - CRUD / Login with registered new user" id="eb30eeab-92d2-4f6d-9f8a-f78660cc406d" timestamp="2026-09-02T04:26:01.475Z" tests="8" failures="0" errors="0" time="0.316">
    <testcase name="Response header Content-Type is JSON" time="0.316" classname="AuthorizationAuthorizationCrudLoginWithRegisteredNewUser"/>
    <testcase name="Response body should not be null or empty" time="0.316" classname="AuthorizationAuthorizationCrudLoginWithRegisteredNewUser"/>
    <testcase name="Response time is within 2000ms" time="0.316" classname="AuthorizationAuthorizationCrudLoginWithRegisteredNewUser"/>
    <testcase name="Response status code should be 200" time="0.316" classname="AuthorizationAuthorizationCrudLoginWithRegisteredNewUser"/>
    <testcase name="success should be true" time="0.316" classname="AuthorizationAuthorizationCrudLoginWithRegisteredNewUser"/>
    <testcase name="Response has token property and not empty" time="0.316" classname="AuthorizationAuthorizationCrudLoginWithRegisteredNewUser"/>
    <testcase name="Extract token and set variable" time="0.316" classname="AuthorizationAuthorizationCrudLoginWithRegisteredNewUser"/>
    <testcase name="Response contains login user id and email" time="0.316" classname="AuthorizationAuthorizationCrudLoginWithRegisteredNewUser"/>
  </testsuite>
  <testsuite name="Authorization / Authorization - CRUD / Get the currently auhenticated user" id="e3efd518-f6eb-4b69-a729-cb30c1e93917" timestamp="2026-09-02T04:26:01.475Z" tests="6" failures="0" errors="0" time="0.227">
    <testcase name="Response header Content-Type is JSON" time="0.227" classname="AuthorizationAuthorizationCrudGetTheCurrentlyAuhenticatedUser"/>
    <testcase name="Response body should not be null or empty" time="0.227" classname="AuthorizationAuthorizationCrudGetTheCurrentlyAuhenticatedUser"/>
    <testcase name="Response time is within 2000ms" time="0.227" classname="AuthorizationAuthorizationCrudGetTheCurrentlyAuhenticatedUser"/>
    <testcase name="Response status code should be 200" time="0.227" classname="AuthorizationAuthorizationCrudGetTheCurrentlyAuhenticatedUser"/>
    <testcase name="success should be true" time="0.227" classname="AuthorizationAuthorizationCrudGetTheCurrentlyAuhenticatedUser"/>
    <testcase name="Response contains login user" time="0.227" classname="AuthorizationAuthorizationCrudGetTheCurrentlyAuhenticatedUser"/>
  </testsuite>
  <testsuite name="Authorization / Authorization - Negative Tests / Get the currently auhenticated user - No Authorization" id="07ffdec0-60ec-465e-92ef-ae49b87a173a" timestamp="2026-09-02T04:26:01.475Z" tests="6" failures="0" errors="0" time="0.224">
    <testcase name="Response header Content-Type is JSON" time="0.224" classname="AuthorizationAuthorizationNegativeTestsGetTheCurrentlyAuhenticatedUserNoAuthorization"/>
    <testcase name="Response body should not be null or empty" time="0.224" classname="AuthorizationAuthorizationNegativeTestsGetTheCurrentlyAuhenticatedUserNoAuthorization"/>
    <testcase name="Response time is within 2000ms" time="0.224" classname="AuthorizationAuthorizationNegativeTestsGetTheCurrentlyAuhenticatedUserNoAuthorization"/>
    <testcase name="Response status code should be 401" time="0.224" classname="AuthorizationAuthorizationNegativeTestsGetTheCurrentlyAuhenticatedUserNoAuthorization"/>
    <testcase name="success should be false" time="0.224" classname="AuthorizationAuthorizationNegativeTestsGetTheCurrentlyAuhenticatedUserNoAuthorization"/>
    <testcase name="error should be 'Unauthorized'" time="0.224" classname="AuthorizationAuthorizationNegativeTestsGetTheCurrentlyAuhenticatedUserNoAuthorization"/>
  </testsuite>
  <testsuite name="Authorization / Authorization - Negative Tests / Get the currently auhenticated user - Expired Token" id="cb60c0ea-9515-489b-bee2-9a841891cf42" timestamp="2026-09-02T04:26:01.475Z" tests="6" failures="0" errors="0" time="0.224">
    <testcase name="Response header Content-Type is JSON" time="0.224" classname="AuthorizationAuthorizationNegativeTestsGetTheCurrentlyAuhenticatedUserExpiredToken"/>
    <testcase name="Response body should not be null or empty" time="0.224" classname="AuthorizationAuthorizationNegativeTestsGetTheCurrentlyAuhenticatedUserExpiredToken"/>
    <testcase name="Response time is within 2000ms" time="0.224" classname="AuthorizationAuthorizationNegativeTestsGetTheCurrentlyAuhenticatedUserExpiredToken"/>
    <testcase name="Response status code should be 401" time="0.224" classname="AuthorizationAuthorizationNegativeTestsGetTheCurrentlyAuhenticatedUserExpiredToken"/>
    <testcase name="success should be false" time="0.224" classname="AuthorizationAuthorizationNegativeTestsGetTheCurrentlyAuhenticatedUserExpiredToken"/>
    <testcase name="error should be 'Invalid or expired token'" time="0.224" classname="AuthorizationAuthorizationNegativeTestsGetTheCurrentlyAuhenticatedUserExpiredToken"/>
  </testsuite>
  <testsuite name="Authorization / Authorization - Negative Tests / Login with existing credentials - Invalid Email" id="e803998f-04dd-4feb-827d-684680e68fa1" timestamp="2026-09-02T04:26:01.475Z" tests="7" failures="0" errors="0" time="0.225">
    <testcase name="Response header Content-Type is JSON" time="0.225" classname="AuthorizationAuthorizationNegativeTestsLoginWithExistingCredentialsInvalidEmail"/>
    <testcase name="Response body should not be null or empty" time="0.225" classname="AuthorizationAuthorizationNegativeTestsLoginWithExistingCredentialsInvalidEmail"/>
    <testcase name="Response time is within 2000ms" time="0.225" classname="AuthorizationAuthorizationNegativeTestsLoginWithExistingCredentialsInvalidEmail"/>
    <testcase name="Response status code should be 400" time="0.225" classname="AuthorizationAuthorizationNegativeTestsLoginWithExistingCredentialsInvalidEmail"/>
    <testcase name="success should be false" time="0.225" classname="AuthorizationAuthorizationNegativeTestsLoginWithExistingCredentialsInvalidEmail"/>
    <testcase name="error should be 'Invalid email or passwordt'" time="0.225" classname="AuthorizationAuthorizationNegativeTestsLoginWithExistingCredentialsInvalidEmail"/>
    <testcase name="details should be an empty array" time="0.225" classname="AuthorizationAuthorizationNegativeTestsLoginWithExistingCredentialsInvalidEmail"/>
  </testsuite>
  <testsuite name="Authorization / Authorization - Negative Tests / Login with existing credentials - Invalid Password" id="8d4eb73a-30c3-4275-aad3-75a0945ea291" timestamp="2026-09-02T04:26:01.475Z" tests="7" failures="0" errors="0" time="0.876">
    <testcase name="Response header Content-Type is JSON" time="0.876" classname="AuthorizationAuthorizationNegativeTestsLoginWithExistingCredentialsInvalidPassword"/>
    <testcase name="Response body should not be null or empty" time="0.876" classname="AuthorizationAuthorizationNegativeTestsLoginWithExistingCredentialsInvalidPassword"/>
    <testcase name="Response time is within 2000ms" time="0.876" classname="AuthorizationAuthorizationNegativeTestsLoginWithExistingCredentialsInvalidPassword"/>
    <testcase name="Response status code should be 400" time="0.876" classname="AuthorizationAuthorizationNegativeTestsLoginWithExistingCredentialsInvalidPassword"/>
    <testcase name="success should be false" time="0.876" classname="AuthorizationAuthorizationNegativeTestsLoginWithExistingCredentialsInvalidPassword"/>
    <testcase name="error should be 'Invalid email or passwordt'" time="0.876" classname="AuthorizationAuthorizationNegativeTestsLoginWithExistingCredentialsInvalidPassword"/>
    <testcase name="details should be an empty array" time="0.876" classname="AuthorizationAuthorizationNegativeTestsLoginWithExistingCredentialsInvalidPassword"/>
  </testsuite>
  <testsuite name="Authorization / Authorization - Negative Tests / Login with existing credentials - Missing Password" id="d04d0207-9517-41bc-9e30-4bfa1c9011bf" timestamp="2026-09-02T04:26:01.475Z" tests="7" failures="0" errors="0" time="0.753">
    <testcase name="Response header Content-Type is JSON" time="0.753" classname="AuthorizationAuthorizationNegativeTestsLoginWithExistingCredentialsMissingPassword"/>
    <testcase name="Response body should not be null or empty" time="0.753" classname="AuthorizationAuthorizationNegativeTestsLoginWithExistingCredentialsMissingPassword"/>
    <testcase name="Response time is within 2000ms" time="0.753" classname="AuthorizationAuthorizationNegativeTestsLoginWithExistingCredentialsMissingPassword"/>
    <testcase name="Response status code should be 400" time="0.753" classname="AuthorizationAuthorizationNegativeTestsLoginWithExistingCredentialsMissingPassword"/>
    <testcase name="success should be false" time="0.753" classname="AuthorizationAuthorizationNegativeTestsLoginWithExistingCredentialsMissingPassword"/>
    <testcase name="error should be 'Validation failed'" time="0.753" classname="AuthorizationAuthorizationNegativeTestsLoginWithExistingCredentialsMissingPassword"/>
    <testcase name="details should be an array with one object" time="0.753" classname="AuthorizationAuthorizationNegativeTestsLoginWithExistingCredentialsMissingPassword"/>
  </testsuite>
  <testsuite name="Authorization / Authorization - Negative Tests / Login with existing credentials - Missing Email" id="4605961a-ae48-4ecd-b412-78e45001f99c" timestamp="2026-09-02T04:26:01.475Z" tests="7" failures="0" errors="0" time="0.692">
    <testcase name="Response header Content-Type is JSON" time="0.692" classname="AuthorizationAuthorizationNegativeTestsLoginWithExistingCredentialsMissingEmail"/>
    <testcase name="Response body should not be null or empty" time="0.692" classname="AuthorizationAuthorizationNegativeTestsLoginWithExistingCredentialsMissingEmail"/>
    <testcase name="Response time is within 2000ms" time="0.692" classname="AuthorizationAuthorizationNegativeTestsLoginWithExistingCredentialsMissingEmail"/>
    <testcase name="Response status code should be 400" time="0.692" classname="AuthorizationAuthorizationNegativeTestsLoginWithExistingCredentialsMissingEmail"/>
    <testcase name="success should be false" time="0.692" classname="AuthorizationAuthorizationNegativeTestsLoginWithExistingCredentialsMissingEmail"/>
    <testcase name="error should be 'Validation failed'" time="0.692" classname="AuthorizationAuthorizationNegativeTestsLoginWithExistingCredentialsMissingEmail"/>
    <testcase name="details should be an array with one object" time="0.692" classname="AuthorizationAuthorizationNegativeTestsLoginWithExistingCredentialsMissingEmail"/>
  </testsuite>
  <testsuite name="Authorization / Authorization - Negative Tests / Login with existing credentials - Empty Payload" id="daf90b46-3d98-435a-a873-dcd3eab921aa" timestamp="2026-09-02T04:26:01.475Z" tests="7" failures="0" errors="0" time="0.856">
    <testcase name="Response header Content-Type is JSON" time="0.856" classname="AuthorizationAuthorizationNegativeTestsLoginWithExistingCredentialsEmptyPayload"/>
    <testcase name="Response body should not be null or empty" time="0.856" classname="AuthorizationAuthorizationNegativeTestsLoginWithExistingCredentialsEmptyPayload"/>
    <testcase name="Response time is within 2000ms" time="0.856" classname="AuthorizationAuthorizationNegativeTestsLoginWithExistingCredentialsEmptyPayload"/>
    <testcase name="Response status code should be 400" time="0.856" classname="AuthorizationAuthorizationNegativeTestsLoginWithExistingCredentialsEmptyPayload"/>
    <testcase name="success should be false" time="0.856" classname="AuthorizationAuthorizationNegativeTestsLoginWithExistingCredentialsEmptyPayload"/>
    <testcase name="error should be 'Validation failed'" time="0.856" classname="AuthorizationAuthorizationNegativeTestsLoginWithExistingCredentialsEmptyPayload"/>
    <testcase name="details should match expected validation errors" time="0.856" classname="AuthorizationAuthorizationNegativeTestsLoginWithExistingCredentialsEmptyPayload"/>
  </testsuite>
  <testsuite name="Health / API Health Check" id="591cc917-f351-4068-81ec-18e78ba6909a" timestamp="2026-09-02T04:26:01.475Z" tests="7" failures="0" errors="0" time="0.751">
    <testcase name="Response header Content-Type is JSON" time="0.751" classname="HealthApiHealthCheck"/>
    <testcase name="Response body should not be null or empty" time="0.751" classname="HealthApiHealthCheck"/>
    <testcase name="Response time is within 2000ms" time="0.751" classname="HealthApiHealthCheck"/>
    <testcase name="Response status code should be 200" time="0.751" classname="HealthApiHealthCheck"/>
    <testcase name="status should be 'ok'" time="0.751" classname="HealthApiHealthCheck"/>
    <testcase name="timestamp should be a valid date" time="0.751" classname="HealthApiHealthCheck"/>
    <testcase name="dbStatus should be 'connected'" time="0.751" classname="HealthApiHealthCheck"/>
  </testsuite>
  <testsuite name="Config / Get public feature flags" id="3a7da631-f7c4-46cd-a9a2-cc1e689a2124" timestamp="2026-09-02T04:26:01.475Z" tests="5" failures="0" errors="0" time="0.225">
    <testcase name="Response header Content-Type is JSON" time="0.225" classname="ConfigGetPublicFeatureFlags"/>
    <testcase name="Response body should not be null or empty" time="0.225" classname="ConfigGetPublicFeatureFlags"/>
    <testcase name="Response time is within 2000ms" time="0.225" classname="ConfigGetPublicFeatureFlags"/>
    <testcase name="Response status code should be 200" time="0.225" classname="ConfigGetPublicFeatureFlags"/>
    <testcase name="showExploreLinks should be false" time="0.225" classname="ConfigGetPublicFeatureFlags"/>
  </testsuite>
  <testsuite name="Events / Events - CRUD / Create a new event" id="3a818a3a-2b62-4106-88a1-a54bf0c75ed0" timestamp="2026-09-02T04:26:01.475Z" tests="14" failures="0" errors="0" time="0.237">
    <testcase name="Pre-request: Generated event title: Event_API_20260902-042609196" time="0.237" classname="EventsEventsCrudCreateANewEvent"/>
    <testcase name="Pre-request: Generate event title and set as collection variable" time="0.237" classname="EventsEventsCrudCreateANewEvent"/>
    <testcase name="Pre-request: Generated event date: 2026-12-02T04:26:09.196Z" time="0.237" classname="EventsEventsCrudCreateANewEvent"/>
    <testcase name="Pre-request: Generate future event date and set as collection variable" time="0.237" classname="EventsEventsCrudCreateANewEvent"/>
    <testcase name="Pre-request: Set event price and total seats and save as collection variables" time="0.237" classname="EventsEventsCrudCreateANewEvent"/>
    <testcase name="Response header Content-Type is JSON" time="0.237" classname="EventsEventsCrudCreateANewEvent"/>
    <testcase name="Response body should not be null or empty" time="0.237" classname="EventsEventsCrudCreateANewEvent"/>
    <testcase name="Response time is within 2000ms" time="0.237" classname="EventsEventsCrudCreateANewEvent"/>
    <testcase name="Response status code should be 201" time="0.237" classname="EventsEventsCrudCreateANewEvent"/>
    <testcase name="success should be true" time="0.237" classname="EventsEventsCrudCreateANewEvent"/>
    <testcase name="The 'id' property exists and value is '110036'" time="0.237" classname="EventsEventsCrudCreateANewEvent"/>
    <testcase name="Set Event ID as variable" time="0.237" classname="EventsEventsCrudCreateANewEvent"/>
    <testcase name="Validate event data properties" time="0.237" classname="EventsEventsCrudCreateANewEvent"/>
    <testcase name="message should be 'Event created successfully'" time="0.237" classname="EventsEventsCrudCreateANewEvent"/>
  </testsuite>
  <testsuite name="Events / Events - CRUD / Get a single event by ID" id="b9ea81ff-1a87-4670-a737-809a1e33d696" timestamp="2026-09-02T04:26:01.475Z" tests="5" failures="0" errors="0" time="0.228">
    <testcase name="Response header Content-Type is JSON" time="0.228" classname="EventsEventsCrudGetASingleEventById"/>
    <testcase name="Response body should not be null or empty" time="0.228" classname="EventsEventsCrudGetASingleEventById"/>
    <testcase name="Response time is within 2000ms" time="0.228" classname="EventsEventsCrudGetASingleEventById"/>
    <testcase name="Response status code should be 200" time="0.228" classname="EventsEventsCrudGetASingleEventById"/>
    <testcase name="Validate event data properties" time="0.228" classname="EventsEventsCrudGetASingleEventById"/>
  </testsuite>
  <testsuite name="Events / Events - CRUD / Lists all events" id="90cd401d-8083-46a5-974d-032d66d5f52b" timestamp="2026-09-02T04:26:01.475Z" tests="7" failures="0" errors="0" time="0.256">
    <testcase name="Response header Content-Type is JSON" time="0.256" classname="EventsEventsCrudListsAllEvents"/>
    <testcase name="Response body should not be null or empty" time="0.256" classname="EventsEventsCrudListsAllEvents"/>
    <testcase name="Response time is within 2000ms" time="0.256" classname="EventsEventsCrudListsAllEvents"/>
    <testcase name="Response status code should be 200" time="0.256" classname="EventsEventsCrudListsAllEvents"/>
    <testcase name="The 'data' array is not empty and not null" time="0.256" classname="EventsEventsCrudListsAllEvents"/>
    <testcase name="Each property in the 'data' array has the expected properties" time="0.256" classname="EventsEventsCrudListsAllEvents"/>
    <testcase name="Pagination values are correct" time="0.256" classname="EventsEventsCrudListsAllEvents"/>
  </testsuite>
  <testsuite name="Events / Events - CRUD / List all bookings" id="bd1b8d2f-5e62-4c61-8206-83b8725fdede" timestamp="2026-09-02T04:26:01.475Z" tests="7" failures="0" errors="0" time="0.227">
    <testcase name="Response header Content-Type is JSON" time="0.227" classname="EventsEventsCrudListAllBookings"/>
    <testcase name="Response body should not be null or empty" time="0.227" classname="EventsEventsCrudListAllBookings"/>
    <testcase name="Response time is within 2000ms" time="0.227" classname="EventsEventsCrudListAllBookings"/>
    <testcase name="Response status code should be 200" time="0.227" classname="EventsEventsCrudListAllBookings"/>
    <testcase name="success should be true" time="0.227" classname="EventsEventsCrudListAllBookings"/>
    <testcase name="data should be an array and have 0 items" time="0.227" classname="EventsEventsCrudListAllBookings"/>
    <testcase name="Pagination values are correct" time="0.227" classname="EventsEventsCrudListAllBookings"/>
  </testsuite>
  <testsuite name="Events / Events - CRUD / Update an event (BUG-001)" id="acd5f6bb-f29c-4142-9c23-fe07c1669005" timestamp="2026-09-02T04:26:01.475Z" tests="11" failures="1" errors="0" time="0.237">
    <testcase name="Pre-request: Updated event title: Event_Updated_API_20260902-042609196" time="0.237" classname="EventsEventsCrudUpdateAnEventBug001"/>
    <testcase name="Pre-request: Update event title and set as collection variable" time="0.237" classname="EventsEventsCrudUpdateAnEventBug001"/>
    <testcase name="Pre-request: Set updated event price and total seats and save as collection variables" time="0.237" classname="EventsEventsCrudUpdateAnEventBug001"/>
    <testcase name="Response header Content-Type is JSON" time="0.237" classname="EventsEventsCrudUpdateAnEventBug001"/>
    <testcase name="Response body should not be null or empty" time="0.237" classname="EventsEventsCrudUpdateAnEventBug001"/>
    <testcase name="Response time is within 2000ms" time="0.237" classname="EventsEventsCrudUpdateAnEventBug001"/>
    <testcase name="Response status code should be 200" time="0.237" classname="EventsEventsCrudUpdateAnEventBug001"/>
    <testcase name="success should be true" time="0.237" classname="EventsEventsCrudUpdateAnEventBug001"/>
    <testcase name="Validate event data properties" time="0.237" classname="EventsEventsCrudUpdateAnEventBug001"/>
    <testcase name="message should be 'Event updated successfully'" time="0.237" classname="EventsEventsCrudUpdateAnEventBug001"/>
    <testcase name="BUG-001 - availableSeats should be updated when totalSeats changes" time="0.237" classname="EventsEventsCrudUpdateAnEventBug001">
      <failure type="AssertionFailure" message="expected 300 to equal 550">
        <![CDATA[Failed 1 times.]]>
        <![CDATA[Collection JSON ID: ccf4ba6e-6bb2-4927-9353-144365d3d3de.]]>
        <![CDATA[Collection name: EventHubAPI - Functional.]]>
        <![CDATA[Request name: Events / Events - CRUD / Update an event (BUG-001).]]>
        <![CDATA[Test description: BUG-001 - availableSeats should be updated when totalSeats changes.]]>
        <![CDATA[Error message: expected 300 to equal 550.]]>
        <![CDATA[Stacktrace: AssertionError: expected 300 to equal 550
   at Object.eval sandbox-script.js:5:19).]]>
      </failure>
    </testcase>
  </testsuite>
  <testsuite name="Events / Events - CRUD / Get a single event by ID (BUG-001)" id="d3f2bd05-9194-4ffc-92b4-3c7f014ce1db" timestamp="2026-09-02T04:26:01.475Z" tests="7" failures="1" errors="0" time="0.229">
    <testcase name="Response header Content-Type is JSON" time="0.229" classname="EventsEventsCrudGetASingleEventByIdBug001"/>
    <testcase name="Response body should not be null or empty" time="0.229" classname="EventsEventsCrudGetASingleEventByIdBug001"/>
    <testcase name="Response time is within 2000ms" time="0.229" classname="EventsEventsCrudGetASingleEventByIdBug001"/>
    <testcase name="Response status code should be 200" time="0.229" classname="EventsEventsCrudGetASingleEventByIdBug001"/>
    <testcase name="success should be true" time="0.229" classname="EventsEventsCrudGetASingleEventByIdBug001"/>
    <testcase name="Validate event data properties" time="0.229" classname="EventsEventsCrudGetASingleEventByIdBug001"/>
    <testcase name="BUG-001 - availableSeats should be updated when totalSeats changes" time="0.229" classname="EventsEventsCrudGetASingleEventByIdBug001">
      <failure type="AssertionFailure" message="expected 300 to equal 550">
        <![CDATA[Failed 1 times.]]>
        <![CDATA[Collection JSON ID: ccf4ba6e-6bb2-4927-9353-144365d3d3de.]]>
        <![CDATA[Collection name: EventHubAPI - Functional.]]>
        <![CDATA[Request name: Events / Events - CRUD / Get a single event by ID (BUG-001).]]>
        <![CDATA[Test description: BUG-001 - availableSeats should be updated when totalSeats changes.]]>
        <![CDATA[Error message: expected 300 to equal 550.]]>
        <![CDATA[Stacktrace: AssertionError: expected 300 to equal 550
   at Object.eval sandbox-script.js:4:20).]]>
      </failure>
    </testcase>
  </testsuite>
  <testsuite name="Events / Events - CRUD / Delete an event" id="315cb9b1-10f9-4ff4-8b7c-0657b95618fe" timestamp="2026-09-02T04:26:01.475Z" tests="6" failures="0" errors="0" time="0.236">
    <testcase name="Response header Content-Type is JSON" time="0.236" classname="EventsEventsCrudDeleteAnEvent"/>
    <testcase name="Response body should not be null or empty" time="0.236" classname="EventsEventsCrudDeleteAnEvent"/>
    <testcase name="Response time is within 2000ms" time="0.236" classname="EventsEventsCrudDeleteAnEvent"/>
    <testcase name="Response status code should be 200" time="0.236" classname="EventsEventsCrudDeleteAnEvent"/>
    <testcase name="success should be true" time="0.236" classname="EventsEventsCrudDeleteAnEvent"/>
    <testcase name="message should be 'Event deleted successfully'" time="0.236" classname="EventsEventsCrudDeleteAnEvent"/>
  </testsuite>
  <testsuite name="Events / Events - CRUD / Verify event is deleted" id="f3331f05-1ca3-4b7a-8104-32a54569670f" timestamp="2026-09-02T04:26:01.475Z" tests="6" failures="0" errors="0" time="0.227">
    <testcase name="Response header Content-Type is JSON" time="0.227" classname="EventsEventsCrudVerifyEventIsDeleted"/>
    <testcase name="Response body should not be null or empty" time="0.227" classname="EventsEventsCrudVerifyEventIsDeleted"/>
    <testcase name="Response time is within 2000ms" time="0.227" classname="EventsEventsCrudVerifyEventIsDeleted"/>
    <testcase name="Response status code should be 404" time="0.227" classname="EventsEventsCrudVerifyEventIsDeleted"/>
    <testcase name="success should be false" time="0.227" classname="EventsEventsCrudVerifyEventIsDeleted"/>
    <testcase name="error should be Event with id '110036' not found" time="0.227" classname="EventsEventsCrudVerifyEventIsDeleted"/>
  </testsuite>
  <testsuite name="Events / Search Events / Lists all events" id="73de34e7-56b4-462e-b502-ad22a522dabb" timestamp="2026-09-02T04:26:01.475Z" tests="4" failures="0" errors="0" time="0.257">
    <testcase name="Response header Content-Type is JSON" time="0.257" classname="EventsSearchEventsListsAllEvents"/>
    <testcase name="Response body should not be null or empty" time="0.257" classname="EventsSearchEventsListsAllEvents"/>
    <testcase name="Response time is within 2000ms" time="0.257" classname="EventsSearchEventsListsAllEvents"/>
    <testcase name="Response status code should be 200" time="0.257" classname="EventsSearchEventsListsAllEvents"/>
  </testsuite>
  <testsuite name="Events / Search Events / Lists all events - No Search Results" id="26427f54-f0c4-42e1-b717-b01b1ca48588" timestamp="2026-09-02T04:26:01.475Z" tests="6" failures="0" errors="0" time="0.266">
    <testcase name="Response header Content-Type is JSON" time="0.266" classname="EventsSearchEventsListsAllEventsNoSearchResults"/>
    <testcase name="Response body should not be null or empty" time="0.266" classname="EventsSearchEventsListsAllEventsNoSearchResults"/>
    <testcase name="Response time is within 2000ms" time="0.266" classname="EventsSearchEventsListsAllEventsNoSearchResults"/>
    <testcase name="Response status code should be 200" time="0.266" classname="EventsSearchEventsListsAllEventsNoSearchResults"/>
    <testcase name="The 'data' array is empty" time="0.266" classname="EventsSearchEventsListsAllEventsNoSearchResults"/>
    <testcase name="Pagination values are correct" time="0.266" classname="EventsSearchEventsListsAllEventsNoSearchResults"/>
  </testsuite>
  <testsuite name="Events / Search Events / Lists all events - One Search Result" id="83597c10-810a-454b-93e8-7412a384ee89" timestamp="2026-09-02T04:26:01.475Z" tests="7" failures="0" errors="0" time="0.264">
    <testcase name="Response header Content-Type is JSON" time="0.264" classname="EventsSearchEventsListsAllEventsOneSearchResult"/>
    <testcase name="Response body should not be null or empty" time="0.264" classname="EventsSearchEventsListsAllEventsOneSearchResult"/>
    <testcase name="Response time is within 2000ms" time="0.264" classname="EventsSearchEventsListsAllEventsOneSearchResult"/>
    <testcase name="Response status code should be 200" time="0.264" classname="EventsSearchEventsListsAllEventsOneSearchResult"/>
    <testcase name="The 'data' array is not empty and not null" time="0.264" classname="EventsSearchEventsListsAllEventsOneSearchResult"/>
    <testcase name="Each property in the 'data' array has the expected properties" time="0.264" classname="EventsSearchEventsListsAllEventsOneSearchResult"/>
    <testcase name="Pagination values are correct" time="0.264" classname="EventsSearchEventsListsAllEventsOneSearchResult"/>
  </testsuite>
  <testsuite name="Events / Events - Negative Tests / Create Event / Create a new event -  Empty request body" id="f63f96c0-4ea5-4701-9236-c745f7e4849c" timestamp="2026-09-02T04:26:01.475Z" tests="18" failures="0" errors="0" time="0.226">
    <testcase name="Response header Content-Type is JSON" time="0.226" classname="EventsEventsNegativeTestsCreateEventCreateANewEventEmptyRequestBody"/>
    <testcase name="Response body should not be null or empty" time="0.226" classname="EventsEventsNegativeTestsCreateEventCreateANewEventEmptyRequestBody"/>
    <testcase name="Response time is within 2000ms" time="0.226" classname="EventsEventsNegativeTestsCreateEventCreateANewEventEmptyRequestBody"/>
    <testcase name="Response status code should be 400" time="0.226" classname="EventsEventsNegativeTestsCreateEventCreateANewEventEmptyRequestBody"/>
    <testcase name="success should be false" time="0.226" classname="EventsEventsNegativeTestsCreateEventCreateANewEventEmptyRequestBody"/>
    <testcase name="error should be 'Validation failed'" time="0.226" classname="EventsEventsNegativeTestsCreateEventCreateANewEventEmptyRequestBody"/>
    <testcase name="details array should exist and be an array" time="0.226" classname="EventsEventsNegativeTestsCreateEventCreateANewEventEmptyRequestBody"/>
    <testcase name="each item in details should have 'field' and 'message' properties" time="0.226" classname="EventsEventsNegativeTestsCreateEventCreateANewEventEmptyRequestBody"/>
    <testcase name="Validation failed for 'title' required field" time="0.226" classname="EventsEventsNegativeTestsCreateEventCreateANewEventEmptyRequestBody"/>
    <testcase name="Validation failed for 'category' required field" time="0.226" classname="EventsEventsNegativeTestsCreateEventCreateANewEventEmptyRequestBody"/>
    <testcase name="Validation failed for 'venue' required field" time="0.226" classname="EventsEventsNegativeTestsCreateEventCreateANewEventEmptyRequestBody"/>
    <testcase name="Validation failed for 'city' required field" time="0.226" classname="EventsEventsNegativeTestsCreateEventCreateANewEventEmptyRequestBody"/>
    <testcase name="Validation failed for 'eventDate' required field" time="0.226" classname="EventsEventsNegativeTestsCreateEventCreateANewEventEmptyRequestBody"/>
    <testcase name="Validation failed for 'price' required field" time="0.226" classname="EventsEventsNegativeTestsCreateEventCreateANewEventEmptyRequestBody"/>
    <testcase name="Validation failed for 'totalSeats' required field" time="0.226" classname="EventsEventsNegativeTestsCreateEventCreateANewEventEmptyRequestBody"/>
  </testsuite>
  <testsuite name="Events / Events - Negative Tests / Create Event / Create a new event - No values for required fields" id="f346dec9-bd39-4a0d-acc8-f77716e51b18" timestamp="2026-09-02T04:26:01.475Z" tests="14" failures="0" errors="0" time="0.763">
    <testcase name="Response header Content-Type is JSON" time="0.763" classname="EventsEventsNegativeTestsCreateEventCreateANewEventNoValuesForRequiredFields"/>
    <testcase name="Response body should not be null or empty" time="0.763" classname="EventsEventsNegativeTestsCreateEventCreateANewEventNoValuesForRequiredFields"/>
    <testcase name="Response time is within 2000ms" time="0.763" classname="EventsEventsNegativeTestsCreateEventCreateANewEventNoValuesForRequiredFields"/>
    <testcase name="Response status code should be 400" time="0.763" classname="EventsEventsNegativeTestsCreateEventCreateANewEventNoValuesForRequiredFields"/>
    <testcase name="success should be false" time="0.763" classname="EventsEventsNegativeTestsCreateEventCreateANewEventNoValuesForRequiredFields"/>
    <testcase name="error should be 'Validation failed'" time="0.763" classname="EventsEventsNegativeTestsCreateEventCreateANewEventNoValuesForRequiredFields"/>
    <testcase name="details array should exist and be an array" time="0.763" classname="EventsEventsNegativeTestsCreateEventCreateANewEventNoValuesForRequiredFields"/>
    <testcase name="each item in details should have 'field' and 'message' properties" time="0.763" classname="EventsEventsNegativeTestsCreateEventCreateANewEventNoValuesForRequiredFields"/>
    <testcase name="Validation failed for 'title' required field" time="0.763" classname="EventsEventsNegativeTestsCreateEventCreateANewEventNoValuesForRequiredFields"/>
    <testcase name="Validation failed for 'category' required field" time="0.763" classname="EventsEventsNegativeTestsCreateEventCreateANewEventNoValuesForRequiredFields"/>
    <testcase name="Validation failed for 'venue' required field" time="0.763" classname="EventsEventsNegativeTestsCreateEventCreateANewEventNoValuesForRequiredFields"/>
    <testcase name="Validation failed for 'city' required field" time="0.763" classname="EventsEventsNegativeTestsCreateEventCreateANewEventNoValuesForRequiredFields"/>
    <testcase name="Validation failed for 'eventDate' required field" time="0.763" classname="EventsEventsNegativeTestsCreateEventCreateANewEventNoValuesForRequiredFields"/>
  </testsuite>
  <testsuite name="Events / Events - Negative Tests / Create Event / Create a new event - Missing all field values" id="971c166d-7b90-4bc2-9b78-57b53c219de6" timestamp="2026-09-02T04:26:01.475Z" tests="6" failures="0" errors="0" time="0.818">
    <testcase name="Response header Content-Type is JSON" time="0.818" classname="EventsEventsNegativeTestsCreateEventCreateANewEventMissingAllFieldValues"/>
    <testcase name="Response body should not be null or empty" time="0.818" classname="EventsEventsNegativeTestsCreateEventCreateANewEventMissingAllFieldValues"/>
    <testcase name="Response time is within 2000ms" time="0.818" classname="EventsEventsNegativeTestsCreateEventCreateANewEventMissingAllFieldValues"/>
    <testcase name="Response status code should be 500" time="0.818" classname="EventsEventsNegativeTestsCreateEventCreateANewEventMissingAllFieldValues"/>
    <testcase name="success should be false" time="0.818" classname="EventsEventsNegativeTestsCreateEventCreateANewEventMissingAllFieldValues"/>
    <testcase name="error should be 'Internal server error'" time="0.818" classname="EventsEventsNegativeTestsCreateEventCreateANewEventMissingAllFieldValues"/>
  </testsuite>
  <testsuite name="Events / Events - Negative Tests / Create Event / Create a new event - No values for price and total seats" id="2209a7c4-25c1-4e42-8971-cd1fbd6374b6" timestamp="2026-09-02T04:26:01.475Z" tests="6" failures="0" errors="0" time="0.831">
    <testcase name="Response header Content-Type is JSON" time="0.831" classname="EventsEventsNegativeTestsCreateEventCreateANewEventNoValuesForPriceAndTotalSeats"/>
    <testcase name="Response body should not be null or empty" time="0.831" classname="EventsEventsNegativeTestsCreateEventCreateANewEventNoValuesForPriceAndTotalSeats"/>
    <testcase name="Response time is within 2000ms" time="0.831" classname="EventsEventsNegativeTestsCreateEventCreateANewEventNoValuesForPriceAndTotalSeats"/>
    <testcase name="Response status code should be 500" time="0.831" classname="EventsEventsNegativeTestsCreateEventCreateANewEventNoValuesForPriceAndTotalSeats"/>
    <testcase name="success should be false" time="0.831" classname="EventsEventsNegativeTestsCreateEventCreateANewEventNoValuesForPriceAndTotalSeats"/>
    <testcase name="error should be 'Internal server error'" time="0.831" classname="EventsEventsNegativeTestsCreateEventCreateANewEventNoValuesForPriceAndTotalSeats"/>
  </testsuite>
  <testsuite name="Events / Events - Negative Tests / Create Event / Create a new event - Invalid date format" id="ce7f7aba-d413-4f8e-9591-c2ef19e9ace7" timestamp="2026-09-02T04:26:01.475Z" tests="9" failures="0" errors="0" time="0.717">
    <testcase name="Response header Content-Type is JSON" time="0.717" classname="EventsEventsNegativeTestsCreateEventCreateANewEventInvalidDateFormat"/>
    <testcase name="Response body should not be null or empty" time="0.717" classname="EventsEventsNegativeTestsCreateEventCreateANewEventInvalidDateFormat"/>
    <testcase name="Response time is within 2000ms" time="0.717" classname="EventsEventsNegativeTestsCreateEventCreateANewEventInvalidDateFormat"/>
    <testcase name="Response status code should be 400" time="0.717" classname="EventsEventsNegativeTestsCreateEventCreateANewEventInvalidDateFormat"/>
    <testcase name="success should be false" time="0.717" classname="EventsEventsNegativeTestsCreateEventCreateANewEventInvalidDateFormat"/>
    <testcase name="error should be 'Validation failed'" time="0.717" classname="EventsEventsNegativeTestsCreateEventCreateANewEventInvalidDateFormat"/>
    <testcase name="details array should exist and be an array" time="0.717" classname="EventsEventsNegativeTestsCreateEventCreateANewEventInvalidDateFormat"/>
    <testcase name="each item in details should have 'field' and 'message' properties" time="0.717" classname="EventsEventsNegativeTestsCreateEventCreateANewEventInvalidDateFormat"/>
    <testcase name="Validation failed for 'eventDate' required field" time="0.717" classname="EventsEventsNegativeTestsCreateEventCreateANewEventInvalidDateFormat"/>
  </testsuite>
  <testsuite name="Events / Events - Negative Tests / Get Event / Get a single event by ID - Not existing ID" id="ea70c6b0-8227-4025-b0fa-ab7e8c913f2f" timestamp="2026-09-02T04:26:01.475Z" tests="6" failures="0" errors="0" time="0.686">
    <testcase name="Response header Content-Type is JSON" time="0.686" classname="EventsEventsNegativeTestsGetEventGetASingleEventByIdNotExistingId"/>
    <testcase name="Response body should not be null or empty" time="0.686" classname="EventsEventsNegativeTestsGetEventGetASingleEventByIdNotExistingId"/>
    <testcase name="Response time is within 2000ms" time="0.686" classname="EventsEventsNegativeTestsGetEventGetASingleEventByIdNotExistingId"/>
    <testcase name="Response status code should be 404" time="0.686" classname="EventsEventsNegativeTestsGetEventGetASingleEventByIdNotExistingId"/>
    <testcase name="success should be false" time="0.686" classname="EventsEventsNegativeTestsGetEventGetASingleEventByIdNotExistingId"/>
    <testcase name="error should be 'Event with id 1234567 not found'" time="0.686" classname="EventsEventsNegativeTestsGetEventGetASingleEventByIdNotExistingId"/>
  </testsuite>
  <testsuite name="Events / Events - Negative Tests / Update Event / Update an event - Parameter and Request Body No Values" id="841457d9-cb8e-49bb-b525-50c7cea45565" timestamp="2026-09-02T04:26:01.475Z" tests="6" failures="0" errors="0" time="0.224">
    <testcase name="Response header Content-Type is JSON" time="0.224" classname="EventsEventsNegativeTestsUpdateEventUpdateAnEventParameterAndRequestBodyNoValues"/>
    <testcase name="Response body should not be null or empty" time="0.224" classname="EventsEventsNegativeTestsUpdateEventUpdateAnEventParameterAndRequestBodyNoValues"/>
    <testcase name="Response time is within 2000ms" time="0.224" classname="EventsEventsNegativeTestsUpdateEventUpdateAnEventParameterAndRequestBodyNoValues"/>
    <testcase name="Response status code should be 500" time="0.224" classname="EventsEventsNegativeTestsUpdateEventUpdateAnEventParameterAndRequestBodyNoValues"/>
    <testcase name="success should be false" time="0.224" classname="EventsEventsNegativeTestsUpdateEventUpdateAnEventParameterAndRequestBodyNoValues"/>
    <testcase name="error should be 'Internal server error'" time="0.224" classname="EventsEventsNegativeTestsUpdateEventUpdateAnEventParameterAndRequestBodyNoValues"/>
  </testsuite>
  <testsuite name="Events / Events - Negative Tests / Update Event / Update an event - Parameter No Value" id="99c95fe4-37ce-463a-80a6-a01970fd786d" timestamp="2026-09-02T04:26:01.475Z" tests="6" failures="0" errors="0" time="0.891">
    <testcase name="Response header Content-Type is JSON" time="0.891" classname="EventsEventsNegativeTestsUpdateEventUpdateAnEventParameterNoValue"/>
    <testcase name="Response body should not be null or empty" time="0.891" classname="EventsEventsNegativeTestsUpdateEventUpdateAnEventParameterNoValue"/>
    <testcase name="Response time is within 2000ms" time="0.891" classname="EventsEventsNegativeTestsUpdateEventUpdateAnEventParameterNoValue"/>
    <testcase name="Response status code should be 404" time="0.891" classname="EventsEventsNegativeTestsUpdateEventUpdateAnEventParameterNoValue"/>
    <testcase name="success should be false" time="0.891" classname="EventsEventsNegativeTestsUpdateEventUpdateAnEventParameterNoValue"/>
    <testcase name="error should be 'Route PUT /api/events?id= not found'" time="0.891" classname="EventsEventsNegativeTestsUpdateEventUpdateAnEventParameterNoValue"/>
  </testsuite>
  <testsuite name="Events / Events - Negative Tests / Update Event / Update an event - Missing parameter" id="927804fa-1b10-4b3d-8203-57de3787e4ab" timestamp="2026-09-02T04:26:01.475Z" tests="6" failures="0" errors="0" time="0.244">
    <testcase name="Response header Content-Type is JSON" time="0.244" classname="EventsEventsNegativeTestsUpdateEventUpdateAnEventMissingParameter"/>
    <testcase name="Response body should not be null or empty" time="0.244" classname="EventsEventsNegativeTestsUpdateEventUpdateAnEventMissingParameter"/>
    <testcase name="Response time is within 2000ms" time="0.244" classname="EventsEventsNegativeTestsUpdateEventUpdateAnEventMissingParameter"/>
    <testcase name="Response status code should be 404" time="0.244" classname="EventsEventsNegativeTestsUpdateEventUpdateAnEventMissingParameter"/>
    <testcase name="success should be false" time="0.244" classname="EventsEventsNegativeTestsUpdateEventUpdateAnEventMissingParameter"/>
    <testcase name="error should be 'Route PUT /api/events not found'" time="0.244" classname="EventsEventsNegativeTestsUpdateEventUpdateAnEventMissingParameter"/>
  </testsuite>
  <testsuite name="Events / Events - Negative Tests / Delete Event / Delete an event - Deleted event ID" id="2f5164d6-8a08-454e-9a0d-fde54d053323" timestamp="2026-09-02T04:26:01.475Z" tests="6" failures="0" errors="0" time="0.246">
    <testcase name="Response header Content-Type is JSON" time="0.246" classname="EventsEventsNegativeTestsDeleteEventDeleteAnEventDeletedEventId"/>
    <testcase name="Response body should not be null or empty" time="0.246" classname="EventsEventsNegativeTestsDeleteEventDeleteAnEventDeletedEventId"/>
    <testcase name="Response time is within 2000ms" time="0.246" classname="EventsEventsNegativeTestsDeleteEventDeleteAnEventDeletedEventId"/>
    <testcase name="Response status code should be 404" time="0.246" classname="EventsEventsNegativeTestsDeleteEventDeleteAnEventDeletedEventId"/>
    <testcase name="success should be false" time="0.246" classname="EventsEventsNegativeTestsDeleteEventDeleteAnEventDeletedEventId"/>
    <testcase name="error should be 'Event with id 46440 not found'" time="0.246" classname="EventsEventsNegativeTestsDeleteEventDeleteAnEventDeletedEventId"/>
  </testsuite>
  <testsuite name="Bookings / Bookings - CRUD / List all bookings" id="3751c9fb-a3da-4f5d-830f-f2112609fa02" timestamp="2026-09-02T04:26:01.475Z" tests="7" failures="0" errors="0" time="0.247">
    <testcase name="Response header Content-Type is JSON" time="0.247" classname="BookingsBookingsCrudListAllBookings"/>
    <testcase name="Response body should not be null or empty" time="0.247" classname="BookingsBookingsCrudListAllBookings"/>
    <testcase name="Response time is within 2000ms" time="0.247" classname="BookingsBookingsCrudListAllBookings"/>
    <testcase name="Response status code should be 200" time="0.247" classname="BookingsBookingsCrudListAllBookings"/>
    <testcase name="success should be true" time="0.247" classname="BookingsBookingsCrudListAllBookings"/>
    <testcase name="The 'data' array is empty" time="0.247" classname="BookingsBookingsCrudListAllBookings"/>
    <testcase name="Pagination values are correct" time="0.247" classname="BookingsBookingsCrudListAllBookings"/>
  </testsuite>
  <testsuite name="Bookings / Bookings - CRUD / Create a new event" id="6733e230-c02c-4422-a3ed-e1431f4f73a4" timestamp="2026-09-02T04:26:01.475Z" tests="8" failures="0" errors="0" time="0.257">
    <testcase name="Response header Content-Type is JSON" time="0.257" classname="BookingsBookingsCrudCreateANewEvent"/>
    <testcase name="Response body should not be null or empty" time="0.257" classname="BookingsBookingsCrudCreateANewEvent"/>
    <testcase name="Response time is within 2000ms" time="0.257" classname="BookingsBookingsCrudCreateANewEvent"/>
    <testcase name="Status code should be 201" time="0.257" classname="BookingsBookingsCrudCreateANewEvent"/>
    <testcase name="Response success should be true" time="0.257" classname="BookingsBookingsCrudCreateANewEvent"/>
    <testcase name="Response message should be 'Event created successfully'" time="0.257" classname="BookingsBookingsCrudCreateANewEvent"/>
    <testcase name="Save eventID as collection variable" time="0.257" classname="BookingsBookingsCrudCreateANewEvent"/>
    <testcase name="Validate event data properties" time="0.257" classname="BookingsBookingsCrudCreateANewEvent"/>
  </testsuite>
  <testsuite name="Bookings / Bookings - CRUD / Get a single event by ID" id="236c5b2e-7860-470f-8447-6dbaae95bb90" timestamp="2026-09-02T04:26:01.475Z" tests="5" failures="0" errors="0" time="0.246">
    <testcase name="Response header Content-Type is JSON" time="0.246" classname="BookingsBookingsCrudGetASingleEventById"/>
    <testcase name="Response body should not be null or empty" time="0.246" classname="BookingsBookingsCrudGetASingleEventById"/>
    <testcase name="Response time is within 2000ms" time="0.246" classname="BookingsBookingsCrudGetASingleEventById"/>
    <testcase name="Response status code should be 200" time="0.246" classname="BookingsBookingsCrudGetASingleEventById"/>
    <testcase name="Validate event data properties" time="0.246" classname="BookingsBookingsCrudGetASingleEventById"/>
  </testsuite>
  <testsuite name="Bookings / Bookings - CRUD / Create a booking - Minimum Ticket" id="76e45de0-b177-462d-9d25-491a3c78059b" timestamp="2026-09-02T04:26:01.475Z" tests="10" failures="1" errors="0" time="0.257">
    <testcase name="Response header Content-Type is JSON" time="0.257" classname="BookingsBookingsCrudCreateABookingMinimumTicket"/>
    <testcase name="Response body should not be null or empty" time="0.257" classname="BookingsBookingsCrudCreateABookingMinimumTicket"/>
    <testcase name="Response time is within 2000ms" time="0.257" classname="BookingsBookingsCrudCreateABookingMinimumTicket"/>
    <testcase name="Status code should be 201" time="0.257" classname="BookingsBookingsCrudCreateABookingMinimumTicket"/>
    <testcase name="Response success should be true" time="0.257" classname="BookingsBookingsCrudCreateABookingMinimumTicket"/>
    <testcase name="Response message should be 'Booking confirmed!'" time="0.257" classname="BookingsBookingsCrudCreateABookingMinimumTicket"/>
    <testcase name="Save bookingID and bookingRefCode as collection variables" time="0.257" classname="BookingsBookingsCrudCreateABookingMinimumTicket"/>
    <testcase name="Available seats should be reduced after booking" time="0.257" classname="BookingsBookingsCrudCreateABookingMinimumTicket"/>
    <testcase name="Validate booking data properties" time="0.257" classname="BookingsBookingsCrudCreateABookingMinimumTicket"/>
    <testcase name="(BUG-001) Validate event object properties in booking response" time="0.257" classname="BookingsBookingsCrudCreateABookingMinimumTicket">
      <failure type="AssertionFailure" message="expected 150 to equal 149">
        <![CDATA[Failed 1 times.]]>
        <![CDATA[Collection JSON ID: ccf4ba6e-6bb2-4927-9353-144365d3d3de.]]>
        <![CDATA[Collection name: EventHubAPI - Functional.]]>
        <![CDATA[Request name: Bookings / Bookings - CRUD / Create a booking - Minimum Ticket.]]>
        <![CDATA[Test description: (BUG-001) Validate event object properties in booking response.]]>
        <![CDATA[Error message: expected 150 to equal 149.]]>
        <![CDATA[Stacktrace: AssertionError: expected 150 to equal 149
   at Object.eval sandbox-script.js:7:39).]]>
      </failure>
    </testcase>
  </testsuite>
  <testsuite name="Bookings / Bookings - CRUD / Get a single booking by ID" id="580d5374-ec2a-47b1-bb1f-0c86452ee5bb" timestamp="2026-09-02T04:26:01.475Z" tests="7" failures="1" errors="0" time="0.246">
    <testcase name="Response header Content-Type is JSON" time="0.246" classname="BookingsBookingsCrudGetASingleBookingById"/>
    <testcase name="Response body should not be null or empty" time="0.246" classname="BookingsBookingsCrudGetASingleBookingById"/>
    <testcase name="Response time is within 2000ms" time="0.246" classname="BookingsBookingsCrudGetASingleBookingById"/>
    <testcase name="Response status code should be 200" time="0.246" classname="BookingsBookingsCrudGetASingleBookingById"/>
    <testcase name="success should be true" time="0.246" classname="BookingsBookingsCrudGetASingleBookingById"/>
    <testcase name="Validate booking data object properties" time="0.246" classname="BookingsBookingsCrudGetASingleBookingById"/>
    <testcase name="(BUG-001) Validate data event object properties" time="0.246" classname="BookingsBookingsCrudGetASingleBookingById">
      <failure type="AssertionFailure" message="expected 150 to equal 149">
        <![CDATA[Failed 1 times.]]>
        <![CDATA[Collection JSON ID: ccf4ba6e-6bb2-4927-9353-144365d3d3de.]]>
        <![CDATA[Collection name: EventHubAPI - Functional.]]>
        <![CDATA[Request name: Bookings / Bookings - CRUD / Get a single booking by ID.]]>
        <![CDATA[Test description: (BUG-001) Validate data event object properties.]]>
        <![CDATA[Error message: expected 150 to equal 149.]]>
        <![CDATA[Stacktrace: AssertionError: expected 150 to equal 149
   at Object.eval sandbox-script.js:4:40).]]>
      </failure>
    </testcase>
  </testsuite>
  <testsuite name="Bookings / Bookings - CRUD / Look up a booking using a reference code" id="7f97120c-7513-414c-aab1-9f99920d3d59" timestamp="2026-09-02T04:26:01.475Z" tests="7" failures="1" errors="0" time="0.250">
    <testcase name="Response header Content-Type is JSON" time="0.250" classname="BookingsBookingsCrudLookUpABookingUsingAReferenceCode"/>
    <testcase name="Response body should not be null or empty" time="0.250" classname="BookingsBookingsCrudLookUpABookingUsingAReferenceCode"/>
    <testcase name="Response time is within 2000ms" time="0.250" classname="BookingsBookingsCrudLookUpABookingUsingAReferenceCode"/>
    <testcase name="Response status code should be 200" time="0.250" classname="BookingsBookingsCrudLookUpABookingUsingAReferenceCode"/>
    <testcase name="success should be true" time="0.250" classname="BookingsBookingsCrudLookUpABookingUsingAReferenceCode"/>
    <testcase name="Validate booking data object properties" time="0.250" classname="BookingsBookingsCrudLookUpABookingUsingAReferenceCode"/>
    <testcase name="(BUG-001) Validate data event object properties" time="0.250" classname="BookingsBookingsCrudLookUpABookingUsingAReferenceCode">
      <failure type="AssertionFailure" message="expected 150 to equal 149">
        <![CDATA[Failed 1 times.]]>
        <![CDATA[Collection JSON ID: ccf4ba6e-6bb2-4927-9353-144365d3d3de.]]>
        <![CDATA[Collection name: EventHubAPI - Functional.]]>
        <![CDATA[Request name: Bookings / Bookings - CRUD / Look up a booking using a reference code.]]>
        <![CDATA[Test description: (BUG-001) Validate data event object properties.]]>
        <![CDATA[Error message: expected 150 to equal 149.]]>
        <![CDATA[Stacktrace: AssertionError: expected 150 to equal 149
   at Object.eval sandbox-script.js:4:41).]]>
      </failure>
    </testcase>
  </testsuite>
  <testsuite name="Bookings / Bookings - CRUD / List all bookings" id="b3513c99-2983-44d1-ba04-b25fc46a47b3" timestamp="2026-09-02T04:26:01.475Z" tests="9" failures="0" errors="0" time="0.246">
    <testcase name="Response header Content-Type is JSON" time="0.246" classname="BookingsBookingsCrudListAllBookings"/>
    <testcase name="Response body should not be null or empty" time="0.246" classname="BookingsBookingsCrudListAllBookings"/>
    <testcase name="Response time is within 2000ms" time="0.246" classname="BookingsBookingsCrudListAllBookings"/>
    <testcase name="Response status code should be 200" time="0.246" classname="BookingsBookingsCrudListAllBookings"/>
    <testcase name="success should be true" time="0.246" classname="BookingsBookingsCrudListAllBookings"/>
    <testcase name="The 'data' array is not empty and not null" time="0.246" classname="BookingsBookingsCrudListAllBookings"/>
    <testcase name="Each property in the 'data' array has the expected properties" time="0.246" classname="BookingsBookingsCrudListAllBookings"/>
    <testcase name="Pagination values are correct" time="0.246" classname="BookingsBookingsCrudListAllBookings"/>
    <testcase name="Validate total quantity of booked tickets" time="0.246" classname="BookingsBookingsCrudListAllBookings"/>
  </testsuite>
  <testsuite name="Bookings / Bookings - CRUD / Cancel a booking" id="50e9d04e-5546-48e7-a362-4a8d839c0d95" timestamp="2026-09-02T04:26:01.475Z" tests="6" failures="0" errors="0" time="0.254">
    <testcase name="Response header Content-Type is JSON" time="0.254" classname="BookingsBookingsCrudCancelABooking"/>
    <testcase name="Response body should not be null or empty" time="0.254" classname="BookingsBookingsCrudCancelABooking"/>
    <testcase name="Response time is within 2000ms" time="0.254" classname="BookingsBookingsCrudCancelABooking"/>
    <testcase name="Response status code should be 200" time="0.254" classname="BookingsBookingsCrudCancelABooking"/>
    <testcase name="success should be true" time="0.254" classname="BookingsBookingsCrudCancelABooking"/>
    <testcase name="message should be 'Booking cancelled'" time="0.254" classname="BookingsBookingsCrudCancelABooking"/>
  </testsuite>
  <testsuite name="Bookings / Bookings - CRUD / Get a single booking by ID - Cancelled" id="6e854cbc-09cc-439e-8cb2-c14d259e6e3d" timestamp="2026-09-02T04:26:01.475Z" tests="6" failures="0" errors="0" time="0.245">
    <testcase name="Response header Content-Type is JSON" time="0.245" classname="BookingsBookingsCrudGetASingleBookingByIdCancelled"/>
    <testcase name="Response body should not be null or empty" time="0.245" classname="BookingsBookingsCrudGetASingleBookingByIdCancelled"/>
    <testcase name="Response time is within 2000ms" time="0.245" classname="BookingsBookingsCrudGetASingleBookingByIdCancelled"/>
    <testcase name="Response status code should be 404" time="0.245" classname="BookingsBookingsCrudGetASingleBookingByIdCancelled"/>
    <testcase name="success should be false" time="0.245" classname="BookingsBookingsCrudGetASingleBookingByIdCancelled"/>
    <testcase name="error should be 'Booking with id 141425 not found'" time="0.245" classname="BookingsBookingsCrudGetASingleBookingByIdCancelled"/>
  </testsuite>
  <testsuite name="Bookings / Bookings - CRUD / List all bookings - Cancelled (BUG-005)" id="9750f596-2b99-4815-b49f-8de608d8bff4" timestamp="2026-09-02T04:26:01.475Z" tests="7" failures="1" errors="0" time="0.246">
    <testcase name="Response header Content-Type is JSON" time="0.246" classname="BookingsBookingsCrudListAllBookingsCancelledBug005"/>
    <testcase name="Response body should not be null or empty" time="0.246" classname="BookingsBookingsCrudListAllBookingsCancelledBug005"/>
    <testcase name="Response time is within 2000ms" time="0.246" classname="BookingsBookingsCrudListAllBookingsCancelledBug005"/>
    <testcase name="Response status code should be 200" time="0.246" classname="BookingsBookingsCrudListAllBookingsCancelledBug005"/>
    <testcase name="success should be true" time="0.246" classname="BookingsBookingsCrudListAllBookingsCancelledBug005"/>
    <testcase name="(BUG-005) The 'data' array is null or empty" time="0.246" classname="BookingsBookingsCrudListAllBookingsCancelledBug005">
      <failure type="AssertionFailure" message="Reported as BUG-005: Cancelled Bookings Not Returned in List">
        <![CDATA[Failed 1 times.]]>
        <![CDATA[Collection JSON ID: ccf4ba6e-6bb2-4927-9353-144365d3d3de.]]>
        <![CDATA[Collection name: EventHubAPI - Functional.]]>
        <![CDATA[Request name: Bookings / Bookings - CRUD / List all bookings - Cancelled (BUG-005).]]>
        <![CDATA[Test description: (BUG-005) The 'data' array is null or empty.]]>
        <![CDATA[Error message: Reported as BUG-005: Cancelled Bookings Not Returned in List.]]>
        <![CDATA[Stacktrace: AssertionError: Reported as BUG-005: Cancelled Bookings Not Returned in List
   at Object.eval sandbox-script.js:3:45).]]>
      </failure>
    </testcase>
    <testcase name="Pagination values are correct" time="0.246" classname="BookingsBookingsCrudListAllBookingsCancelledBug005"/>
  </testsuite>
  <testsuite name="Bookings / Bookings - CRUD / List all bookings" id="27e454e2-27de-46a9-8505-f5232916f3f0" timestamp="2026-09-02T04:26:01.475Z" tests="7" failures="0" errors="0" time="0.246">
    <testcase name="Response header Content-Type is JSON" time="0.246" classname="BookingsBookingsCrudListAllBookings"/>
    <testcase name="Response body should not be null or empty" time="0.246" classname="BookingsBookingsCrudListAllBookings"/>
    <testcase name="Response time is within 2000ms" time="0.246" classname="BookingsBookingsCrudListAllBookings"/>
    <testcase name="Response status code should be 200" time="0.246" classname="BookingsBookingsCrudListAllBookings"/>
    <testcase name="success should be true" time="0.246" classname="BookingsBookingsCrudListAllBookings"/>
    <testcase name="The 'data' array is empty" time="0.246" classname="BookingsBookingsCrudListAllBookings"/>
    <testcase name="Pagination values are correct" time="0.246" classname="BookingsBookingsCrudListAllBookings"/>
  </testsuite>
  <testsuite name="Bookings / Bookings - CRUD / Delete an event" id="f39d50b6-23e7-4dc5-a687-06513788fec8" timestamp="2026-09-02T04:26:01.475Z" tests="6" failures="0" errors="0" time="0.253">
    <testcase name="Response header Content-Type is JSON" time="0.253" classname="BookingsBookingsCrudDeleteAnEvent"/>
    <testcase name="Response body should not be null or empty" time="0.253" classname="BookingsBookingsCrudDeleteAnEvent"/>
    <testcase name="Response time is within 2000ms" time="0.253" classname="BookingsBookingsCrudDeleteAnEvent"/>
    <testcase name="Response status code should be 200" time="0.253" classname="BookingsBookingsCrudDeleteAnEvent"/>
    <testcase name="success should be true" time="0.253" classname="BookingsBookingsCrudDeleteAnEvent"/>
    <testcase name="message should be 'Event deleted successfully'" time="0.253" classname="BookingsBookingsCrudDeleteAnEvent"/>
  </testsuite>
  <testsuite name="Bookings / Bookings - CRUD / Verify event is deleted" id="ca321749-cdc6-4f32-8de9-8a0404d4dfac" timestamp="2026-09-02T04:26:01.475Z" tests="6" failures="0" errors="0" time="0.247">
    <testcase name="Response header Content-Type is JSON" time="0.247" classname="BookingsBookingsCrudVerifyEventIsDeleted"/>
    <testcase name="Response body should not be null or empty" time="0.247" classname="BookingsBookingsCrudVerifyEventIsDeleted"/>
    <testcase name="Response time is within 2000ms" time="0.247" classname="BookingsBookingsCrudVerifyEventIsDeleted"/>
    <testcase name="Response status code should be 404" time="0.247" classname="BookingsBookingsCrudVerifyEventIsDeleted"/>
    <testcase name="success should be false" time="0.247" classname="BookingsBookingsCrudVerifyEventIsDeleted"/>
    <testcase name="error should be Event with id '110037' not found" time="0.247" classname="BookingsBookingsCrudVerifyEventIsDeleted"/>
  </testsuite>
  <testsuite name="Bookings / Bookings - Negative Tests / GET - List all bokings / List all bookings - Invalid values" id="e227b0b6-83b0-4ad0-b8c1-73bb3802d1e6" timestamp="2026-09-02T04:26:01.475Z" tests="6" failures="0" errors="0" time="0.246">
    <testcase name="Response header Content-Type is JSON" time="0.246" classname="BookingsBookingsNegativeTestsGetListAllBokingsListAllBookingsInvalidValues"/>
    <testcase name="Response body should not be null or empty" time="0.246" classname="BookingsBookingsNegativeTestsGetListAllBokingsListAllBookingsInvalidValues"/>
    <testcase name="Response time is within 2000ms" time="0.246" classname="BookingsBookingsNegativeTestsGetListAllBokingsListAllBookingsInvalidValues"/>
    <testcase name="Response status code should be 500" time="0.246" classname="BookingsBookingsNegativeTestsGetListAllBokingsListAllBookingsInvalidValues"/>
    <testcase name="success should be false" time="0.246" classname="BookingsBookingsNegativeTestsGetListAllBokingsListAllBookingsInvalidValues"/>
    <testcase name="error should be 'Internal server error'" time="0.246" classname="BookingsBookingsNegativeTestsGetListAllBokingsListAllBookingsInvalidValues"/>
  </testsuite>
  <testsuite name="Bookings / Bookings - Negative Tests / GET - Lookup booking / Look up a booking using a reference code - Incorrect code" id="f38c19b1-918b-48a7-8261-2b2038bd5c60" timestamp="2026-09-02T04:26:01.475Z" tests="6" failures="0" errors="0" time="0.675">
    <testcase name="Response header Content-Type is JSON" time="0.675" classname="BookingsBookingsNegativeTestsGetLookupBookingLookUpABookingUsingAReferenceCodeIncorrectCode"/>
    <testcase name="Response body should not be null or empty" time="0.675" classname="BookingsBookingsNegativeTestsGetLookupBookingLookUpABookingUsingAReferenceCodeIncorrectCode"/>
    <testcase name="Response time is within 2000ms" time="0.675" classname="BookingsBookingsNegativeTestsGetLookupBookingLookUpABookingUsingAReferenceCodeIncorrectCode"/>
    <testcase name="Response status code should be 404" time="0.675" classname="BookingsBookingsNegativeTestsGetLookupBookingLookUpABookingUsingAReferenceCodeIncorrectCode"/>
    <testcase name="success should be false" time="0.675" classname="BookingsBookingsNegativeTestsGetLookupBookingLookUpABookingUsingAReferenceCodeIncorrectCode"/>
    <testcase name="error should be 'Route GET /api%7B/bookings/ref?ref%20=ref-123456 not found'" time="0.675" classname="BookingsBookingsNegativeTestsGetLookupBookingLookUpABookingUsingAReferenceCodeIncorrectCode"/>
  </testsuite>
  <testsuite name="Bookings / Bookings - Negative Tests / GET - Get a booking / Get a single booking by ID - Missing parameter" id="adc94919-dcdc-4cb2-9d4c-257709538bdd" timestamp="2026-09-02T04:26:01.475Z" tests="6" failures="0" errors="0" time="0.224">
    <testcase name="Response header Content-Type is JSON" time="0.224" classname="BookingsBookingsNegativeTestsGetGetABookingGetASingleBookingByIdMissingParameter"/>
    <testcase name="Response body should not be null or empty" time="0.224" classname="BookingsBookingsNegativeTestsGetGetABookingGetASingleBookingByIdMissingParameter"/>
    <testcase name="Response time is within 2000ms" time="0.224" classname="BookingsBookingsNegativeTestsGetGetABookingGetASingleBookingByIdMissingParameter"/>
    <testcase name="Response status code should be 404" time="0.224" classname="BookingsBookingsNegativeTestsGetGetABookingGetASingleBookingByIdMissingParameter"/>
    <testcase name="success should be false" time="0.224" classname="BookingsBookingsNegativeTestsGetGetABookingGetASingleBookingByIdMissingParameter"/>
    <testcase name="error should be 'Route GET /api%7B/bookings not found'" time="0.224" classname="BookingsBookingsNegativeTestsGetGetABookingGetASingleBookingByIdMissingParameter"/>
  </testsuite>
  <testsuite name="Bookings / Bookings - Negative Tests / POST - Create booking / Create a booking - Empty request body" id="4537bf05-953d-4da7-9bbe-0ad693f206a9" timestamp="2026-09-02T04:26:01.475Z" tests="19" failures="0" errors="0" time="0.226">
    <testcase name="Response header Content-Type is JSON" time="0.226" classname="BookingsBookingsNegativeTestsPostCreateBookingCreateABookingEmptyRequestBody"/>
    <testcase name="Response body should not be null or empty" time="0.226" classname="BookingsBookingsNegativeTestsPostCreateBookingCreateABookingEmptyRequestBody"/>
    <testcase name="Response time is within 2000ms" time="0.226" classname="BookingsBookingsNegativeTestsPostCreateBookingCreateABookingEmptyRequestBody"/>
    <testcase name="Response status code should be 400" time="0.226" classname="BookingsBookingsNegativeTestsPostCreateBookingCreateABookingEmptyRequestBody"/>
    <testcase name="success should be false" time="0.226" classname="BookingsBookingsNegativeTestsPostCreateBookingCreateABookingEmptyRequestBody"/>
    <testcase name="error should be 'Validation failed'" time="0.226" classname="BookingsBookingsNegativeTestsPostCreateBookingCreateABookingEmptyRequestBody"/>
    <testcase name="details array should exist and be an array" time="0.226" classname="BookingsBookingsNegativeTestsPostCreateBookingCreateABookingEmptyRequestBody"/>
    <testcase name="each item in details should have 'field' and 'message' properties" time="0.226" classname="BookingsBookingsNegativeTestsPostCreateBookingCreateABookingEmptyRequestBody"/>
    <testcase name="Validation failed for 'eventId' required field" time="0.226" classname="BookingsBookingsNegativeTestsPostCreateBookingCreateABookingEmptyRequestBody"/>
    <testcase name="Validation failed for 'customerName' required field" time="0.226" classname="BookingsBookingsNegativeTestsPostCreateBookingCreateABookingEmptyRequestBody"/>
    <testcase name="Validation failed for 'customerEmail' required field" time="0.226" classname="BookingsBookingsNegativeTestsPostCreateBookingCreateABookingEmptyRequestBody"/>
    <testcase name="Validation failed for 'customerPhone' required field" time="0.226" classname="BookingsBookingsNegativeTestsPostCreateBookingCreateABookingEmptyRequestBody"/>
    <testcase name="Validation failed for 'quantity' required field" time="0.226" classname="BookingsBookingsNegativeTestsPostCreateBookingCreateABookingEmptyRequestBody"/>
  </testsuite>
  <testsuite name="Bookings / Bookings - Negative Tests / POST - Create booking / Create a booking - Empty field values" id="77a8f2fb-8e6e-4d5d-9adc-43ae524fdfe2" timestamp="2026-09-02T04:26:01.475Z" tests="6" failures="0" errors="0" time="0.713">
    <testcase name="Response header Content-Type is JSON" time="0.713" classname="BookingsBookingsNegativeTestsPostCreateBookingCreateABookingEmptyFieldValues"/>
    <testcase name="Response body should not be null or empty" time="0.713" classname="BookingsBookingsNegativeTestsPostCreateBookingCreateABookingEmptyFieldValues"/>
    <testcase name="Response time is within 2000ms" time="0.713" classname="BookingsBookingsNegativeTestsPostCreateBookingCreateABookingEmptyFieldValues"/>
    <testcase name="Response status code should be 500" time="0.713" classname="BookingsBookingsNegativeTestsPostCreateBookingCreateABookingEmptyFieldValues"/>
    <testcase name="success should be false" time="0.713" classname="BookingsBookingsNegativeTestsPostCreateBookingCreateABookingEmptyFieldValues"/>
    <testcase name="error should be 'Internal server error'" time="0.713" classname="BookingsBookingsNegativeTestsPostCreateBookingCreateABookingEmptyFieldValues"/>
  </testsuite>
  <testsuite name="Bookings / Bookings - Negative Tests / POST - Create booking / Create a booking - Null integer values" id="66903106-5e2b-49b0-849e-67d59abb7e52" timestamp="2026-09-02T04:26:01.475Z" tests="12" failures="0" errors="0" time="0.700">
    <testcase name="Response header Content-Type is JSON" time="0.700" classname="BookingsBookingsNegativeTestsPostCreateBookingCreateABookingNullIntegerValues"/>
    <testcase name="Response body should not be null or empty" time="0.700" classname="BookingsBookingsNegativeTestsPostCreateBookingCreateABookingNullIntegerValues"/>
    <testcase name="Response time is within 2000ms" time="0.700" classname="BookingsBookingsNegativeTestsPostCreateBookingCreateABookingNullIntegerValues"/>
    <testcase name="Response status code should be 400" time="0.700" classname="BookingsBookingsNegativeTestsPostCreateBookingCreateABookingNullIntegerValues"/>
    <testcase name="success should be false" time="0.700" classname="BookingsBookingsNegativeTestsPostCreateBookingCreateABookingNullIntegerValues"/>
    <testcase name="error should be 'Validation failed'" time="0.700" classname="BookingsBookingsNegativeTestsPostCreateBookingCreateABookingNullIntegerValues"/>
    <testcase name="details array should exist and be an array" time="0.700" classname="BookingsBookingsNegativeTestsPostCreateBookingCreateABookingNullIntegerValues"/>
    <testcase name="each item in details should have 'field' and 'message' properties" time="0.700" classname="BookingsBookingsNegativeTestsPostCreateBookingCreateABookingNullIntegerValues"/>
    <testcase name="Validation failed for 'eventId' required field" time="0.700" classname="BookingsBookingsNegativeTestsPostCreateBookingCreateABookingNullIntegerValues"/>
    <testcase name="Validation failed for 'quantity' required field" time="0.700" classname="BookingsBookingsNegativeTestsPostCreateBookingCreateABookingNullIntegerValues"/>
  </testsuite>
  <testsuite name="Bookings / Bookings - Negative Tests / POST - Create booking / Create a booking - Event ID = 0" id="68057a51-5cbd-453d-b57d-d93c92b6139a" timestamp="2026-09-02T04:26:01.475Z" tests="8" failures="0" errors="0" time="0.691">
    <testcase name="Response header Content-Type is JSON" time="0.691" classname="BookingsBookingsNegativeTestsPostCreateBookingCreateABookingEventId0"/>
    <testcase name="Response body should not be null or empty" time="0.691" classname="BookingsBookingsNegativeTestsPostCreateBookingCreateABookingEventId0"/>
    <testcase name="Response time is within 2000ms" time="0.691" classname="BookingsBookingsNegativeTestsPostCreateBookingCreateABookingEventId0"/>
    <testcase name="Response status code should be 400" time="0.691" classname="BookingsBookingsNegativeTestsPostCreateBookingCreateABookingEventId0"/>
    <testcase name="success should be false" time="0.691" classname="BookingsBookingsNegativeTestsPostCreateBookingCreateABookingEventId0"/>
    <testcase name="error should be 'Validation failed'" time="0.691" classname="BookingsBookingsNegativeTestsPostCreateBookingCreateABookingEventId0"/>
    <testcase name="details array should exist and be an array" time="0.691" classname="BookingsBookingsNegativeTestsPostCreateBookingCreateABookingEventId0"/>
    <testcase name="Validation failed for 'eventId' required field" time="0.691" classname="BookingsBookingsNegativeTestsPostCreateBookingCreateABookingEventId0"/>
  </testsuite>
  <testsuite name="Bookings / Bookings - Negative Tests / DELETE - Cancel booking / Cancel a booking - Missing parameter" id="b8333151-a1fa-456f-b5ef-46f191bb17c4" timestamp="2026-09-02T04:26:01.475Z" tests="6" failures="0" errors="0" time="0.737">
    <testcase name="Response header Content-Type is JSON" time="0.737" classname="BookingsBookingsNegativeTestsDeleteCancelBookingCancelABookingMissingParameter"/>
    <testcase name="Response body should not be null or empty" time="0.737" classname="BookingsBookingsNegativeTestsDeleteCancelBookingCancelABookingMissingParameter"/>
    <testcase name="Response time is within 2000ms" time="0.737" classname="BookingsBookingsNegativeTestsDeleteCancelBookingCancelABookingMissingParameter"/>
    <testcase name="Response status code should be 404" time="0.737" classname="BookingsBookingsNegativeTestsDeleteCancelBookingCancelABookingMissingParameter"/>
    <testcase name="success should be false" time="0.737" classname="BookingsBookingsNegativeTestsDeleteCancelBookingCancelABookingMissingParameter"/>
    <testcase name="error should be 'Route DELETE /api%7B/bookings not found'" time="0.737" classname="BookingsBookingsNegativeTestsDeleteCancelBookingCancelABookingMissingParameter"/>
  </testsuite>
</testsuites>