<?xml version="1.0" encoding="UTF-8"?>
<testsuites name="EventHubAPI - Functional" tests="56" time="20.832">
  <testsuite name="Admin Login / Login with existing credentials" id="f71bdde5-9bf2-475c-9489-5bb688c99610" timestamp="2026-09-01T08:03:36.694Z" tests="8" failures="0" errors="0" time="0.944">
    <testcase name="Response header Content-Type is JSON" time="0.944" classname="AdminLoginLoginWithExistingCredentials"/>
    <testcase name="Response body should not be null or empty" time="0.944" classname="AdminLoginLoginWithExistingCredentials"/>
    <testcase name="Response time is within 2000ms" time="0.944" classname="AdminLoginLoginWithExistingCredentials"/>
    <testcase name="Response status code should be 200" time="0.944" classname="AdminLoginLoginWithExistingCredentials"/>
    <testcase name="success should be true" time="0.944" classname="AdminLoginLoginWithExistingCredentials"/>
    <testcase name="Response has token property and not empty" time="0.944" classname="AdminLoginLoginWithExistingCredentials"/>
    <testcase name="Extract token and set environment variable" time="0.944" classname="AdminLoginLoginWithExistingCredentials"/>
    <testcase name="Response contains login user id and email" time="0.944" classname="AdminLoginLoginWithExistingCredentials"/>
  </testsuite>
  <testsuite name="Admin Login / Get the currently auhenticated user" id="eb066119-d9c7-4852-883e-e6c29f20035c" timestamp="2026-09-01T08:03:36.694Z" tests="6" failures="0" errors="0" time="0.245">
    <testcase name="Response header Content-Type is JSON" time="0.245" classname="AdminLoginGetTheCurrentlyAuhenticatedUser"/>
    <testcase name="Response body should not be null or empty" time="0.245" classname="AdminLoginGetTheCurrentlyAuhenticatedUser"/>
    <testcase name="Response time is within 2000ms" time="0.245" classname="AdminLoginGetTheCurrentlyAuhenticatedUser"/>
    <testcase name="Response status code should be 200" time="0.245" classname="AdminLoginGetTheCurrentlyAuhenticatedUser"/>
    <testcase name="success should be true" time="0.245" classname="AdminLoginGetTheCurrentlyAuhenticatedUser"/>
    <testcase name="Response contains login user" time="0.245" classname="AdminLoginGetTheCurrentlyAuhenticatedUser"/>
  </testsuite>
  <testsuite name="Authorization / Authorization - CRUD / Register a new user" id="79fc8de2-f7c0-40cd-bcbf-897f976134ba" timestamp="2026-09-01T08:03:36.694Z" tests="10" failures="0" errors="0" time="0.343">
    <testcase name="Pre-request: Generate user email and set as collection variable" time="0.343" classname="AuthorizationAuthorizationCrudRegisterANewUser"/>
    <testcase name="Response header Content-Type is JSON" time="0.343" classname="AuthorizationAuthorizationCrudRegisterANewUser"/>
    <testcase name="Response body should not be null or empty" time="0.343" classname="AuthorizationAuthorizationCrudRegisterANewUser"/>
    <testcase name="Response time is within 2000ms" time="0.343" classname="AuthorizationAuthorizationCrudRegisterANewUser"/>
    <testcase name="Response status code should be 201" time="0.343" classname="AuthorizationAuthorizationCrudRegisterANewUser"/>
    <testcase name="success should be true" time="0.343" classname="AuthorizationAuthorizationCrudRegisterANewUser"/>
    <testcase name="token should be a string" time="0.343" classname="AuthorizationAuthorizationCrudRegisterANewUser"/>
    <testcase name="Set token as environment variable" time="0.343" classname="AuthorizationAuthorizationCrudRegisterANewUser"/>
    <testcase name="Response contains created user id and email" time="0.343" classname="AuthorizationAuthorizationCrudRegisterANewUser"/>
    <testcase name="Set '46844' user id as collection variable" time="0.343" classname="AuthorizationAuthorizationCrudRegisterANewUser"/>
  </testsuite>
  <testsuite name="Authorization / Authorization - CRUD / Login with registered new user" id="20fb709a-1525-4d04-8994-8c93e2652df3" timestamp="2026-09-01T08:03:36.694Z" tests="8" failures="0" errors="0" time="0.333">
    <testcase name="Response header Content-Type is JSON" time="0.333" classname="AuthorizationAuthorizationCrudLoginWithRegisteredNewUser"/>
    <testcase name="Response body should not be null or empty" time="0.333" classname="AuthorizationAuthorizationCrudLoginWithRegisteredNewUser"/>
    <testcase name="Response time is within 2000ms" time="0.333" classname="AuthorizationAuthorizationCrudLoginWithRegisteredNewUser"/>
    <testcase name="Response status code should be 200" time="0.333" classname="AuthorizationAuthorizationCrudLoginWithRegisteredNewUser"/>
    <testcase name="success should be true" time="0.333" classname="AuthorizationAuthorizationCrudLoginWithRegisteredNewUser"/>
    <testcase name="Response has token property and not empty" time="0.333" classname="AuthorizationAuthorizationCrudLoginWithRegisteredNewUser"/>
    <testcase name="Extract token and set environment variable" time="0.333" classname="AuthorizationAuthorizationCrudLoginWithRegisteredNewUser"/>
    <testcase name="Response contains login user id and email" time="0.333" classname="AuthorizationAuthorizationCrudLoginWithRegisteredNewUser"/>
  </testsuite>
  <testsuite name="Authorization / Authorization - CRUD / Get the currently auhenticated user" id="f8f76d9b-c6ae-4275-a927-eec5fca0bfc3" timestamp="2026-09-01T08:03:36.694Z" tests="6" failures="0" errors="0" time="0.245">
    <testcase name="Response header Content-Type is JSON" time="0.245" classname="AuthorizationAuthorizationCrudGetTheCurrentlyAuhenticatedUser"/>
    <testcase name="Response body should not be null or empty" time="0.245" classname="AuthorizationAuthorizationCrudGetTheCurrentlyAuhenticatedUser"/>
    <testcase name="Response time is within 2000ms" time="0.245" classname="AuthorizationAuthorizationCrudGetTheCurrentlyAuhenticatedUser"/>
    <testcase name="Response status code should be 200" time="0.245" classname="AuthorizationAuthorizationCrudGetTheCurrentlyAuhenticatedUser"/>
    <testcase name="success should be true" time="0.245" classname="AuthorizationAuthorizationCrudGetTheCurrentlyAuhenticatedUser"/>
    <testcase name="Response contains login user" time="0.245" classname="AuthorizationAuthorizationCrudGetTheCurrentlyAuhenticatedUser"/>
  </testsuite>
  <testsuite name="Authorization / Authorization - Negative Tests / Get the currently auhenticated user - No Authorization" id="e55a1306-833e-4975-98de-cb3f1ec1004d" timestamp="2026-09-01T08:03:36.694Z" tests="6" failures="0" errors="0" time="0.244">
    <testcase name="Response header Content-Type is JSON" time="0.244" classname="AuthorizationAuthorizationNegativeTestsGetTheCurrentlyAuhenticatedUserNoAuthorization"/>
    <testcase name="Response body should not be null or empty" time="0.244" classname="AuthorizationAuthorizationNegativeTestsGetTheCurrentlyAuhenticatedUserNoAuthorization"/>
    <testcase name="Response time is within 2000ms" time="0.244" classname="AuthorizationAuthorizationNegativeTestsGetTheCurrentlyAuhenticatedUserNoAuthorization"/>
    <testcase name="Response status code should be 401" time="0.244" classname="AuthorizationAuthorizationNegativeTestsGetTheCurrentlyAuhenticatedUserNoAuthorization"/>
    <testcase name="success should be false" time="0.244" classname="AuthorizationAuthorizationNegativeTestsGetTheCurrentlyAuhenticatedUserNoAuthorization"/>
    <testcase name="error should be 'Unauthorized'" time="0.244" classname="AuthorizationAuthorizationNegativeTestsGetTheCurrentlyAuhenticatedUserNoAuthorization"/>
  </testsuite>
  <testsuite name="Authorization / Authorization - Negative Tests / Get the currently auhenticated user - Expired Token" id="62f4e551-d791-41ab-a290-a7229a9c89b3" timestamp="2026-09-01T08:03:36.694Z" tests="6" failures="0" errors="0" time="0.244">
    <testcase name="Response header Content-Type is JSON" time="0.244" classname="AuthorizationAuthorizationNegativeTestsGetTheCurrentlyAuhenticatedUserExpiredToken"/>
    <testcase name="Response body should not be null or empty" time="0.244" classname="AuthorizationAuthorizationNegativeTestsGetTheCurrentlyAuhenticatedUserExpiredToken"/>
    <testcase name="Response time is within 2000ms" time="0.244" classname="AuthorizationAuthorizationNegativeTestsGetTheCurrentlyAuhenticatedUserExpiredToken"/>
    <testcase name="Response status code should be 401" time="0.244" classname="AuthorizationAuthorizationNegativeTestsGetTheCurrentlyAuhenticatedUserExpiredToken"/>
    <testcase name="success should be false" time="0.244" classname="AuthorizationAuthorizationNegativeTestsGetTheCurrentlyAuhenticatedUserExpiredToken"/>
    <testcase name="error should be 'Invalid or expired token'" time="0.244" classname="AuthorizationAuthorizationNegativeTestsGetTheCurrentlyAuhenticatedUserExpiredToken"/>
  </testsuite>
  <testsuite name="Authorization / Authorization - Negative Tests / Login with existing credentials - Invalid Email" id="01e3a262-c53e-4d83-96bd-4ea80eaedf3b" timestamp="2026-09-01T08:03:36.694Z" tests="7" failures="0" errors="0" time="0.246">
    <testcase name="Response header Content-Type is JSON" time="0.246" classname="AuthorizationAuthorizationNegativeTestsLoginWithExistingCredentialsInvalidEmail"/>
    <testcase name="Response body should not be null or empty" time="0.246" classname="AuthorizationAuthorizationNegativeTestsLoginWithExistingCredentialsInvalidEmail"/>
    <testcase name="Response time is within 2000ms" time="0.246" classname="AuthorizationAuthorizationNegativeTestsLoginWithExistingCredentialsInvalidEmail"/>
    <testcase name="Response status code should be 400" time="0.246" classname="AuthorizationAuthorizationNegativeTestsLoginWithExistingCredentialsInvalidEmail"/>
    <testcase name="success should be false" time="0.246" classname="AuthorizationAuthorizationNegativeTestsLoginWithExistingCredentialsInvalidEmail"/>
    <testcase name="error should be 'Invalid email or passwordt'" time="0.246" classname="AuthorizationAuthorizationNegativeTestsLoginWithExistingCredentialsInvalidEmail"/>
    <testcase name="details should be an empty array" time="0.246" classname="AuthorizationAuthorizationNegativeTestsLoginWithExistingCredentialsInvalidEmail"/>
  </testsuite>
  <testsuite name="Authorization / Authorization - Negative Tests / Login with existing credentials - Invalid Password" id="6541dc33-5cc2-417d-a285-27ac1145003c" timestamp="2026-09-01T08:03:36.694Z" tests="7" failures="0" errors="0" time="0.748">
    <testcase name="Response header Content-Type is JSON" time="0.748" classname="AuthorizationAuthorizationNegativeTestsLoginWithExistingCredentialsInvalidPassword"/>
    <testcase name="Response body should not be null or empty" time="0.748" classname="AuthorizationAuthorizationNegativeTestsLoginWithExistingCredentialsInvalidPassword"/>
    <testcase name="Response time is within 2000ms" time="0.748" classname="AuthorizationAuthorizationNegativeTestsLoginWithExistingCredentialsInvalidPassword"/>
    <testcase name="Response status code should be 400" time="0.748" classname="AuthorizationAuthorizationNegativeTestsLoginWithExistingCredentialsInvalidPassword"/>
    <testcase name="success should be false" time="0.748" classname="AuthorizationAuthorizationNegativeTestsLoginWithExistingCredentialsInvalidPassword"/>
    <testcase name="error should be 'Invalid email or passwordt'" time="0.748" classname="AuthorizationAuthorizationNegativeTestsLoginWithExistingCredentialsInvalidPassword"/>
    <testcase name="details should be an empty array" time="0.748" classname="AuthorizationAuthorizationNegativeTestsLoginWithExistingCredentialsInvalidPassword"/>
  </testsuite>
  <testsuite name="Authorization / Authorization - Negative Tests / Login with existing credentials - Missing Password" id="a8e37e34-63a1-4920-9133-b68af848d236" timestamp="2026-09-01T08:03:36.694Z" tests="7" failures="0" errors="0" time="0.606">
    <testcase name="Response header Content-Type is JSON" time="0.606" classname="AuthorizationAuthorizationNegativeTestsLoginWithExistingCredentialsMissingPassword"/>
    <testcase name="Response body should not be null or empty" time="0.606" classname="AuthorizationAuthorizationNegativeTestsLoginWithExistingCredentialsMissingPassword"/>
    <testcase name="Response time is within 2000ms" time="0.606" classname="AuthorizationAuthorizationNegativeTestsLoginWithExistingCredentialsMissingPassword"/>
    <testcase name="Response status code should be 400" time="0.606" classname="AuthorizationAuthorizationNegativeTestsLoginWithExistingCredentialsMissingPassword"/>
    <testcase name="success should be false" time="0.606" classname="AuthorizationAuthorizationNegativeTestsLoginWithExistingCredentialsMissingPassword"/>
    <testcase name="error should be 'Validation failed'" time="0.606" classname="AuthorizationAuthorizationNegativeTestsLoginWithExistingCredentialsMissingPassword"/>
    <testcase name="details should be an array with one object" time="0.606" classname="AuthorizationAuthorizationNegativeTestsLoginWithExistingCredentialsMissingPassword"/>
  </testsuite>
  <testsuite name="Authorization / Authorization - Negative Tests / Login with existing credentials - Missing Email" id="0ee0f25b-0a58-4a50-91f0-56da972cc5c4" timestamp="2026-09-01T08:03:36.694Z" tests="7" failures="0" errors="0" time="0.726">
    <testcase name="Response header Content-Type is JSON" time="0.726" classname="AuthorizationAuthorizationNegativeTestsLoginWithExistingCredentialsMissingEmail"/>
    <testcase name="Response body should not be null or empty" time="0.726" classname="AuthorizationAuthorizationNegativeTestsLoginWithExistingCredentialsMissingEmail"/>
    <testcase name="Response time is within 2000ms" time="0.726" classname="AuthorizationAuthorizationNegativeTestsLoginWithExistingCredentialsMissingEmail"/>
    <testcase name="Response status code should be 400" time="0.726" classname="AuthorizationAuthorizationNegativeTestsLoginWithExistingCredentialsMissingEmail"/>
    <testcase name="success should be false" time="0.726" classname="AuthorizationAuthorizationNegativeTestsLoginWithExistingCredentialsMissingEmail"/>
    <testcase name="error should be 'Validation failed'" time="0.726" classname="AuthorizationAuthorizationNegativeTestsLoginWithExistingCredentialsMissingEmail"/>
    <testcase name="details should be an array with one object" time="0.726" classname="AuthorizationAuthorizationNegativeTestsLoginWithExistingCredentialsMissingEmail"/>
  </testsuite>
  <testsuite name="Authorization / Authorization - Negative Tests / Login with existing credentials - Empty Payload" id="27295550-cad1-4866-a22f-f0984556488b" timestamp="2026-09-01T08:03:36.694Z" tests="7" failures="0" errors="0" time="0.758">
    <testcase name="Response header Content-Type is JSON" time="0.758" classname="AuthorizationAuthorizationNegativeTestsLoginWithExistingCredentialsEmptyPayload"/>
    <testcase name="Response body should not be null or empty" time="0.758" classname="AuthorizationAuthorizationNegativeTestsLoginWithExistingCredentialsEmptyPayload"/>
    <testcase name="Response time is within 2000ms" time="0.758" classname="AuthorizationAuthorizationNegativeTestsLoginWithExistingCredentialsEmptyPayload"/>
    <testcase name="Response status code should be 400" time="0.758" classname="AuthorizationAuthorizationNegativeTestsLoginWithExistingCredentialsEmptyPayload"/>
    <testcase name="success should be false" time="0.758" classname="AuthorizationAuthorizationNegativeTestsLoginWithExistingCredentialsEmptyPayload"/>
    <testcase name="error should be 'Validation failed'" time="0.758" classname="AuthorizationAuthorizationNegativeTestsLoginWithExistingCredentialsEmptyPayload"/>
    <testcase name="details should match expected validation errors" time="0.758" classname="AuthorizationAuthorizationNegativeTestsLoginWithExistingCredentialsEmptyPayload"/>
  </testsuite>
  <testsuite name="Health / API Health Check" id="a8879c7c-8fcd-4d1c-a55c-0ae1ae553c7b" timestamp="2026-09-01T08:03:36.694Z" tests="7" failures="0" errors="0" time="0.672">
    <testcase name="Response header Content-Type is JSON" time="0.672" classname="HealthApiHealthCheck"/>
    <testcase name="Response body should not be null or empty" time="0.672" classname="HealthApiHealthCheck"/>
    <testcase name="Response time is within 2000ms" time="0.672" classname="HealthApiHealthCheck"/>
    <testcase name="Response status code should be 200" time="0.672" classname="HealthApiHealthCheck"/>
    <testcase name="status should be 'ok'" time="0.672" classname="HealthApiHealthCheck"/>
    <testcase name="timestamp should be a valid date" time="0.672" classname="HealthApiHealthCheck"/>
    <testcase name="dbStatus should be 'connected'" time="0.672" classname="HealthApiHealthCheck"/>
  </testsuite>
  <testsuite name="Config / Get public feature flags" id="745b7382-77c7-4094-b61f-5c24ac6566c8" timestamp="2026-09-01T08:03:36.694Z" tests="5" failures="0" errors="0" time="0.205">
    <testcase name="Response header Content-Type is JSON" time="0.205" classname="ConfigGetPublicFeatureFlags"/>
    <testcase name="Response body should not be null or empty" time="0.205" classname="ConfigGetPublicFeatureFlags"/>
    <testcase name="Response time is within 2000ms" time="0.205" classname="ConfigGetPublicFeatureFlags"/>
    <testcase name="Response status code should be 200" time="0.205" classname="ConfigGetPublicFeatureFlags"/>
    <testcase name="showExploreLinks should be false" time="0.205" classname="ConfigGetPublicFeatureFlags"/>
  </testsuite>
  <testsuite name="Events / Events - CRUD / Create a new event" id="dfc78c8b-959c-4129-af77-44aa542dc669" timestamp="2026-09-01T08:03:36.694Z" tests="14" failures="0" errors="0" time="0.218">
    <testcase name="Pre-request: Generated event title: Event_API_20260901-080343652" time="0.218" classname="EventsEventsCrudCreateANewEvent"/>
    <testcase name="Pre-request: Generate event title and set as collection variable" time="0.218" classname="EventsEventsCrudCreateANewEvent"/>
    <testcase name="Pre-request: Generated event date: 2026-12-01T08:03:43.652Z" time="0.218" classname="EventsEventsCrudCreateANewEvent"/>
    <testcase name="Pre-request: Generate future event date and set as collection variable" time="0.218" classname="EventsEventsCrudCreateANewEvent"/>
    <testcase name="Pre-request: Set event price and total seats and save as collection variables" time="0.218" classname="EventsEventsCrudCreateANewEvent"/>
    <testcase name="Response header Content-Type is JSON" time="0.218" classname="EventsEventsCrudCreateANewEvent"/>
    <testcase name="Response body should not be null or empty" time="0.218" classname="EventsEventsCrudCreateANewEvent"/>
    <testcase name="Response time is within 2000ms" time="0.218" classname="EventsEventsCrudCreateANewEvent"/>
    <testcase name="Response status code should be 201" time="0.218" classname="EventsEventsCrudCreateANewEvent"/>
    <testcase name="success should be true" time="0.218" classname="EventsEventsCrudCreateANewEvent"/>
    <testcase name="The 'id' property exists and value is '109465'" time="0.218" classname="EventsEventsCrudCreateANewEvent"/>
    <testcase name="Set Event ID as variable" time="0.218" classname="EventsEventsCrudCreateANewEvent"/>
    <testcase name="Validate event data properties" time="0.218" classname="EventsEventsCrudCreateANewEvent"/>
    <testcase name="message should be 'Event created successfully'" time="0.218" classname="EventsEventsCrudCreateANewEvent"/>
  </testsuite>
  <testsuite name="Events / Events - CRUD / Get a single event by ID" id="4fc29ba8-1a43-42cf-b27c-716951f5989d" timestamp="2026-09-01T08:03:36.694Z" tests="5" failures="0" errors="0" time="0.214">
    <testcase name="Response header Content-Type is JSON" time="0.214" classname="EventsEventsCrudGetASingleEventById"/>
    <testcase name="Response body should not be null or empty" time="0.214" classname="EventsEventsCrudGetASingleEventById"/>
    <testcase name="Response time is within 2000ms" time="0.214" classname="EventsEventsCrudGetASingleEventById"/>
    <testcase name="Response status code should be 200" time="0.214" classname="EventsEventsCrudGetASingleEventById"/>
    <testcase name="Validate event data properties" time="0.214" classname="EventsEventsCrudGetASingleEventById"/>
  </testsuite>
  <testsuite name="Events / Events - CRUD / Lists all events" id="5d903784-dc4c-4087-8953-9baf4e0a613a" timestamp="2026-09-01T08:03:36.694Z" tests="7" failures="0" errors="0" time="0.235">
    <testcase name="Response header Content-Type is JSON" time="0.235" classname="EventsEventsCrudListsAllEvents"/>
    <testcase name="Response body should not be null or empty" time="0.235" classname="EventsEventsCrudListsAllEvents"/>
    <testcase name="Response time is within 2000ms" time="0.235" classname="EventsEventsCrudListsAllEvents"/>
    <testcase name="Response status code should be 200" time="0.235" classname="EventsEventsCrudListsAllEvents"/>
    <testcase name="The 'data' array is not empty and not null" time="0.235" classname="EventsEventsCrudListsAllEvents"/>
    <testcase name="Each property in the 'data' array has the expected properties" time="0.235" classname="EventsEventsCrudListsAllEvents"/>
    <testcase name="Pagination values are correct" time="0.235" classname="EventsEventsCrudListsAllEvents"/>
  </testsuite>
  <testsuite name="Events / Events - CRUD / List all bookings" id="40aff468-39e2-4765-b21d-78e955d533ce" timestamp="2026-09-01T08:03:36.694Z" tests="7" failures="0" errors="0" time="0.208">
    <testcase name="Response header Content-Type is JSON" time="0.208" classname="EventsEventsCrudListAllBookings"/>
    <testcase name="Response body should not be null or empty" time="0.208" classname="EventsEventsCrudListAllBookings"/>
    <testcase name="Response time is within 2000ms" time="0.208" classname="EventsEventsCrudListAllBookings"/>
    <testcase name="Response status code should be 200" time="0.208" classname="EventsEventsCrudListAllBookings"/>
    <testcase name="success should be true" time="0.208" classname="EventsEventsCrudListAllBookings"/>
    <testcase name="data should be an array and have 0 items" time="0.208" classname="EventsEventsCrudListAllBookings"/>
    <testcase name="Pagination values are correct" time="0.208" classname="EventsEventsCrudListAllBookings"/>
  </testsuite>
  <testsuite name="Events / Events - CRUD / Update an event (BUG-001)" id="92b1baa2-a811-4529-8b80-95cc7b2e778a" timestamp="2026-09-01T08:03:36.694Z" tests="11" failures="1" errors="0" time="0.217">
    <testcase name="Pre-request: Updated event title: Event_Updated_API_20260901-080343652" time="0.217" classname="EventsEventsCrudUpdateAnEventBug001"/>
    <testcase name="Pre-request: Update event title and set as collection variable" time="0.217" classname="EventsEventsCrudUpdateAnEventBug001"/>
    <testcase name="Pre-request: Set updated event price and total seats and save as collection variables" time="0.217" classname="EventsEventsCrudUpdateAnEventBug001"/>
    <testcase name="Response header Content-Type is JSON" time="0.217" classname="EventsEventsCrudUpdateAnEventBug001"/>
    <testcase name="Response body should not be null or empty" time="0.217" classname="EventsEventsCrudUpdateAnEventBug001"/>
    <testcase name="Response time is within 2000ms" time="0.217" classname="EventsEventsCrudUpdateAnEventBug001"/>
    <testcase name="Response status code should be 200" time="0.217" classname="EventsEventsCrudUpdateAnEventBug001"/>
    <testcase name="success should be true" time="0.217" classname="EventsEventsCrudUpdateAnEventBug001"/>
    <testcase name="Validate event data properties" time="0.217" classname="EventsEventsCrudUpdateAnEventBug001"/>
    <testcase name="message should be 'Event updated successfully'" time="0.217" classname="EventsEventsCrudUpdateAnEventBug001"/>
    <testcase name="BUG-001 - availableSeats should be updated when totalSeats changes" time="0.217" classname="EventsEventsCrudUpdateAnEventBug001">
      <failure type="AssertionFailure" message="expected 300 to equal 550">
        <![CDATA[Failed 1 times.]]>
        <![CDATA[Collection JSON ID: d769b2fd-57e8-419a-a01b-d353833564e1.]]>
        <![CDATA[Collection name: EventHubAPI - Functional.]]>
        <![CDATA[Request name: Events / Events - CRUD / Update an event (BUG-001).]]>
        <![CDATA[Test description: BUG-001 - availableSeats should be updated when totalSeats changes.]]>
        <![CDATA[Error message: expected 300 to equal 550.]]>
        <![CDATA[Stacktrace: AssertionError: expected 300 to equal 550
   at Object.eval sandbox-script.js:5:19).]]>
      </failure>
    </testcase>
  </testsuite>
  <testsuite name="Events / Events - CRUD / Get a single event by ID (BUG-001)" id="25a29d7e-8c9c-4ba7-a78e-89c50c16a71a" timestamp="2026-09-01T08:03:36.694Z" tests="7" failures="1" errors="0" time="0.209">
    <testcase name="Response header Content-Type is JSON" time="0.209" classname="EventsEventsCrudGetASingleEventByIdBug001"/>
    <testcase name="Response body should not be null or empty" time="0.209" classname="EventsEventsCrudGetASingleEventByIdBug001"/>
    <testcase name="Response time is within 2000ms" time="0.209" classname="EventsEventsCrudGetASingleEventByIdBug001"/>
    <testcase name="Response status code should be 200" time="0.209" classname="EventsEventsCrudGetASingleEventByIdBug001"/>
    <testcase name="success should be true" time="0.209" classname="EventsEventsCrudGetASingleEventByIdBug001"/>
    <testcase name="Validate event data properties" time="0.209" classname="EventsEventsCrudGetASingleEventByIdBug001"/>
    <testcase name="BUG-001 - availableSeats should be updated when totalSeats changes" time="0.209" classname="EventsEventsCrudGetASingleEventByIdBug001">
      <failure type="AssertionFailure" message="expected 300 to equal 550">
        <![CDATA[Failed 1 times.]]>
        <![CDATA[Collection JSON ID: d769b2fd-57e8-419a-a01b-d353833564e1.]]>
        <![CDATA[Collection name: EventHubAPI - Functional.]]>
        <![CDATA[Request name: Events / Events - CRUD / Get a single event by ID (BUG-001).]]>
        <![CDATA[Test description: BUG-001 - availableSeats should be updated when totalSeats changes.]]>
        <![CDATA[Error message: expected 300 to equal 550.]]>
        <![CDATA[Stacktrace: AssertionError: expected 300 to equal 550
   at Object.eval sandbox-script.js:4:20).]]>
      </failure>
    </testcase>
  </testsuite>
  <testsuite name="Events / Events - CRUD / Delete an event" id="5f0b0d75-5b84-42f2-b1ce-0358afe9b5e5" timestamp="2026-09-01T08:03:36.694Z" tests="6" failures="0" errors="0" time="0.216">
    <testcase name="Response header Content-Type is JSON" time="0.216" classname="EventsEventsCrudDeleteAnEvent"/>
    <testcase name="Response body should not be null or empty" time="0.216" classname="EventsEventsCrudDeleteAnEvent"/>
    <testcase name="Response time is within 2000ms" time="0.216" classname="EventsEventsCrudDeleteAnEvent"/>
    <testcase name="Response status code should be 200" time="0.216" classname="EventsEventsCrudDeleteAnEvent"/>
    <testcase name="success should be true" time="0.216" classname="EventsEventsCrudDeleteAnEvent"/>
    <testcase name="message should be 'Event deleted successfully'" time="0.216" classname="EventsEventsCrudDeleteAnEvent"/>
  </testsuite>
  <testsuite name="Events / Events - CRUD / Verify event is deleted" id="8f006407-3b64-4d0c-abd8-9fc9eb4095f0" timestamp="2026-09-01T08:03:36.694Z" tests="6" failures="0" errors="0" time="0.208">
    <testcase name="Response header Content-Type is JSON" time="0.208" classname="EventsEventsCrudVerifyEventIsDeleted"/>
    <testcase name="Response body should not be null or empty" time="0.208" classname="EventsEventsCrudVerifyEventIsDeleted"/>
    <testcase name="Response time is within 2000ms" time="0.208" classname="EventsEventsCrudVerifyEventIsDeleted"/>
    <testcase name="Response status code should be 404" time="0.208" classname="EventsEventsCrudVerifyEventIsDeleted"/>
    <testcase name="success should be false" time="0.208" classname="EventsEventsCrudVerifyEventIsDeleted"/>
    <testcase name="error should be Event with id '109465' not found" time="0.208" classname="EventsEventsCrudVerifyEventIsDeleted"/>
  </testsuite>
  <testsuite name="Events / Search Events / Lists all events" id="301ccb98-5256-4db0-8bc7-332a2e324d3a" timestamp="2026-09-01T08:03:36.694Z" tests="4" failures="0" errors="0" time="0.235">
    <testcase name="Response header Content-Type is JSON" time="0.235" classname="EventsSearchEventsListsAllEvents"/>
    <testcase name="Response body should not be null or empty" time="0.235" classname="EventsSearchEventsListsAllEvents"/>
    <testcase name="Response time is within 2000ms" time="0.235" classname="EventsSearchEventsListsAllEvents"/>
    <testcase name="Response status code should be 200" time="0.235" classname="EventsSearchEventsListsAllEvents"/>
  </testsuite>
  <testsuite name="Events / Search Events / Lists all events - No Search Results" id="2d4872bd-f642-4476-8941-719a6bd72deb" timestamp="2026-09-01T08:03:36.694Z" tests="6" failures="0" errors="0" time="0.244">
    <testcase name="Response header Content-Type is JSON" time="0.244" classname="EventsSearchEventsListsAllEventsNoSearchResults"/>
    <testcase name="Response body should not be null or empty" time="0.244" classname="EventsSearchEventsListsAllEventsNoSearchResults"/>
    <testcase name="Response time is within 2000ms" time="0.244" classname="EventsSearchEventsListsAllEventsNoSearchResults"/>
    <testcase name="Response status code should be 200" time="0.244" classname="EventsSearchEventsListsAllEventsNoSearchResults"/>
    <testcase name="The 'data' array is empty" time="0.244" classname="EventsSearchEventsListsAllEventsNoSearchResults"/>
    <testcase name="Pagination values are correct" time="0.244" classname="EventsSearchEventsListsAllEventsNoSearchResults"/>
  </testsuite>
  <testsuite name="Events / Search Events / Lists all events - One Search Result" id="ad05c597-2451-44c5-80c2-68998746b90f" timestamp="2026-09-01T08:03:36.694Z" tests="7" failures="0" errors="0" time="0.244">
    <testcase name="Response header Content-Type is JSON" time="0.244" classname="EventsSearchEventsListsAllEventsOneSearchResult"/>
    <testcase name="Response body should not be null or empty" time="0.244" classname="EventsSearchEventsListsAllEventsOneSearchResult"/>
    <testcase name="Response time is within 2000ms" time="0.244" classname="EventsSearchEventsListsAllEventsOneSearchResult"/>
    <testcase name="Response status code should be 200" time="0.244" classname="EventsSearchEventsListsAllEventsOneSearchResult"/>
    <testcase name="The 'data' array is not empty and not null" time="0.244" classname="EventsSearchEventsListsAllEventsOneSearchResult"/>
    <testcase name="Each property in the 'data' array has the expected properties" time="0.244" classname="EventsSearchEventsListsAllEventsOneSearchResult"/>
    <testcase name="Pagination values are correct" time="0.244" classname="EventsSearchEventsListsAllEventsOneSearchResult"/>
  </testsuite>
  <testsuite name="Events / Events - Negative Tests / Create Event / Create a new event -  Empty request body" id="d7de5672-9ff3-421b-8105-f41fd33bb6f1" timestamp="2026-09-01T08:03:36.694Z" tests="18" failures="0" errors="0" time="0.206">
    <testcase name="Response header Content-Type is JSON" time="0.206" classname="EventsEventsNegativeTestsCreateEventCreateANewEventEmptyRequestBody"/>
    <testcase name="Response body should not be null or empty" time="0.206" classname="EventsEventsNegativeTestsCreateEventCreateANewEventEmptyRequestBody"/>
    <testcase name="Response time is within 2000ms" time="0.206" classname="EventsEventsNegativeTestsCreateEventCreateANewEventEmptyRequestBody"/>
    <testcase name="Response status code should be 400" time="0.206" classname="EventsEventsNegativeTestsCreateEventCreateANewEventEmptyRequestBody"/>
    <testcase name="success should be false" time="0.206" classname="EventsEventsNegativeTestsCreateEventCreateANewEventEmptyRequestBody"/>
    <testcase name="error should be 'Validation failed'" time="0.206" classname="EventsEventsNegativeTestsCreateEventCreateANewEventEmptyRequestBody"/>
    <testcase name="details array should exist and be an array" time="0.206" classname="EventsEventsNegativeTestsCreateEventCreateANewEventEmptyRequestBody"/>
    <testcase name="each item in details should have 'field' and 'message' properties" time="0.206" classname="EventsEventsNegativeTestsCreateEventCreateANewEventEmptyRequestBody"/>
    <testcase name="Validation failed for 'title' required field" time="0.206" classname="EventsEventsNegativeTestsCreateEventCreateANewEventEmptyRequestBody"/>
    <testcase name="Validation failed for 'category' required field" time="0.206" classname="EventsEventsNegativeTestsCreateEventCreateANewEventEmptyRequestBody"/>
    <testcase name="Validation failed for 'venue' required field" time="0.206" classname="EventsEventsNegativeTestsCreateEventCreateANewEventEmptyRequestBody"/>
    <testcase name="Validation failed for 'city' required field" time="0.206" classname="EventsEventsNegativeTestsCreateEventCreateANewEventEmptyRequestBody"/>
    <testcase name="Validation failed for 'eventDate' required field" time="0.206" classname="EventsEventsNegativeTestsCreateEventCreateANewEventEmptyRequestBody"/>
    <testcase name="Validation failed for 'price' required field" time="0.206" classname="EventsEventsNegativeTestsCreateEventCreateANewEventEmptyRequestBody"/>
    <testcase name="Validation failed for 'totalSeats' required field" time="0.206" classname="EventsEventsNegativeTestsCreateEventCreateANewEventEmptyRequestBody"/>
  </testsuite>
  <testsuite name="Events / Events - Negative Tests / Create Event / Create a new event - No values for required fields" id="c7a3690c-262c-4c3e-b6ff-9811bb5dbd26" timestamp="2026-09-01T08:03:36.694Z" tests="14" failures="0" errors="0" time="0.655">
    <testcase name="Response header Content-Type is JSON" time="0.655" classname="EventsEventsNegativeTestsCreateEventCreateANewEventNoValuesForRequiredFields"/>
    <testcase name="Response body should not be null or empty" time="0.655" classname="EventsEventsNegativeTestsCreateEventCreateANewEventNoValuesForRequiredFields"/>
    <testcase name="Response time is within 2000ms" time="0.655" classname="EventsEventsNegativeTestsCreateEventCreateANewEventNoValuesForRequiredFields"/>
    <testcase name="Response status code should be 400" time="0.655" classname="EventsEventsNegativeTestsCreateEventCreateANewEventNoValuesForRequiredFields"/>
    <testcase name="success should be false" time="0.655" classname="EventsEventsNegativeTestsCreateEventCreateANewEventNoValuesForRequiredFields"/>
    <testcase name="error should be 'Validation failed'" time="0.655" classname="EventsEventsNegativeTestsCreateEventCreateANewEventNoValuesForRequiredFields"/>
    <testcase name="details array should exist and be an array" time="0.655" classname="EventsEventsNegativeTestsCreateEventCreateANewEventNoValuesForRequiredFields"/>
    <testcase name="each item in details should have 'field' and 'message' properties" time="0.655" classname="EventsEventsNegativeTestsCreateEventCreateANewEventNoValuesForRequiredFields"/>
    <testcase name="Validation failed for 'title' required field" time="0.655" classname="EventsEventsNegativeTestsCreateEventCreateANewEventNoValuesForRequiredFields"/>
    <testcase name="Validation failed for 'category' required field" time="0.655" classname="EventsEventsNegativeTestsCreateEventCreateANewEventNoValuesForRequiredFields"/>
    <testcase name="Validation failed for 'venue' required field" time="0.655" classname="EventsEventsNegativeTestsCreateEventCreateANewEventNoValuesForRequiredFields"/>
    <testcase name="Validation failed for 'city' required field" time="0.655" classname="EventsEventsNegativeTestsCreateEventCreateANewEventNoValuesForRequiredFields"/>
    <testcase name="Validation failed for 'eventDate' required field" time="0.655" classname="EventsEventsNegativeTestsCreateEventCreateANewEventNoValuesForRequiredFields"/>
  </testsuite>
  <testsuite name="Events / Events - Negative Tests / Create Event / Create a new event - Missing all field values" id="8ecbdc59-a498-4369-bc08-df1875cbfd8a" timestamp="2026-09-01T08:03:36.694Z" tests="6" failures="0" errors="0" time="0.703">
    <testcase name="Response header Content-Type is JSON" time="0.703" classname="EventsEventsNegativeTestsCreateEventCreateANewEventMissingAllFieldValues"/>
    <testcase name="Response body should not be null or empty" time="0.703" classname="EventsEventsNegativeTestsCreateEventCreateANewEventMissingAllFieldValues"/>
    <testcase name="Response time is within 2000ms" time="0.703" classname="EventsEventsNegativeTestsCreateEventCreateANewEventMissingAllFieldValues"/>
    <testcase name="Response status code should be 500" time="0.703" classname="EventsEventsNegativeTestsCreateEventCreateANewEventMissingAllFieldValues"/>
    <testcase name="success should be false" time="0.703" classname="EventsEventsNegativeTestsCreateEventCreateANewEventMissingAllFieldValues"/>
    <testcase name="error should be 'Internal server error'" time="0.703" classname="EventsEventsNegativeTestsCreateEventCreateANewEventMissingAllFieldValues"/>
  </testsuite>
  <testsuite name="Events / Events - Negative Tests / Create Event / Create a new event - No values for price and total seats" id="92667ef5-b78b-4039-98f7-84c0d6eee24b" timestamp="2026-09-01T08:03:36.694Z" tests="6" failures="0" errors="0" time="0.672">
    <testcase name="Response header Content-Type is JSON" time="0.672" classname="EventsEventsNegativeTestsCreateEventCreateANewEventNoValuesForPriceAndTotalSeats"/>
    <testcase name="Response body should not be null or empty" time="0.672" classname="EventsEventsNegativeTestsCreateEventCreateANewEventNoValuesForPriceAndTotalSeats"/>
    <testcase name="Response time is within 2000ms" time="0.672" classname="EventsEventsNegativeTestsCreateEventCreateANewEventNoValuesForPriceAndTotalSeats"/>
    <testcase name="Response status code should be 500" time="0.672" classname="EventsEventsNegativeTestsCreateEventCreateANewEventNoValuesForPriceAndTotalSeats"/>
    <testcase name="success should be false" time="0.672" classname="EventsEventsNegativeTestsCreateEventCreateANewEventNoValuesForPriceAndTotalSeats"/>
    <testcase name="error should be 'Internal server error'" time="0.672" classname="EventsEventsNegativeTestsCreateEventCreateANewEventNoValuesForPriceAndTotalSeats"/>
  </testsuite>
  <testsuite name="Events / Events - Negative Tests / Create Event / Create a new event - Invalid date format" id="ba266e47-6dff-4c0f-919a-5e23e3cee912" timestamp="2026-09-01T08:03:36.694Z" tests="9" failures="0" errors="0" time="0.716">
    <testcase name="Response header Content-Type is JSON" time="0.716" classname="EventsEventsNegativeTestsCreateEventCreateANewEventInvalidDateFormat"/>
    <testcase name="Response body should not be null or empty" time="0.716" classname="EventsEventsNegativeTestsCreateEventCreateANewEventInvalidDateFormat"/>
    <testcase name="Response time is within 2000ms" time="0.716" classname="EventsEventsNegativeTestsCreateEventCreateANewEventInvalidDateFormat"/>
    <testcase name="Response status code should be 400" time="0.716" classname="EventsEventsNegativeTestsCreateEventCreateANewEventInvalidDateFormat"/>
    <testcase name="success should be false" time="0.716" classname="EventsEventsNegativeTestsCreateEventCreateANewEventInvalidDateFormat"/>
    <testcase name="error should be 'Validation failed'" time="0.716" classname="EventsEventsNegativeTestsCreateEventCreateANewEventInvalidDateFormat"/>
    <testcase name="details array should exist and be an array" time="0.716" classname="EventsEventsNegativeTestsCreateEventCreateANewEventInvalidDateFormat"/>
    <testcase name="each item in details should have 'field' and 'message' properties" time="0.716" classname="EventsEventsNegativeTestsCreateEventCreateANewEventInvalidDateFormat"/>
    <testcase name="Validation failed for 'eventDate' required field" time="0.716" classname="EventsEventsNegativeTestsCreateEventCreateANewEventInvalidDateFormat"/>
  </testsuite>
  <testsuite name="Events / Events - Negative Tests / Get Event / Get a single event by ID - Not existing ID" id="c4e86d91-cc73-4114-8abf-ee24b5e4516f" timestamp="2026-09-01T08:03:36.694Z" tests="6" failures="0" errors="0" time="0.604">
    <testcase name="Response header Content-Type is JSON" time="0.604" classname="EventsEventsNegativeTestsGetEventGetASingleEventByIdNotExistingId"/>
    <testcase name="Response body should not be null or empty" time="0.604" classname="EventsEventsNegativeTestsGetEventGetASingleEventByIdNotExistingId"/>
    <testcase name="Response time is within 2000ms" time="0.604" classname="EventsEventsNegativeTestsGetEventGetASingleEventByIdNotExistingId"/>
    <testcase name="Response status code should be 404" time="0.604" classname="EventsEventsNegativeTestsGetEventGetASingleEventByIdNotExistingId"/>
    <testcase name="success should be false" time="0.604" classname="EventsEventsNegativeTestsGetEventGetASingleEventByIdNotExistingId"/>
    <testcase name="error should be 'Event with id 1234567 not found'" time="0.604" classname="EventsEventsNegativeTestsGetEventGetASingleEventByIdNotExistingId"/>
  </testsuite>
  <testsuite name="Events / Events - Negative Tests / Update Event / Update an event - Parameter and Request Body No Values" id="c1a096a6-fb28-48d0-98aa-7dcec076a22d" timestamp="2026-09-01T08:03:36.694Z" tests="6" failures="0" errors="0" time="0.201">
    <testcase name="Response header Content-Type is JSON" time="0.201" classname="EventsEventsNegativeTestsUpdateEventUpdateAnEventParameterAndRequestBodyNoValues"/>
    <testcase name="Response body should not be null or empty" time="0.201" classname="EventsEventsNegativeTestsUpdateEventUpdateAnEventParameterAndRequestBodyNoValues"/>
    <testcase name="Response time is within 2000ms" time="0.201" classname="EventsEventsNegativeTestsUpdateEventUpdateAnEventParameterAndRequestBodyNoValues"/>
    <testcase name="Response status code should be 500" time="0.201" classname="EventsEventsNegativeTestsUpdateEventUpdateAnEventParameterAndRequestBodyNoValues"/>
    <testcase name="success should be false" time="0.201" classname="EventsEventsNegativeTestsUpdateEventUpdateAnEventParameterAndRequestBodyNoValues"/>
    <testcase name="error should be 'Internal server error'" time="0.201" classname="EventsEventsNegativeTestsUpdateEventUpdateAnEventParameterAndRequestBodyNoValues"/>
  </testsuite>
  <testsuite name="Events / Events - Negative Tests / Update Event / Update an event - Parameter No Value" id="af8fa771-fbd7-47c5-a68c-63738fe85bfa" timestamp="2026-09-01T08:03:36.694Z" tests="6" failures="0" errors="0" time="0.673">
    <testcase name="Response header Content-Type is JSON" time="0.673" classname="EventsEventsNegativeTestsUpdateEventUpdateAnEventParameterNoValue"/>
    <testcase name="Response body should not be null or empty" time="0.673" classname="EventsEventsNegativeTestsUpdateEventUpdateAnEventParameterNoValue"/>
    <testcase name="Response time is within 2000ms" time="0.673" classname="EventsEventsNegativeTestsUpdateEventUpdateAnEventParameterNoValue"/>
    <testcase name="Response status code should be 404" time="0.673" classname="EventsEventsNegativeTestsUpdateEventUpdateAnEventParameterNoValue"/>
    <testcase name="success should be false" time="0.673" classname="EventsEventsNegativeTestsUpdateEventUpdateAnEventParameterNoValue"/>
    <testcase name="error should be 'Route PUT /api/events?id= not found'" time="0.673" classname="EventsEventsNegativeTestsUpdateEventUpdateAnEventParameterNoValue"/>
  </testsuite>
  <testsuite name="Events / Events - Negative Tests / Update Event / Update an event - Missing parameter" id="bedf1a09-44b8-491f-952a-a6b8fac35c3f" timestamp="2026-09-01T08:03:36.694Z" tests="6" failures="0" errors="0" time="0.209">
    <testcase name="Response header Content-Type is JSON" time="0.209" classname="EventsEventsNegativeTestsUpdateEventUpdateAnEventMissingParameter"/>
    <testcase name="Response body should not be null or empty" time="0.209" classname="EventsEventsNegativeTestsUpdateEventUpdateAnEventMissingParameter"/>
    <testcase name="Response time is within 2000ms" time="0.209" classname="EventsEventsNegativeTestsUpdateEventUpdateAnEventMissingParameter"/>
    <testcase name="Response status code should be 404" time="0.209" classname="EventsEventsNegativeTestsUpdateEventUpdateAnEventMissingParameter"/>
    <testcase name="success should be false" time="0.209" classname="EventsEventsNegativeTestsUpdateEventUpdateAnEventMissingParameter"/>
    <testcase name="error should be 'Route PUT /api/events not found'" time="0.209" classname="EventsEventsNegativeTestsUpdateEventUpdateAnEventMissingParameter"/>
  </testsuite>
  <testsuite name="Events / Events - Negative Tests / Delete Event / Delete an event - Deleted event ID" id="ba34c330-9d1f-4a40-9103-5ebe9951638d" timestamp="2026-09-01T08:03:36.694Z" tests="6" failures="0" errors="0" time="0.211">
    <testcase name="Response header Content-Type is JSON" time="0.211" classname="EventsEventsNegativeTestsDeleteEventDeleteAnEventDeletedEventId"/>
    <testcase name="Response body should not be null or empty" time="0.211" classname="EventsEventsNegativeTestsDeleteEventDeleteAnEventDeletedEventId"/>
    <testcase name="Response time is within 2000ms" time="0.211" classname="EventsEventsNegativeTestsDeleteEventDeleteAnEventDeletedEventId"/>
    <testcase name="Response status code should be 404" time="0.211" classname="EventsEventsNegativeTestsDeleteEventDeleteAnEventDeletedEventId"/>
    <testcase name="success should be false" time="0.211" classname="EventsEventsNegativeTestsDeleteEventDeleteAnEventDeletedEventId"/>
    <testcase name="error should be 'Event with id 46440 not found'" time="0.211" classname="EventsEventsNegativeTestsDeleteEventDeleteAnEventDeletedEventId"/>
  </testsuite>
  <testsuite name="Bookings / Bookings - CRUD / List all bookings" id="e785923c-b734-4053-82c2-31974a7e2864" timestamp="2026-09-01T08:03:36.694Z" tests="7" failures="0" errors="0" time="0.211">
    <testcase name="Response header Content-Type is JSON" time="0.211" classname="BookingsBookingsCrudListAllBookings"/>
    <testcase name="Response body should not be null or empty" time="0.211" classname="BookingsBookingsCrudListAllBookings"/>
    <testcase name="Response time is within 2000ms" time="0.211" classname="BookingsBookingsCrudListAllBookings"/>
    <testcase name="Response status code should be 200" time="0.211" classname="BookingsBookingsCrudListAllBookings"/>
    <testcase name="success should be true" time="0.211" classname="BookingsBookingsCrudListAllBookings"/>
    <testcase name="The 'data' array is empty" time="0.211" classname="BookingsBookingsCrudListAllBookings"/>
    <testcase name="Pagination values are correct" time="0.211" classname="BookingsBookingsCrudListAllBookings"/>
  </testsuite>
  <testsuite name="Bookings / Bookings - CRUD / Create a new event" id="306de666-8cc7-4fa6-b27a-9164d73e5c79" timestamp="2026-09-01T08:03:36.694Z" tests="8" failures="0" errors="0" time="0.221">
    <testcase name="Response header Content-Type is JSON" time="0.221" classname="BookingsBookingsCrudCreateANewEvent"/>
    <testcase name="Response body should not be null or empty" time="0.221" classname="BookingsBookingsCrudCreateANewEvent"/>
    <testcase name="Response time is within 2000ms" time="0.221" classname="BookingsBookingsCrudCreateANewEvent"/>
    <testcase name="Status code should be 201" time="0.221" classname="BookingsBookingsCrudCreateANewEvent"/>
    <testcase name="Response success should be true" time="0.221" classname="BookingsBookingsCrudCreateANewEvent"/>
    <testcase name="Response message should be 'Event created successfully'" time="0.221" classname="BookingsBookingsCrudCreateANewEvent"/>
    <testcase name="Save eventID as collection variable" time="0.221" classname="BookingsBookingsCrudCreateANewEvent"/>
    <testcase name="Validate event data properties" time="0.221" classname="BookingsBookingsCrudCreateANewEvent"/>
  </testsuite>
  <testsuite name="Bookings / Bookings - CRUD / Get a single event by ID" id="a373641c-9194-4176-87f2-bc4932ace3be" timestamp="2026-09-01T08:03:36.694Z" tests="5" failures="0" errors="0" time="0.212">
    <testcase name="Response header Content-Type is JSON" time="0.212" classname="BookingsBookingsCrudGetASingleEventById"/>
    <testcase name="Response body should not be null or empty" time="0.212" classname="BookingsBookingsCrudGetASingleEventById"/>
    <testcase name="Response time is within 2000ms" time="0.212" classname="BookingsBookingsCrudGetASingleEventById"/>
    <testcase name="Response status code should be 200" time="0.212" classname="BookingsBookingsCrudGetASingleEventById"/>
    <testcase name="Validate event data properties" time="0.212" classname="BookingsBookingsCrudGetASingleEventById"/>
  </testsuite>
  <testsuite name="Bookings / Bookings - CRUD / Create a booking - Minimum Ticket" id="e2e7f356-df7a-474d-8a13-5792ee9c4af7" timestamp="2026-09-01T08:03:36.694Z" tests="10" failures="1" errors="0" time="0.224">
    <testcase name="Response header Content-Type is JSON" time="0.224" classname="BookingsBookingsCrudCreateABookingMinimumTicket"/>
    <testcase name="Response body should not be null or empty" time="0.224" classname="BookingsBookingsCrudCreateABookingMinimumTicket"/>
    <testcase name="Response time is within 2000ms" time="0.224" classname="BookingsBookingsCrudCreateABookingMinimumTicket"/>
    <testcase name="Status code should be 201" time="0.224" classname="BookingsBookingsCrudCreateABookingMinimumTicket"/>
    <testcase name="Response success should be true" time="0.224" classname="BookingsBookingsCrudCreateABookingMinimumTicket"/>
    <testcase name="Response message should be 'Booking confirmed!'" time="0.224" classname="BookingsBookingsCrudCreateABookingMinimumTicket"/>
    <testcase name="Save bookingID and bookingRefCode as collection variables" time="0.224" classname="BookingsBookingsCrudCreateABookingMinimumTicket"/>
    <testcase name="Available seats should be reduced after booking" time="0.224" classname="BookingsBookingsCrudCreateABookingMinimumTicket"/>
    <testcase name="Validate booking data properties" time="0.224" classname="BookingsBookingsCrudCreateABookingMinimumTicket"/>
    <testcase name="(BUG-001) Validate event object properties in booking response" time="0.224" classname="BookingsBookingsCrudCreateABookingMinimumTicket">
      <failure type="AssertionFailure" message="expected 150 to equal 149">
        <![CDATA[Failed 1 times.]]>
        <![CDATA[Collection JSON ID: d769b2fd-57e8-419a-a01b-d353833564e1.]]>
        <![CDATA[Collection name: EventHubAPI - Functional.]]>
        <![CDATA[Request name: Bookings / Bookings - CRUD / Create a booking - Minimum Ticket.]]>
        <![CDATA[Test description: (BUG-001) Validate event object properties in booking response.]]>
        <![CDATA[Error message: expected 150 to equal 149.]]>
        <![CDATA[Stacktrace: AssertionError: expected 150 to equal 149
   at Object.eval sandbox-script.js:7:39).]]>
      </failure>
    </testcase>
  </testsuite>
  <testsuite name="Bookings / Bookings - CRUD / Get a single booking by ID" id="0efa67bb-7449-4138-a8f0-8d1b4aa1807f" timestamp="2026-09-01T08:03:36.694Z" tests="7" failures="1" errors="0" time="0.212">
    <testcase name="Response header Content-Type is JSON" time="0.212" classname="BookingsBookingsCrudGetASingleBookingById"/>
    <testcase name="Response body should not be null or empty" time="0.212" classname="BookingsBookingsCrudGetASingleBookingById"/>
    <testcase name="Response time is within 2000ms" time="0.212" classname="BookingsBookingsCrudGetASingleBookingById"/>
    <testcase name="Response status code should be 200" time="0.212" classname="BookingsBookingsCrudGetASingleBookingById"/>
    <testcase name="success should be true" time="0.212" classname="BookingsBookingsCrudGetASingleBookingById"/>
    <testcase name="Validate booking data object properties" time="0.212" classname="BookingsBookingsCrudGetASingleBookingById"/>
    <testcase name="(BUG-001) Validate data event object properties" time="0.212" classname="BookingsBookingsCrudGetASingleBookingById">
      <failure type="AssertionFailure" message="expected 150 to equal 149">
        <![CDATA[Failed 1 times.]]>
        <![CDATA[Collection JSON ID: d769b2fd-57e8-419a-a01b-d353833564e1.]]>
        <![CDATA[Collection name: EventHubAPI - Functional.]]>
        <![CDATA[Request name: Bookings / Bookings - CRUD / Get a single booking by ID.]]>
        <![CDATA[Test description: (BUG-001) Validate data event object properties.]]>
        <![CDATA[Error message: expected 150 to equal 149.]]>
        <![CDATA[Stacktrace: AssertionError: expected 150 to equal 149
   at Object.eval sandbox-script.js:4:40).]]>
      </failure>
    </testcase>
  </testsuite>
  <testsuite name="Bookings / Bookings - CRUD / Look up a booking using a reference code" id="2c6ab6a6-e6bb-4035-a0c1-d1a4b5ff1b53" timestamp="2026-09-01T08:03:36.694Z" tests="7" failures="1" errors="0" time="0.215">
    <testcase name="Response header Content-Type is JSON" time="0.215" classname="BookingsBookingsCrudLookUpABookingUsingAReferenceCode"/>
    <testcase name="Response body should not be null or empty" time="0.215" classname="BookingsBookingsCrudLookUpABookingUsingAReferenceCode"/>
    <testcase name="Response time is within 2000ms" time="0.215" classname="BookingsBookingsCrudLookUpABookingUsingAReferenceCode"/>
    <testcase name="Response status code should be 200" time="0.215" classname="BookingsBookingsCrudLookUpABookingUsingAReferenceCode"/>
    <testcase name="success should be true" time="0.215" classname="BookingsBookingsCrudLookUpABookingUsingAReferenceCode"/>
    <testcase name="Validate booking data object properties" time="0.215" classname="BookingsBookingsCrudLookUpABookingUsingAReferenceCode"/>
    <testcase name="(BUG-001) Validate data event object properties" time="0.215" classname="BookingsBookingsCrudLookUpABookingUsingAReferenceCode">
      <failure type="AssertionFailure" message="expected 150 to equal 149">
        <![CDATA[Failed 1 times.]]>
        <![CDATA[Collection JSON ID: d769b2fd-57e8-419a-a01b-d353833564e1.]]>
        <![CDATA[Collection name: EventHubAPI - Functional.]]>
        <![CDATA[Request name: Bookings / Bookings - CRUD / Look up a booking using a reference code.]]>
        <![CDATA[Test description: (BUG-001) Validate data event object properties.]]>
        <![CDATA[Error message: expected 150 to equal 149.]]>
        <![CDATA[Stacktrace: AssertionError: expected 150 to equal 149
   at Object.eval sandbox-script.js:4:41).]]>
      </failure>
    </testcase>
  </testsuite>
  <testsuite name="Bookings / Bookings - CRUD / List all bookings" id="a4e4583a-efa6-4e4a-bac4-01f1e43c17b5" timestamp="2026-09-01T08:03:36.694Z" tests="9" failures="0" errors="0" time="0.211">
    <testcase name="Response header Content-Type is JSON" time="0.211" classname="BookingsBookingsCrudListAllBookings"/>
    <testcase name="Response body should not be null or empty" time="0.211" classname="BookingsBookingsCrudListAllBookings"/>
    <testcase name="Response time is within 2000ms" time="0.211" classname="BookingsBookingsCrudListAllBookings"/>
    <testcase name="Response status code should be 200" time="0.211" classname="BookingsBookingsCrudListAllBookings"/>
    <testcase name="success should be true" time="0.211" classname="BookingsBookingsCrudListAllBookings"/>
    <testcase name="The 'data' array is not empty and not null" time="0.211" classname="BookingsBookingsCrudListAllBookings"/>
    <testcase name="Each property in the 'data' array has the expected properties" time="0.211" classname="BookingsBookingsCrudListAllBookings"/>
    <testcase name="Pagination values are correct" time="0.211" classname="BookingsBookingsCrudListAllBookings"/>
    <testcase name="Validate total quantity of booked tickets" time="0.211" classname="BookingsBookingsCrudListAllBookings"/>
  </testsuite>
  <testsuite name="Bookings / Bookings - CRUD / Cancel a booking" id="efe40c04-5f0a-4e6e-a228-b223ebf377ac" timestamp="2026-09-01T08:03:36.694Z" tests="6" failures="0" errors="0" time="0.219">
    <testcase name="Response header Content-Type is JSON" time="0.219" classname="BookingsBookingsCrudCancelABooking"/>
    <testcase name="Response body should not be null or empty" time="0.219" classname="BookingsBookingsCrudCancelABooking"/>
    <testcase name="Response time is within 2000ms" time="0.219" classname="BookingsBookingsCrudCancelABooking"/>
    <testcase name="Response status code should be 200" time="0.219" classname="BookingsBookingsCrudCancelABooking"/>
    <testcase name="success should be true" time="0.219" classname="BookingsBookingsCrudCancelABooking"/>
    <testcase name="message should be 'Booking cancelled'" time="0.219" classname="BookingsBookingsCrudCancelABooking"/>
  </testsuite>
  <testsuite name="Bookings / Bookings - CRUD / Get a single booking by ID - Cancelled" id="3c831902-dda2-4ac9-a8b3-31e328b6361b" timestamp="2026-09-01T08:03:36.694Z" tests="6" failures="0" errors="0" time="0.213">
    <testcase name="Response header Content-Type is JSON" time="0.213" classname="BookingsBookingsCrudGetASingleBookingByIdCancelled"/>
    <testcase name="Response body should not be null or empty" time="0.213" classname="BookingsBookingsCrudGetASingleBookingByIdCancelled"/>
    <testcase name="Response time is within 2000ms" time="0.213" classname="BookingsBookingsCrudGetASingleBookingByIdCancelled"/>
    <testcase name="Response status code should be 404" time="0.213" classname="BookingsBookingsCrudGetASingleBookingByIdCancelled"/>
    <testcase name="success should be false" time="0.213" classname="BookingsBookingsCrudGetASingleBookingByIdCancelled"/>
    <testcase name="error should be 'Booking with id 140586 not found'" time="0.213" classname="BookingsBookingsCrudGetASingleBookingByIdCancelled"/>
  </testsuite>
  <testsuite name="Bookings / Bookings - CRUD / List all bookings - Cancelled (BUG-005)" id="0930ad53-e918-4549-9b7f-42f6bc7f79e1" timestamp="2026-09-01T08:03:36.694Z" tests="7" failures="1" errors="0" time="0.210">
    <testcase name="Response header Content-Type is JSON" time="0.210" classname="BookingsBookingsCrudListAllBookingsCancelledBug005"/>
    <testcase name="Response body should not be null or empty" time="0.210" classname="BookingsBookingsCrudListAllBookingsCancelledBug005"/>
    <testcase name="Response time is within 2000ms" time="0.210" classname="BookingsBookingsCrudListAllBookingsCancelledBug005"/>
    <testcase name="Response status code should be 200" time="0.210" classname="BookingsBookingsCrudListAllBookingsCancelledBug005"/>
    <testcase name="success should be true" time="0.210" classname="BookingsBookingsCrudListAllBookingsCancelledBug005"/>
    <testcase name="(BUG-005) The 'data' array is null or empty" time="0.210" classname="BookingsBookingsCrudListAllBookingsCancelledBug005">
      <failure type="AssertionFailure" message="Reported as BUG-005: Cancelled Bookings Not Returned in List">
        <![CDATA[Failed 1 times.]]>
        <![CDATA[Collection JSON ID: d769b2fd-57e8-419a-a01b-d353833564e1.]]>
        <![CDATA[Collection name: EventHubAPI - Functional.]]>
        <![CDATA[Request name: Bookings / Bookings - CRUD / List all bookings - Cancelled (BUG-005).]]>
        <![CDATA[Test description: (BUG-005) The 'data' array is null or empty.]]>
        <![CDATA[Error message: Reported as BUG-005: Cancelled Bookings Not Returned in List.]]>
        <![CDATA[Stacktrace: AssertionError: Reported as BUG-005: Cancelled Bookings Not Returned in List
   at Object.eval sandbox-script.js:3:45).]]>
      </failure>
    </testcase>
    <testcase name="Pagination values are correct" time="0.210" classname="BookingsBookingsCrudListAllBookingsCancelledBug005"/>
  </testsuite>
  <testsuite name="Bookings / Bookings - CRUD / List all bookings" id="661e09db-2a35-4a01-a691-66889eb36b13" timestamp="2026-09-01T08:03:36.694Z" tests="7" failures="0" errors="0" time="0.210">
    <testcase name="Response header Content-Type is JSON" time="0.210" classname="BookingsBookingsCrudListAllBookings"/>
    <testcase name="Response body should not be null or empty" time="0.210" classname="BookingsBookingsCrudListAllBookings"/>
    <testcase name="Response time is within 2000ms" time="0.210" classname="BookingsBookingsCrudListAllBookings"/>
    <testcase name="Response status code should be 200" time="0.210" classname="BookingsBookingsCrudListAllBookings"/>
    <testcase name="success should be true" time="0.210" classname="BookingsBookingsCrudListAllBookings"/>
    <testcase name="The 'data' array is empty" time="0.210" classname="BookingsBookingsCrudListAllBookings"/>
    <testcase name="Pagination values are correct" time="0.210" classname="BookingsBookingsCrudListAllBookings"/>
  </testsuite>
  <testsuite name="Bookings / Bookings - CRUD / Delete an event" id="40ba7f4c-f5ed-48c1-99d9-2fe62835b316" timestamp="2026-09-01T08:03:36.694Z" tests="6" failures="0" errors="0" time="0.224">
    <testcase name="Response header Content-Type is JSON" time="0.224" classname="BookingsBookingsCrudDeleteAnEvent"/>
    <testcase name="Response body should not be null or empty" time="0.224" classname="BookingsBookingsCrudDeleteAnEvent"/>
    <testcase name="Response time is within 2000ms" time="0.224" classname="BookingsBookingsCrudDeleteAnEvent"/>
    <testcase name="Response status code should be 200" time="0.224" classname="BookingsBookingsCrudDeleteAnEvent"/>
    <testcase name="success should be true" time="0.224" classname="BookingsBookingsCrudDeleteAnEvent"/>
    <testcase name="message should be 'Event deleted successfully'" time="0.224" classname="BookingsBookingsCrudDeleteAnEvent"/>
  </testsuite>
  <testsuite name="Bookings / Bookings - CRUD / Verify event is deleted" id="54fe2711-7019-4552-807b-605f0da23bef" timestamp="2026-09-01T08:03:36.694Z" tests="6" failures="0" errors="0" time="0.210">
    <testcase name="Response header Content-Type is JSON" time="0.210" classname="BookingsBookingsCrudVerifyEventIsDeleted"/>
    <testcase name="Response body should not be null or empty" time="0.210" classname="BookingsBookingsCrudVerifyEventIsDeleted"/>
    <testcase name="Response time is within 2000ms" time="0.210" classname="BookingsBookingsCrudVerifyEventIsDeleted"/>
    <testcase name="Response status code should be 404" time="0.210" classname="BookingsBookingsCrudVerifyEventIsDeleted"/>
    <testcase name="success should be false" time="0.210" classname="BookingsBookingsCrudVerifyEventIsDeleted"/>
    <testcase name="error should be Event with id '109466' not found" time="0.210" classname="BookingsBookingsCrudVerifyEventIsDeleted"/>
  </testsuite>
  <testsuite name="Bookings / Bookings - Negative Tests / GET - List all bokings / List all bookings - Invalid values" id="27059cd9-963b-4b7a-97b8-9951d068cd21" timestamp="2026-09-01T08:03:36.694Z" tests="6" failures="0" errors="0" time="0.211">
    <testcase name="Response header Content-Type is JSON" time="0.211" classname="BookingsBookingsNegativeTestsGetListAllBokingsListAllBookingsInvalidValues"/>
    <testcase name="Response body should not be null or empty" time="0.211" classname="BookingsBookingsNegativeTestsGetListAllBokingsListAllBookingsInvalidValues"/>
    <testcase name="Response time is within 2000ms" time="0.211" classname="BookingsBookingsNegativeTestsGetListAllBokingsListAllBookingsInvalidValues"/>
    <testcase name="Response status code should be 500" time="0.211" classname="BookingsBookingsNegativeTestsGetListAllBokingsListAllBookingsInvalidValues"/>
    <testcase name="success should be false" time="0.211" classname="BookingsBookingsNegativeTestsGetListAllBokingsListAllBookingsInvalidValues"/>
    <testcase name="error should be 'Internal server error'" time="0.211" classname="BookingsBookingsNegativeTestsGetListAllBokingsListAllBookingsInvalidValues"/>
  </testsuite>
  <testsuite name="Bookings / Bookings - Negative Tests / GET - Lookup booking / Look up a booking using a reference code - Incorrect code" id="0e81c9da-1d7e-4403-9f8c-3e07160b04e0" timestamp="2026-09-01T08:03:36.694Z" tests="6" failures="0" errors="0" time="0.690">
    <testcase name="Response header Content-Type is JSON" time="0.690" classname="BookingsBookingsNegativeTestsGetLookupBookingLookUpABookingUsingAReferenceCodeIncorrectCode"/>
    <testcase name="Response body should not be null or empty" time="0.690" classname="BookingsBookingsNegativeTestsGetLookupBookingLookUpABookingUsingAReferenceCodeIncorrectCode"/>
    <testcase name="Response time is within 2000ms" time="0.690" classname="BookingsBookingsNegativeTestsGetLookupBookingLookUpABookingUsingAReferenceCodeIncorrectCode"/>
    <testcase name="Response status code should be 404" time="0.690" classname="BookingsBookingsNegativeTestsGetLookupBookingLookUpABookingUsingAReferenceCodeIncorrectCode"/>
    <testcase name="success should be false" time="0.690" classname="BookingsBookingsNegativeTestsGetLookupBookingLookUpABookingUsingAReferenceCodeIncorrectCode"/>
    <testcase name="error should be 'Route GET /api%7B/bookings/ref?ref%20=ref-123456 not found'" time="0.690" classname="BookingsBookingsNegativeTestsGetLookupBookingLookUpABookingUsingAReferenceCodeIncorrectCode"/>
  </testsuite>
  <testsuite name="Bookings / Bookings - Negative Tests / GET - Get a booking / Get a single booking by ID - Missing parameter" id="3acebf52-4b96-4ab1-a861-15e16f26e84a" timestamp="2026-09-01T08:03:36.694Z" tests="6" failures="0" errors="0" time="0.211">
    <testcase name="Response header Content-Type is JSON" time="0.211" classname="BookingsBookingsNegativeTestsGetGetABookingGetASingleBookingByIdMissingParameter"/>
    <testcase name="Response body should not be null or empty" time="0.211" classname="BookingsBookingsNegativeTestsGetGetABookingGetASingleBookingByIdMissingParameter"/>
    <testcase name="Response time is within 2000ms" time="0.211" classname="BookingsBookingsNegativeTestsGetGetABookingGetASingleBookingByIdMissingParameter"/>
    <testcase name="Response status code should be 404" time="0.211" classname="BookingsBookingsNegativeTestsGetGetABookingGetASingleBookingByIdMissingParameter"/>
    <testcase name="success should be false" time="0.211" classname="BookingsBookingsNegativeTestsGetGetABookingGetASingleBookingByIdMissingParameter"/>
    <testcase name="error should be 'Route GET /api%7B/bookings not found'" time="0.211" classname="BookingsBookingsNegativeTestsGetGetABookingGetASingleBookingByIdMissingParameter"/>
  </testsuite>
  <testsuite name="Bookings / Bookings - Negative Tests / POST - Create booking / Create a booking - Empty request body" id="754b4eab-8679-42ca-990a-4dd44970b512" timestamp="2026-09-01T08:03:36.694Z" tests="19" failures="0" errors="0" time="0.212">
    <testcase name="Response header Content-Type is JSON" time="0.212" classname="BookingsBookingsNegativeTestsPostCreateBookingCreateABookingEmptyRequestBody"/>
    <testcase name="Response body should not be null or empty" time="0.212" classname="BookingsBookingsNegativeTestsPostCreateBookingCreateABookingEmptyRequestBody"/>
    <testcase name="Response time is within 2000ms" time="0.212" classname="BookingsBookingsNegativeTestsPostCreateBookingCreateABookingEmptyRequestBody"/>
    <testcase name="Response status code should be 400" time="0.212" classname="BookingsBookingsNegativeTestsPostCreateBookingCreateABookingEmptyRequestBody"/>
    <testcase name="success should be false" time="0.212" classname="BookingsBookingsNegativeTestsPostCreateBookingCreateABookingEmptyRequestBody"/>
    <testcase name="error should be 'Validation failed'" time="0.212" classname="BookingsBookingsNegativeTestsPostCreateBookingCreateABookingEmptyRequestBody"/>
    <testcase name="details array should exist and be an array" time="0.212" classname="BookingsBookingsNegativeTestsPostCreateBookingCreateABookingEmptyRequestBody"/>
    <testcase name="each item in details should have 'field' and 'message' properties" time="0.212" classname="BookingsBookingsNegativeTestsPostCreateBookingCreateABookingEmptyRequestBody"/>
    <testcase name="Validation failed for 'eventId' required field" time="0.212" classname="BookingsBookingsNegativeTestsPostCreateBookingCreateABookingEmptyRequestBody"/>
    <testcase name="Validation failed for 'customerName' required field" time="0.212" classname="BookingsBookingsNegativeTestsPostCreateBookingCreateABookingEmptyRequestBody"/>
    <testcase name="Validation failed for 'customerEmail' required field" time="0.212" classname="BookingsBookingsNegativeTestsPostCreateBookingCreateABookingEmptyRequestBody"/>
    <testcase name="Validation failed for 'customerPhone' required field" time="0.212" classname="BookingsBookingsNegativeTestsPostCreateBookingCreateABookingEmptyRequestBody"/>
    <testcase name="Validation failed for 'quantity' required field" time="0.212" classname="BookingsBookingsNegativeTestsPostCreateBookingCreateABookingEmptyRequestBody"/>
  </testsuite>
  <testsuite name="Bookings / Bookings - Negative Tests / POST - Create booking / Create a booking - Empty field values" id="c4d268fa-6870-433b-821f-133c1378a72c" timestamp="2026-09-01T08:03:36.694Z" tests="6" failures="0" errors="0" time="0.719">
    <testcase name="Response header Content-Type is JSON" time="0.719" classname="BookingsBookingsNegativeTestsPostCreateBookingCreateABookingEmptyFieldValues"/>
    <testcase name="Response body should not be null or empty" time="0.719" classname="BookingsBookingsNegativeTestsPostCreateBookingCreateABookingEmptyFieldValues"/>
    <testcase name="Response time is within 2000ms" time="0.719" classname="BookingsBookingsNegativeTestsPostCreateBookingCreateABookingEmptyFieldValues"/>
    <testcase name="Response status code should be 500" time="0.719" classname="BookingsBookingsNegativeTestsPostCreateBookingCreateABookingEmptyFieldValues"/>
    <testcase name="success should be false" time="0.719" classname="BookingsBookingsNegativeTestsPostCreateBookingCreateABookingEmptyFieldValues"/>
    <testcase name="error should be 'Internal server error'" time="0.719" classname="BookingsBookingsNegativeTestsPostCreateBookingCreateABookingEmptyFieldValues"/>
  </testsuite>
  <testsuite name="Bookings / Bookings - Negative Tests / POST - Create booking / Create a booking - Null integer values" id="6c7ed29e-dee2-42d3-bb6f-21bc6c919a4a" timestamp="2026-09-01T08:03:36.694Z" tests="12" failures="0" errors="0" time="0.735">
    <testcase name="Response header Content-Type is JSON" time="0.735" classname="BookingsBookingsNegativeTestsPostCreateBookingCreateABookingNullIntegerValues"/>
    <testcase name="Response body should not be null or empty" time="0.735" classname="BookingsBookingsNegativeTestsPostCreateBookingCreateABookingNullIntegerValues"/>
    <testcase name="Response time is within 2000ms" time="0.735" classname="BookingsBookingsNegativeTestsPostCreateBookingCreateABookingNullIntegerValues"/>
    <testcase name="Response status code should be 400" time="0.735" classname="BookingsBookingsNegativeTestsPostCreateBookingCreateABookingNullIntegerValues"/>
    <testcase name="success should be false" time="0.735" classname="BookingsBookingsNegativeTestsPostCreateBookingCreateABookingNullIntegerValues"/>
    <testcase name="error should be 'Validation failed'" time="0.735" classname="BookingsBookingsNegativeTestsPostCreateBookingCreateABookingNullIntegerValues"/>
    <testcase name="details array should exist and be an array" time="0.735" classname="BookingsBookingsNegativeTestsPostCreateBookingCreateABookingNullIntegerValues"/>
    <testcase name="each item in details should have 'field' and 'message' properties" time="0.735" classname="BookingsBookingsNegativeTestsPostCreateBookingCreateABookingNullIntegerValues"/>
    <testcase name="Validation failed for 'eventId' required field" time="0.735" classname="BookingsBookingsNegativeTestsPostCreateBookingCreateABookingNullIntegerValues"/>
    <testcase name="Validation failed for 'quantity' required field" time="0.735" classname="BookingsBookingsNegativeTestsPostCreateBookingCreateABookingNullIntegerValues"/>
  </testsuite>
  <testsuite name="Bookings / Bookings - Negative Tests / POST - Create booking / Create a booking - Event ID = 0" id="1def20c6-fbe5-4cb1-87f7-9567f4c0a750" timestamp="2026-09-01T08:03:36.694Z" tests="8" failures="0" errors="0" time="0.614">
    <testcase name="Response header Content-Type is JSON" time="0.614" classname="BookingsBookingsNegativeTestsPostCreateBookingCreateABookingEventId0"/>
    <testcase name="Response body should not be null or empty" time="0.614" classname="BookingsBookingsNegativeTestsPostCreateBookingCreateABookingEventId0"/>
    <testcase name="Response time is within 2000ms" time="0.614" classname="BookingsBookingsNegativeTestsPostCreateBookingCreateABookingEventId0"/>
    <testcase name="Response status code should be 400" time="0.614" classname="BookingsBookingsNegativeTestsPostCreateBookingCreateABookingEventId0"/>
    <testcase name="success should be false" time="0.614" classname="BookingsBookingsNegativeTestsPostCreateBookingCreateABookingEventId0"/>
    <testcase name="error should be 'Validation failed'" time="0.614" classname="BookingsBookingsNegativeTestsPostCreateBookingCreateABookingEventId0"/>
    <testcase name="details array should exist and be an array" time="0.614" classname="BookingsBookingsNegativeTestsPostCreateBookingCreateABookingEventId0"/>
    <testcase name="Validation failed for 'eventId' required field" time="0.614" classname="BookingsBookingsNegativeTestsPostCreateBookingCreateABookingEventId0"/>
  </testsuite>
  <testsuite name="Bookings / Bookings - Negative Tests / DELETE - Cancel booking / Cancel a booking - Missing parameter" id="77092373-ec81-4cfe-b814-1cdd199317d4" timestamp="2026-09-01T08:03:36.694Z" tests="6" failures="0" errors="0" time="0.791">
    <testcase name="Response header Content-Type is JSON" time="0.791" classname="BookingsBookingsNegativeTestsDeleteCancelBookingCancelABookingMissingParameter"/>
    <testcase name="Response body should not be null or empty" time="0.791" classname="BookingsBookingsNegativeTestsDeleteCancelBookingCancelABookingMissingParameter"/>
    <testcase name="Response time is within 2000ms" time="0.791" classname="BookingsBookingsNegativeTestsDeleteCancelBookingCancelABookingMissingParameter"/>
    <testcase name="Response status code should be 404" time="0.791" classname="BookingsBookingsNegativeTestsDeleteCancelBookingCancelABookingMissingParameter"/>
    <testcase name="success should be false" time="0.791" classname="BookingsBookingsNegativeTestsDeleteCancelBookingCancelABookingMissingParameter"/>
    <testcase name="error should be 'Route DELETE /api%7B/bookings not found'" time="0.791" classname="BookingsBookingsNegativeTestsDeleteCancelBookingCancelABookingMissingParameter"/>
  </testsuite>
</testsuites>