<?xml version="1.0" encoding="UTF-8"?>
<testsuites name="EventHubAPI - Data-Driven" tests="40" time="9.211">
  <testsuite name="Admin Login / Login with existing credentials" id="ab2c613d-dfa2-4302-a5c9-9d7736cda4a1" timestamp="2026-09-01T08:04:26.979Z" tests="5" failures="0" errors="0" time="0.375">
    <testcase name="Response status code should be 200" time="0.292" classname="AdminLoginLoginWithExistingCredentials"/>
    <testcase name="success should be true" time="0.292" classname="AdminLoginLoginWithExistingCredentials"/>
    <testcase name="Response has token property and not empty" time="0.292" classname="AdminLoginLoginWithExistingCredentials"/>
    <testcase name="Extract token and set environment variable" time="0.292" classname="AdminLoginLoginWithExistingCredentials"/>
    <testcase name="Response contains login user id and email" time="0.292" classname="AdminLoginLoginWithExistingCredentials"/>
  </testsuite>
  <testsuite name="Admin Login / Get the currently auhenticated user" id="3c891c7a-e492-4b9d-9e40-bf1c589d4ce7" timestamp="2026-09-01T08:04:26.979Z" tests="3" failures="0" errors="0" time="0.204">
    <testcase name="Response status code should be 200" time="0.204" classname="AdminLoginGetTheCurrentlyAuhenticatedUser"/>
    <testcase name="success should be true" time="0.204" classname="AdminLoginGetTheCurrentlyAuhenticatedUser"/>
    <testcase name="Response contains login user" time="0.204" classname="AdminLoginGetTheCurrentlyAuhenticatedUser"/>
  </testsuite>
  <testsuite name="Events / Events - CRUD / Create a new event" id="6da2e66a-1a65-4d35-b5c9-fcde67252794" timestamp="2026-09-01T08:04:26.979Z" tests="10" failures="0" errors="0" time="0.216">
    <testcase name="Pre-request: Validate eventData.csv data" time="0.214" classname="EventsEventsCrudCreateANewEvent"/>
    <testcase name="Pre-request: Generate event title and set as collection variable" time="0.214" classname="EventsEventsCrudCreateANewEvent"/>
    <testcase name="Pre-request: Generated event date: 2026-12-01T08:04:27.969Z" time="0.214" classname="EventsEventsCrudCreateANewEvent"/>
    <testcase name="Pre-request: Generate future event date and set as collection variable" time="0.214" classname="EventsEventsCrudCreateANewEvent"/>
    <testcase name="Response status code should be 201" time="0.214" classname="EventsEventsCrudCreateANewEvent"/>
    <testcase name="success should be true" time="0.214" classname="EventsEventsCrudCreateANewEvent"/>
    <testcase name="The 'id' property exists and value is '109468'" time="0.214" classname="EventsEventsCrudCreateANewEvent"/>
    <testcase name="Set Event ID as 'eventID' variable" time="0.214" classname="EventsEventsCrudCreateANewEvent"/>
    <testcase name="Validate event data properties" time="0.214" classname="EventsEventsCrudCreateANewEvent"/>
    <testcase name="message should be 'Event created successfully'" time="0.214" classname="EventsEventsCrudCreateANewEvent"/>
    <testcase name="Pre-request: Generated event date: 2026-12-01T08:04:29.906Z" time="0.214" classname="EventsEventsCrudCreateANewEvent"/>
    <testcase name="The 'id' property exists and value is '109469'" time="0.214" classname="EventsEventsCrudCreateANewEvent"/>
    <testcase name="Pre-request: Generated event date: 2026-12-01T08:04:31.831Z" time="0.214" classname="EventsEventsCrudCreateANewEvent"/>
    <testcase name="The 'id' property exists and value is '109470'" time="0.214" classname="EventsEventsCrudCreateANewEvent"/>
    <testcase name="Pre-request: Generated event date: 2026-12-01T08:04:33.716Z" time="0.214" classname="EventsEventsCrudCreateANewEvent"/>
    <testcase name="The 'id' property exists and value is '109471'" time="0.214" classname="EventsEventsCrudCreateANewEvent"/>
    <testcase name="Pre-request: Generated event date: 2026-12-01T08:04:35.623Z" time="0.214" classname="EventsEventsCrudCreateANewEvent"/>
    <testcase name="The 'id' property exists and value is '109472'" time="0.214" classname="EventsEventsCrudCreateANewEvent"/>
  </testsuite>
  <testsuite name="Events / Events - CRUD / Get a single event by ID" id="968e15f6-97aa-49c6-930c-fb6786fd5d4f" timestamp="2026-09-01T08:04:26.979Z" tests="2" failures="0" errors="0" time="0.206">
    <testcase name="Response status code should be 200" time="0.206" classname="EventsEventsCrudGetASingleEventById"/>
    <testcase name="Validate event data properties" time="0.206" classname="EventsEventsCrudGetASingleEventById"/>
  </testsuite>
  <testsuite name="Events / Events - CRUD / Update an event" id="69764cd8-9721-4f43-b0ae-0905839c04e7" timestamp="2026-09-01T08:04:26.979Z" tests="7" failures="5" errors="0" time="0.215">
    <testcase name="Pre-request: Validate eventData.csv data" time="0.214" classname="EventsEventsCrudUpdateAnEvent"/>
    <testcase name="Pre-request: Updated event title: Event_Conference_Updated_API_20260901-080427969" time="0.214" classname="EventsEventsCrudUpdateAnEvent"/>
    <testcase name="Pre-request: Update event title and set as collection variable" time="0.214" classname="EventsEventsCrudUpdateAnEvent"/>
    <testcase name="Response status code should be 200" time="0.214" classname="EventsEventsCrudUpdateAnEvent"/>
    <testcase name="success should be true" time="0.214" classname="EventsEventsCrudUpdateAnEvent"/>
    <testcase name="(BUG-001) Validate event data properties" time="0.214" classname="EventsEventsCrudUpdateAnEvent">
      <failure type="AssertionFailure" message="expected 1600 to equal 2000">
        <![CDATA[Failed 5 times.]]>
        <![CDATA[Collection JSON ID: 54a504f9-c46a-4728-9e63-1aa434ce2d28.]]>
        <![CDATA[Collection name: EventHubAPI - Data-Driven.]]>
        <![CDATA[Request name: Events / Events - CRUD / Update an event.]]>
        <![CDATA[Test description: (BUG-001) Validate event data properties.]]>
        <![CDATA[Error message: expected 1600 to equal 2000.]]>
        <![CDATA[Stacktrace: AssertionError: expected 1600 to equal 2000
   at Object.eval sandbox-script.js:3:5).]]>
      </failure>
    </testcase>
    <testcase name="message should be 'Event updated successfully'" time="0.214" classname="EventsEventsCrudUpdateAnEvent"/>
    <testcase name="Pre-request: Updated event title: Event_Concert_Updated_API_20260901-080429906" time="0.214" classname="EventsEventsCrudUpdateAnEvent"/>
    <testcase name="Pre-request: Updated event title: Event_Sports_Updated_API_20260901-080431830" time="0.214" classname="EventsEventsCrudUpdateAnEvent"/>
    <testcase name="Pre-request: Updated event title: Event_Workshop_Updated_API_20260901-080433716" time="0.214" classname="EventsEventsCrudUpdateAnEvent"/>
    <testcase name="Pre-request: Updated event title: Event_Festival_Updated_API_20260901-080435622" time="0.214" classname="EventsEventsCrudUpdateAnEvent"/>
  </testsuite>
  <testsuite name="Events / Events - CRUD / Get a single event by ID" id="67f269ac-eafd-4bbb-b815-c87dbd4d4733" timestamp="2026-09-01T08:04:26.979Z" tests="3" failures="5" errors="0" time="0.206">
    <testcase name="Response status code should be 200" time="0.206" classname="EventsEventsCrudGetASingleEventById"/>
    <testcase name="success should be true" time="0.206" classname="EventsEventsCrudGetASingleEventById"/>
    <testcase name="(BUG-001) Validate event data properties" time="0.206" classname="EventsEventsCrudGetASingleEventById">
      <failure type="AssertionFailure" message="expected 1600 to equal 2000">
        <![CDATA[Failed 5 times.]]>
        <![CDATA[Collection JSON ID: 54a504f9-c46a-4728-9e63-1aa434ce2d28.]]>
        <![CDATA[Collection name: EventHubAPI - Data-Driven.]]>
        <![CDATA[Request name: Events / Events - CRUD / Get a single event by ID.]]>
        <![CDATA[Test description: (BUG-001) Validate event data properties.]]>
        <![CDATA[Error message: expected 1600 to equal 2000.]]>
        <![CDATA[Stacktrace: AssertionError: expected 1600 to equal 2000
   at Object.eval sandbox-script.js:3:6).]]>
      </failure>
    </testcase>
  </testsuite>
  <testsuite name="Events / Events - CRUD / Delete an event" id="1984905d-2510-4558-8e4d-bd22b080feed" timestamp="2026-09-01T08:04:26.979Z" tests="3" failures="0" errors="0" time="0.214">
    <testcase name="Response status code should be 200" time="0.213" classname="EventsEventsCrudDeleteAnEvent"/>
    <testcase name="success should be true" time="0.213" classname="EventsEventsCrudDeleteAnEvent"/>
    <testcase name="message should be 'Event deleted successfully'" time="0.213" classname="EventsEventsCrudDeleteAnEvent"/>
  </testsuite>
  <testsuite name="Events / Events - CRUD / Verify event is deleted" id="e8105549-c73c-44f4-b0e7-0919b428fee5" timestamp="2026-09-01T08:04:26.979Z" tests="3" failures="0" errors="0" time="0.205">
    <testcase name="Response status code should be 404" time="0.205" classname="EventsEventsCrudVerifyEventIsDeleted"/>
    <testcase name="success should be false" time="0.205" classname="EventsEventsCrudVerifyEventIsDeleted"/>
    <testcase name="error should be Event with id '109468' not found" time="0.205" classname="EventsEventsCrudVerifyEventIsDeleted"/>
    <testcase name="error should be Event with id '109469' not found" time="0.205" classname="EventsEventsCrudVerifyEventIsDeleted"/>
    <testcase name="error should be Event with id '109470' not found" time="0.205" classname="EventsEventsCrudVerifyEventIsDeleted"/>
    <testcase name="error should be Event with id '109471' not found" time="0.205" classname="EventsEventsCrudVerifyEventIsDeleted"/>
    <testcase name="error should be Event with id '109472' not found" time="0.205" classname="EventsEventsCrudVerifyEventIsDeleted"/>
  </testsuite>
</testsuites>